
Books added      :  2837
Books skipped    :  0
Books in archives:  2837
Archives scanned :  1
Archives skipped :  0
Time estimated: 0  hours,  18  minutes,  57  seconds.
         186949174 function calls (181072927 primitive calls) in 1137.778 seconds

   Ordered by: internal time

   ncalls  tottime  percall  cumtime  percall filename:lineno(function)
 27135028  201.062    0.000  342.926    0.000 sopdsparse.py:161(char_data)
   646705  191.051    0.000  191.051    0.000 {method 'recv' of '_socket.socket' objects}
     2837  178.403    0.063  860.149    0.303 {method 'Parse' of 'pyexpat.xmlparser' objects}
 27135028   88.874    0.000  431.800    0.000 pyexpat.c:372(CharacterData)
 27135031   81.062    0.000   81.062    0.000 {built-in method repr}
 27135028   54.348    0.000   59.012    0.000 sopdsparse.py:80(add_data)
  6572369   47.416    0.000   99.090    0.000 sopdsparse.py:135(end_element)
  6572404   43.827    0.000  102.570    0.000 sopdsparse.py:113(start_element)
  7145943   32.406    0.000   32.406    0.000 sopdsparse.py:19(tagopen)
6572397/697128   25.458    0.000   13.561    0.000 pyexpat.c:497(StartElement)
  6572369   24.708    0.000   43.141    0.000 sopdsparse.py:71(tagclose)
  6572369   22.767    0.000  121.857    0.000 pyexpat.c:549(EndElement)
     2837   21.397    0.008   21.397    0.008 {method 'decompress' of 'zlib.Decompress' objects}
  6572397   19.827    0.000   50.407    0.000 sopdsparse.py:61(tagopen)
  7128725   19.581    0.000   19.581    0.000 sopdsparse.py:30(tagclose)
 13266547   13.838    0.000   13.838    0.000 {method 'lower' of 'str' objects}
     8570   10.607    0.001   10.607    0.001 {method 'read' of '_io.BufferedReader' objects}
   129341    5.943    0.000  198.043    0.002 network.py:167(recv_plain)
  1991685    4.740    0.000    4.740    0.000 {method 'strip' of 'str' objects}
   322350    2.845    0.000    4.746    0.000 utils.py:31(intread)
    69304    2.668    0.000    2.668    0.000 {method 'sendall' of '_socket.socket' objects}
     5674    2.623    0.000    2.623    0.000 {built-in method crc32}
   919809    2.268    0.000    2.269    0.000 {built-in method isinstance}
    29237    2.101    0.000    6.781    0.000 cursor.py:263(_process_params)
  1172445    1.768    0.000    1.790    0.000 sopdsparse.py:35(setvalue)
   318395    1.655    0.000    6.330    0.000 utils.py:241(read_int)
    50888    1.382    0.000    5.617    0.000 protocol.py:131(parse_ok)
1465699/1465628    1.343    0.000    1.344    0.000 {built-in method len}
     2121    1.339    0.001    1.339    0.001 {built-in method a2b_base64}
    29238    1.326    0.000   45.703    0.002 cursor.py:363(execute)
    29237    1.172    0.000    1.551    0.000 {method 'sub' of '_sre.SRE_Pattern' objects}
   120190    1.168    0.000    1.334    0.000 utils.py:254(read_lc_int)
    69302    1.144    0.000  200.683    0.003 connection.py:381(_send_cmd)
    18414    1.045    0.000    3.389    0.000 protocol.py:155(parse_column)
    69304    0.960    0.000    1.514    0.000 network.py:40(_prepare_packets)
    40064    0.924    0.000   11.530    0.000 connection.py:492(_handle_result)
    86846    0.909    0.000    2.050    0.000 conversion.py:126(to_mysql)
   369649    0.886    0.000    0.886    0.000 {built-in method unpack}
2841/2837    0.862    0.000 1136.276    0.401 sopds-scan.py:91(processfile)
    86846    0.835    0.000    1.511    0.000 conversion.py:82(escape)
    69304    0.794    0.000    4.976    0.000 network.py:93(send_plain)
    86846    0.683    0.000    1.119    0.000 conversion.py:110(quote)
     4960    0.611    0.000    0.611    0.000 {built-in method open}
   207916    0.592    0.000    0.592    0.000 {built-in method pack}
   113321    0.560    0.000    0.560    0.000 utils.py:137(read_lc_string)
     2837    0.480    0.000  895.511    0.316 sopdsparse.py:174(parse)
    29238    0.475    0.000   11.967    0.000 connection.py:1147(cursor)
   129045    0.463    0.000    0.463    0.000 {method 'encode' of 'str' objects}
    50888    0.439    0.000    6.458    0.000 connection.py:442(_handle_ok)
    40064    0.436    0.000  206.035    0.005 connection.py:576(cmd_query)
    87716    0.435    0.000    0.664    0.000 connection.py:432(_toggle_have_next_result)
    58475    0.421    0.000    0.509    0.000 cursor.py:194(_reset_result)
    92325    0.394    0.000    0.394    0.000 {method 'format' of 'str' objects}
    36828    0.390    0.000    1.932    0.000 protocol.py:183(parse_eof)
    86846    0.379    0.000    0.379    0.000 cursor.py:45(__call__)
   334164    0.371    0.000    0.371    0.000 {method 'replace' of 'bytes' objects}
     2121    0.369    0.000    0.369    0.000 {method 'close' of '_io.BufferedWriter' objects}
   102894    0.357    0.000    0.454    0.000 connection.py:1010(_set_unread_result)
    29238    0.340    0.000    4.841    0.000 cursor.py:323(_handle_result)
    18414    0.308    0.000    3.138    0.000 protocol.py:215(read_text_result)
    29238    0.290    0.000    0.636    0.000 cursor.py:167(__init__)
    69303    0.289    0.000    0.751    0.000 protocol.py:95(make_command)
     2121    0.279    0.000    0.279    0.000 {method 'write' of '_io.BufferedWriter' objects}
    69305    0.261    0.000    0.462    0.000 utils.py:48(int1store)
    18414    0.253    0.000    3.625    0.000 connection.py:530(get_rows)
    92162    0.250    0.000    0.250    0.000 {built-in method getattr}
    18414    0.246    0.000    4.242    0.000 cursor.py:750(_handle_resultset)
    87716    0.229    0.000    0.229    0.000 constants.py:32(flag_is_set)
     2837    0.222    0.000   34.846    0.012 zipf.py:811(_read1)
    29238    0.207    0.000    0.843    0.000 cursor.py:745(__init__)
   146192    0.200    0.000    0.200    0.000 connection.py:1022(_get_unread_result)
    29238    0.199    0.000   10.536    0.000 connection.py:735(cmd_ping)
    55694    0.192    0.000    0.339    0.000 conversion.py:139(_str_to_mysql)
    29237    0.189    0.000    0.652    0.000 cursor.py:228(close)
    18414    0.176    0.000    0.284    0.000 cursor.py:625(_handle_eof)
     4795    0.175    0.000    0.183    0.000 utils.py:189(read_lc_string_list)
    29238    0.171    0.000    0.240    0.000 cursor.py:187(_set_connection)
    26927    0.169    0.000    0.228    0.000 {method 'decode' of 'bytes' objects}
     5678    0.159    0.000    0.269    0.000 posixpath.py:340(normpath)
   128029    0.159    0.000    0.159    0.000 {method 'append' of 'list' objects}
     2837    0.156    0.000    0.779    0.000 zipf.py:1110(open)
    18414    0.155    0.000    1.249    0.000 connection.py:459(_handle_eof)
    29238    0.154    0.000    0.256    0.000 connection.py:931(charset)
     2837    0.143    0.000   78.439    0.028 sopds-scan.py:62(create_cover)
    18414    0.139    0.000    0.139    0.000 cursor.py:763(_fetch_row)
        1    0.136    0.136    0.282    0.282 zipf.py:960(_RealGetContents)
    29237    0.133    0.000    0.175    0.000 cursor.py:205(_have_unread_result)
    18414    0.133    0.000    0.333    0.000 protocol.py:151(parse_column_count)
     2837    0.129    0.000   58.772    0.021 sopdsdb.py:130(addbook)
     5674    0.127    0.000   10.923    0.002 sopdsdb.py:94(findbook)
     5674    0.125    0.000    0.259    0.000 sopdsparse.py:101(reset)
     2838    0.125    0.000    0.125    0.000 {method 'close' of '_io.BufferedReader' objects}
    29237    0.120    0.000    0.120    0.000 cursor.py:41(__init__)
    22060    0.116    0.000    0.172    0.000 sopdsparse.py:42(getattr)
    29238    0.112    0.000   10.649    0.000 connection.py:765(is_connected)
     2838    0.110    0.000    0.636    0.000 posixpath.py:452(relpath)
    29237    0.108    0.000    0.134    0.000 cursor.py:54(remaining)
    29238    0.106    0.000    0.106    0.000 cursor.py:67(__init__)
    29240    0.102    0.000    0.102    0.000 constants.py:675(get_info)
    31152    0.102    0.000    0.102    0.000 conversion.py:130(_int_to_mysql)
    39718    0.094    0.000    0.094    0.000 sopdsparse.py:14(reset)
     2837    0.094    0.000    0.146    0.000 zipf.py:639(__init__)
     3532    0.094    0.000   55.488    0.016 sopdsdb.py:215(addbauthor)
    18414    0.092    0.000    0.527    0.000 cursor.py:661(fetchone)
    10824    0.090    0.000    0.108    0.000 cursor.py:306(_handle_noresultset)
     3532    0.090    0.000   11.208    0.003 sopdsdb.py:179(findauthor)
    58475    0.087    0.000    0.087    0.000 cursor.py:760(reset)
     4795    0.085    0.000    0.295    0.000 cursor.py:290(_row_to_python)
     2838    0.075    0.000    5.320    0.002 sopdsdb.py:224(findcat)
     3532    0.071    0.000    6.418    0.002 sopdsdb.py:192(findbauthor)
      2/1    0.071    0.036  815.901  815.901 sopds-scan.py:154(processzip)
     4795    0.069    0.000    0.202    0.000 conversion.py:242(to_python)
    29276    0.069    0.000    0.069    0.000 {built-in method proxy}
     3532    0.068    0.000   34.775    0.010 sopdsdb.py:202(addauthor)
     2837    0.068    0.000   75.662    0.027 sopdsdb.py:149(addcover)
     2837    0.059    0.000    0.210    0.000 zipf.py:861(close)
     6468    0.059    0.000    0.059    0.000 {built-in method charmap_decode}
     2837    0.057    0.000    6.028    0.002 sopdsdb.py:107(finddouble)
    50161    0.056    0.000    0.056    0.000 sopdsparse.py:39(getvalue)
     4795    0.055    0.000    0.062    0.000 constants.py:55(get_info)
     2837    0.054    0.000   10.536    0.004 zipf.py:847(_read2)
    11364    0.053    0.000    0.053    0.000 {method 'split' of 'str' objects}
       15    0.052    0.003    0.055    0.004 {built-in method load_dynamic}
    19544    0.052    0.000    0.052    0.000 {method 'startswith' of 'str' objects}
     5186    0.048    0.000    0.094    0.000 posixpath.py:71(join)
    29238    0.047    0.000    0.047    0.000 connection.py:1098(_get_getwarnings)
    10826    0.047    0.000  176.015    0.016 connection.py:1195(_execute_query)
     2841    0.043    0.000    0.043    0.000 {method 'seek' of '_io.BufferedReader' objects}
     5674    0.040    0.000    0.058    0.000 sopdsparse.py:56(reset)
     2838    0.040    0.000    0.059    0.000 genericpath.py:68(commonprefix)
     2837    0.039    0.000   34.885    0.012 zipf.py:738(read)
    10824    0.039    0.000  176.053    0.016 connection.py:1187(commit)
    26916    0.038    0.000    0.038    0.000 {method 'get' of 'dict' objects}
    13705    0.038    0.000    0.078    0.000 posixpath.py:38(_get_sep)
     2873    0.037    0.000    0.056    0.000 genericpath.py:85(_splitext)
     2837    0.036    0.000    0.046    0.000 zipf.py:316(__init__)
     2837    0.035    0.000    2.649    0.001 zipf.py:771(_update_crc)
     5678    0.035    0.000    0.377    0.000 posixpath.py:377(abspath)
     2837    0.032    0.000    0.032    0.000 {built-in method ParserCreate}
     8587    0.031    0.000    0.031    0.000 {method 'rfind' of 'str' objects}
       40    0.031    0.001    0.031    0.001 {built-in method loads}
       42    0.030    0.001    0.030    0.001 {method 'read' of '_io.FileIO' objects}
     5674    0.030    0.000    0.057    0.000 cp866.py:14(decode)
     4795    0.029    0.000    0.029    0.000 conversion.py:287(_LONG_to_python)
     5678    0.027    0.000    0.074    0.000 posixpath.py:61(isabs)
     2837    0.026    0.000    0.026    0.000 {function ZipExtFile.close at 0xb6ed0f5c}
     2840    0.025    0.000    0.054    0.000 posixpath.py:102(split)
     2837    0.024    0.000    0.024    0.000 {method 'flush' of 'zlib.Decompress' objects}
     2873    0.024    0.000    0.091    0.000 posixpath.py:118(splitext)
     5674    0.024    0.000    0.031    0.000 zipf.py:1069(getinfo)
2838/2837    0.024    0.000    5.366    0.002 sopdsdb.py:238(addcattree)
     8523    0.023    0.000    0.023    0.000 {built-in method max}
    11348    0.020    0.000    0.020    0.000 {method 'read' of '_io.BytesIO' objects}
     2187    0.020    0.000    0.025    0.000 sre_parse.py:185(__next)
     2837    0.020    0.000    0.020    0.000 {built-in method decompressobj}
     6591    0.019    0.000    0.019    0.000 {method 'join' of 'str' objects}
     2837    0.019    0.000    0.039    0.000 zipf.py:608(_get_decompressor)
     5938    0.018    0.000    0.018    0.000 {built-in method min}
     2121    0.017    0.000    1.446    0.001 base64.py:70(b64decode)
      2/1    0.014    0.007  937.692  937.692 sopds-scan.py:4(<module>)
     2121    0.013    0.000    0.090    0.000 base64.py:32(_bytes_from_decode_data)
     2838    0.012    0.000    0.012    0.000 posixpath.py:470(<listcomp>)
    74/22    0.012    0.000    0.050    0.002 sre_parse.py:431(_parse)
     46/1    0.012    0.000 1006.705 1006.705 {built-in method exec}
     2838    0.011    0.000    0.011    0.000 posixpath.py:471(<listcomp>)
      761    0.011    0.000    0.015    0.000 <frozen importlib._bootstrap>:74(_path_join)
       41    0.011    0.000    0.085    0.002 <frozen importlib._bootstrap>:935(get_code)
      155    0.011    0.000    0.033    0.000 <frozen importlib._bootstrap>:1352(find_loader)
      168    0.010    0.000    0.047    0.000 {built-in method __build_class__}
     2249    0.009    0.000    0.009    0.000 sopdsparse.py:75(setcovername)
     2837    0.009    0.000    0.009    0.000 zipf.py:410(_decodeExtra)
     4795    0.008    0.000    0.008    0.000 cursor.py:106(description)
     4838    0.007    0.000    0.007    0.000 {method 'items' of 'dict' objects}
        2    0.007    0.003    0.014    0.007 sre_compile.py:302(_optimize_unicode)
      789    0.007    0.000    0.039    0.000 cp1251.py:14(decode)
     4455    0.007    0.000    0.007    0.000 cursor.py:143(lastrowid)
     2013    0.007    0.000    0.029    0.000 sre_parse.py:210(get)
     2961    0.006    0.000    0.006    0.000 {built-in method chr}
     3196    0.006    0.000    0.006    0.000 {built-in method hasattr}
     2877    0.005    0.000    0.005    0.000 {method 'find' of 'str' objects}
     2402    0.005    0.000    0.005    0.000 {method 'endswith' of 'str' objects}
      512    0.005    0.000    0.005    0.000 {method 'setdefault' of 'dict' objects}
      287    0.004    0.000    0.004    0.000 {built-in method stat}
   132/20    0.004    0.000    0.017    0.001 sre_compile.py:33(_compile)
   178/74    0.003    0.000    0.004    0.000 sre_parse.py:142(getwidth)
        1    0.003    0.003    0.010    0.010 configparser.py:986(_read)
       57    0.003    0.000    0.041    0.001 <frozen importlib._bootstrap>:1473(_find_module)
      810    0.002    0.000    0.002    0.000 <frozen importlib._bootstrap>:486(_verbose_message)
      506    0.002    0.000    0.004    0.000 sre_parse.py:132(__getitem__)
      185    0.002    0.000    0.003    0.000 <frozen importlib._bootstrap>:86(_path_split)
       42    0.002    0.000    0.033    0.001 <frozen importlib._bootstrap>:1031(get_data)
       56    0.002    0.000    0.037    0.001 <frozen importlib._bootstrap>:1278(_get_loader)
        1    0.002    0.002    0.002    0.002 zipf.py:460(_GenerateCRCTable)
       41    0.002    0.000    0.002    0.000 <frozen importlib._bootstrap>:804(_bytes_from_bytecode)
       36    0.002    0.000    0.017    0.000 sre_compile.py:208(_optimize_charset)
       15    0.002    0.000    0.002    0.000 sre_compile.py:259(_mk_bitmap)
     41/9    0.001    0.000    0.308    0.034 <frozen importlib._bootstrap>:850(_load_module)
     57/9    0.001    0.000    0.313    0.035 <frozen importlib._bootstrap>:1509(_find_and_load_unlocked)
       79    0.001    0.000    0.004    0.000 codecs.py:509(readline)
       82    0.001    0.000    0.005    0.000 <frozen importlib._bootstrap>:415(cache_from_source)
       82    0.001    0.000    0.003    0.000 <frozen importlib._bootstrap>:796(is_package)
    220/9    0.001    0.000    0.309    0.034 <frozen importlib._bootstrap>:581(_check_name_wrapper)
       14    0.001    0.000    0.004    0.000 abc.py:129(__new__)
    65/20    0.001    0.000    0.050    0.003 sre_parse.py:353(_parse_sub)
       67    0.001    0.000    0.002    0.000 <frozen importlib._bootstrap>:266(_get_module_lock)
       44    0.001    0.000    0.001    0.000 {built-in method __new__ of type object at 0x49412f60}
      397    0.001    0.000    0.003    0.000 sre_parse.py:204(match)
       38    0.001    0.000    0.002    0.000 codecs.py:429(read)
     25/6    0.001    0.000    0.003    0.000 abc.py:191(__subclasscheck__)
     57/9    0.001    0.000    0.314    0.035 <frozen importlib._bootstrap>:1559(_find_and_load)
      586    0.001    0.000    0.001    0.000 {method 'rpartition' of 'str' objects}
     41/9    0.001    0.000    0.309    0.034 <frozen importlib._bootstrap>:536(module_for_loader_wrapper)
       67    0.001    0.000    0.001    0.000 <frozen importlib._bootstrap>:226(release)
       67    0.001    0.000    0.001    0.000 <frozen importlib._bootstrap>:201(acquire)
       20    0.001    0.000    0.013    0.001 sre_compile.py:365(_compile_info)
        1    0.001    0.001    0.001    0.001 zipf.py:1040(<listcomp>)
        1    0.001    0.001    0.022    0.022 {built-in method getaddrinfo}
      188    0.001    0.000    0.001    0.000 <frozen importlib._bootstrap>:1261(_path_importer_cache)
       20    0.001    0.000    0.084    0.004 re.py:268(_compile)
        1    0.001    0.001    0.049    0.049 decimal.py:113(<module>)
      199    0.001    0.000    0.001    0.000 sre_parse.py:140(append)
        9    0.001    0.000    0.001    0.000 datetime.py:301(__new__)
       54    0.001    0.000    0.001    0.000 sre_compile.py:358(_simple)
       61    0.001    0.000    0.001    0.000 __init__.py:58(__setitem__)
       81    0.001    0.000    0.002    0.000 <frozen importlib._bootstrap>:98(_path_is_mode_type)
      136    0.001    0.000    0.001    0.000 sre_parse.py:92(__init__)
      169    0.001    0.000    0.001    0.000 <frozen importlib._bootstrap>:1455(__enter__)
      200    0.001    0.000    0.001    0.000 sre_parse.py:128(__len__)
       60    0.001    0.000    0.001    0.000 _weakrefset.py:36(__init__)
       36    0.001    0.000    0.018    0.000 sre_compile.py:179(_compile_charset)
       20    0.001    0.000    0.052    0.003 sre_parse.py:738(parse)
       20    0.001    0.000    0.083    0.004 sre_compile.py:489(compile)
       57    0.000    0.000    0.001    0.000 <frozen importlib._bootstrap>:181(__init__)
      169    0.000    0.000    0.001    0.000 <frozen importlib._bootstrap>:1459(__exit__)
        3    0.000    0.000    0.000    0.000 {built-in method dir}
       34    0.000    0.000    0.001    0.000 _weakrefset.py:58(__iter__)
        1    0.000    0.000    0.001    0.001 configparser.py:1108(_join_multiline_values)
        3    0.000    0.000    0.007    0.002 __init__.py:297(namedtuple)
       28    0.000    0.000    0.002    0.000 configparser.py:755(get)
        1    0.000    0.000    0.001    0.001 dbapi.py:27(<module>)
    85/80    0.000    0.000    0.011    0.000 <frozen importlib._bootstrap>:1596(_handle_fromlist)
       81    0.000    0.000    0.000    0.000 <frozen importlib._bootstrap>:61(_r_long)
       46    0.000    0.000    0.000    0.000 sre_parse.py:297(_escape)
       14    0.000    0.000    0.001    0.000 abc.py:132(<setcomp>)
       71    0.000    0.000    0.002    0.000 <frozen importlib._bootstrap>:108(_path_isfile)
        3    0.000    0.000    0.001    0.000 decimal.py:3888(__init__)
       62    0.000    0.000    0.000    0.000 {method 'match' of '_sre.SRE_Pattern' objects}
        1    0.000    0.000    0.014    0.014 sopdscfg.py:23(__init__)
        1    0.000    0.000    0.006    0.006 datetime.py:5(<module>)
     41/9    0.000    0.000    0.309    0.034 <frozen importlib._bootstrap>:1019(load_module)
       82    0.000    0.000    0.000    0.000 {method 'rsplit' of 'str' objects}
       79    0.000    0.000    0.004    0.000 {built-in method next}
     11/8    0.000    0.000    0.071    0.009 {built-in method __import__}
       49    0.000    0.000    0.000    0.000 {method 'splitlines' of 'str' objects}
       28    0.000    0.000    0.000    0.000 configparser.py:1126(_unify_values)
        1    0.000    0.000    0.002    0.002 stringprep.py:6(<module>)
      133    0.000    0.000    0.000    0.000 {method 'extend' of 'list' objects}
        1    0.000    0.000    0.015    0.015 ssl.py:55(<module>)
       41    0.000    0.000    0.000    0.000 <frozen importlib._bootstrap>:154(new_module)
       79    0.000    0.000    0.004    0.000 codecs.py:620(__next__)
       79    0.000    0.000    0.004    0.000 codecs.py:689(__next__)
        1    0.000    0.000    0.000    0.000 decimal.py:547(Decimal)
       56    0.000    0.000    0.000    0.000 {built-in method utf_8_decode}
       15    0.000    0.000    0.056    0.004 <frozen importlib._bootstrap>:1126(load_module)
       37    0.000    0.000    0.000    0.000 sre_parse.py:74(opengroup)
       56    0.000    0.000    0.037    0.001 <frozen importlib._bootstrap>:1305(find_module)
       41    0.000    0.000    0.001    0.000 <frozen importlib._bootstrap>:1041(path_stats)
        1    0.000    0.000    0.003    0.003 socket.py:45(<module>)
        1    0.000    0.000    0.000    0.000 tarfile.py:737(TarInfo)
      236    0.000    0.000    0.000    0.000 {built-in method release_lock}
        5    0.000    0.000    0.000    0.000 {built-in method listdir}
        1    0.000    0.000    0.000    0.000 {built-in method replace}
        1    0.000    0.000    0.036    0.036 shutil.py:5(<module>)
    64/10    0.000    0.000    0.262    0.026 <frozen importlib._bootstrap>:305(_call_with_frames_removed)
        5    0.000    0.000    0.057    0.011 __init__.py:69(search_function)
       28    0.000    0.000    0.000    0.000 __init__.py:784(__getitem__)
     41/9    0.000    0.000    0.309    0.034 <frozen importlib._bootstrap>:997(load_module)
       16    0.000    0.000    0.056    0.004 <frozen importlib._bootstrap>:496(set_package_wrapper)
       20    0.000    0.000    0.031    0.002 sre_compile.py:474(_code)
        1    0.000    0.000    0.004    0.004 tarfile.py:29(<module>)
        7    0.000    0.000    0.000    0.000 __init__.py:42(normalize_encoding)
      164    0.000    0.000    0.000    0.000 <frozen importlib._bootstrap>:1026(get_filename)
       41    0.000    0.000    0.000    0.000 <frozen importlib._bootstrap>:1013(__init__)
      169    0.000    0.000    0.000    0.000 {built-in method acquire_lock}
       25    0.000    0.000    0.000    0.000 _weakrefset.py:26(__exit__)
      155    0.000    0.000    0.000    0.000 <frozen importlib._bootstrap>:38(_relax_case)
       56    0.000    0.000    0.000    0.000 <frozen importlib._bootstrap>:700(find_module)
        1    0.000    0.000    0.123    0.123 connection.py:25(<module>)
        2    0.000    0.000    0.001    0.001 gettext.py:353(find)
        1    0.000    0.000    0.057    0.057 zipf.py:5(<module>)
       57    0.000    0.000    0.000    0.000 <frozen importlib._bootstrap>:643(find_module)
        1    0.000    0.000    0.000    0.000 errorcode.py:27(<module>)
        1    0.000    0.000    0.001    0.001 threading.py:1(<module>)
       34    0.000    0.000    0.000    0.000 abc.py:478(__iter__)
       25    0.000    0.000    0.000    0.000 _weakrefset.py:20(__enter__)
       28    0.000    0.000    0.000    0.000 configparser.py:402(_interpolate_some)
      102    0.000    0.000    0.000    0.000 {built-in method setattr}
       20    0.000    0.000    0.000    0.000 sre_parse.py:180(__init__)
       31    0.000    0.000    0.000    0.000 _weakrefset.py:79(add)
        4    0.000    0.000    0.000    0.000 gettext.py:111(_expand_lang)
       56    0.000    0.000    0.000    0.000 configparser.py:868(optionxform)
    38/12    0.000    0.000    0.003    0.000 {built-in method issubclass}
       42    0.000    0.000    0.000    0.000 _weakrefset.py:68(__contains__)
      135    0.000    0.000    0.000    0.000 {built-in method get_ident}
       15    0.000    0.000    0.001    0.000 <frozen importlib._bootstrap>:1144(is_package)
        6    0.000    0.000    0.001    0.000 optparse.py:999(add_option)
        2    0.000    0.000    0.127    0.064 __init__.py:26(<module>)
      117    0.000    0.000    0.000    0.000 {built-in method allocate_lock}
        6    0.000    0.000    0.000    0.000 optparse.py:611(_set_attrs)
       30    0.000    0.000    0.000    0.000 {method 'search' of '_sre.SRE_Pattern' objects}
       38    0.000    0.000    0.000    0.000 decimal.py:3913(<genexpr>)
        1    0.000    0.000    0.000    0.000 {built-in method dumps}
       60    0.000    0.000    0.000    0.000 <frozen importlib._bootstrap>:1147(<genexpr>)
      151    0.000    0.000    0.000    0.000 {method 'add' of 'set' objects}
       28    0.000    0.000    0.000    0.000 __init__.py:774(__init__)
       78    0.000    0.000    0.000    0.000 configparser.py:1013(<dictcomp>)
       27    0.000    0.000    0.000    0.000 decimal.py:3949(__setattr__)
       82    0.000    0.000    0.000    0.000 {method 'partition' of 'str' objects}
        7    0.000    0.000    0.000    0.000 {built-in method print}
       28    0.000    0.000    0.000    0.000 configparser.py:389(before_get)
       40    0.000    0.000    0.000    0.000 {method 'group' of '_sre.SRE_Match' objects}
       20    0.000    0.000    0.000    0.000 {built-in method compile}
        6    0.000    0.000    0.001    0.000 optparse.py:562(__init__)
        5    0.000    0.000    0.002    0.000 __init__.py:41(__init__)
        1    0.000    0.000    0.001    0.001 cp866.py:3(<module>)
       10    0.000    0.000    0.000    0.000 <frozen importlib._bootstrap>:285(_lock_unlock_module)
        1    0.000    0.000    0.029    0.029 configparser.py:119(<module>)
       54    0.000    0.000    0.000    0.000 sre_parse.py:136(__setitem__)
       15    0.000    0.000    0.000    0.000 decimal.py:3924(_set_integer_check)
        6    0.000    0.000    0.000    0.000 decimal.py:556(__new__)
       56    0.000    0.000    0.000    0.000 {built-in method is_frozen}
        1    0.000    0.000    0.000    0.000 {method 'connect' of '_socket.socket' objects}
       15    0.000    0.000    0.000    0.000 {built-in method any}
       38    0.000    0.000    0.000    0.000 {built-in method is_builtin}
       37    0.000    0.000    0.000    0.000 sre_parse.py:85(closegroup)
       16    0.000    0.000    0.056    0.003 <frozen importlib._bootstrap>:509(set_loader_wrapper)
        1    0.000    0.000    0.000    0.000 os.py:44(<listcomp>)
      127    0.000    0.000    0.000    0.000 {built-in method ord}
       40    0.000    0.000    0.000    0.000 sre_compile.py:471(isstring)
       57    0.000    0.000    0.000    0.000 <frozen importlib._bootstrap>:280(cb)
        1    0.000    0.000    0.006    0.006 errors.py:25(<module>)
        1    0.000    0.000    0.002    0.002 base64.py:3(<module>)
        1    0.000    0.000    0.010    0.010 lzma.py:9(<module>)
       41    0.000    0.000    0.000    0.000 {built-in method getlower}
        4    0.000    0.000    0.001    0.000 <frozen importlib._bootstrap>:1244(_path_hooks)
        6    0.000    0.000    0.000    0.000 optparse.py:590(_set_opt_strings)
       30    0.000    0.000    0.000    0.000 decimal.py:3920(<genexpr>)
       40    0.000    0.000    0.000    0.000 {built-in method _fix_co_filename}
        1    0.000    0.000    0.035    0.035 network.py:25(<module>)
       20    0.000    0.000    0.000    0.000 sre_parse.py:726(fix_flags)
        4    0.000    0.000    0.000    0.000 <frozen importlib._bootstrap>:1332(__init__)
        6    0.000    0.000    0.000    0.000 decimal.py:3938(_set_signal_dict)
       20    0.000    0.000    0.000    0.000 sre_parse.py:69(__init__)
        1    0.000    0.000    0.000    0.000 connection.py:74(MySQLConnection)
        1    0.000    0.000    0.020    0.020 idna.py:3(<module>)
        9    0.000    0.000    0.000    0.000 {built-in method round}
        4    0.000    0.000    0.000    0.000 locale.py:339(normalize)
        1    0.000    0.000    0.066    0.066 conversion.py:25(<module>)
        1    0.000    0.000    0.000    0.000 sopdsparse.py:87(__init__)
        9    0.000    0.000    0.000    0.000 os.py:671(__getitem__)
        4    0.000    0.000    0.000    0.000 <frozen importlib._bootstrap>:1396(_fill_cache)
        1    0.000    0.000    0.002    0.002 hashlib.py:63(<module>)
        1    0.000    0.000    0.024    0.024 configparser.py:554(RawConfigParser)
        1    0.000    0.000    0.010    0.010 cursor.py:25(<module>)
        1    0.000    0.000    0.000    0.000 connection.py:181(config)
       25    0.000    0.000    0.000    0.000 _weakrefset.py:16(__init__)
        1    0.000    0.000    0.000    0.000 cp1251.py:3(<module>)
        6    0.000    0.000    0.000    0.000 hashlib.py:104(__get_openssl_constructor)
        1    0.000    0.000    0.008    0.008 constants.py:25(<module>)
        1    0.000    0.000    0.004    0.004 protocol.py:25(<module>)
        1    0.000    0.000    0.000    0.000 <frozen importlib._bootstrap>:121(_write_atomic)
        4    0.000    0.000    0.000    0.000 {method 'setter' of 'property' objects}
        1    0.000    0.000    0.021    0.021 bz2.py:5(<module>)
        5    0.000    0.000    0.001    0.000 abc.py:557(update)
        8    0.000    0.000    0.000    0.000 genericpath.py:15(exists)
        5    0.000    0.000    0.002    0.000 abc.py:148(register)
        1    0.000    0.000    0.033    0.033 sopdscfg.py:3(<module>)
        1    0.000    0.000    0.002    0.002 configparser.py:595(__init__)
        8    0.000    0.000    0.000    0.000 abc.py:397(get)
       84    0.000    0.000    0.000    0.000 {built-in method abs}
        5    0.000    0.000    0.001    0.000 abc.py:175(__instancecheck__)
       45    0.000    0.000    0.000    0.000 {built-in method divmod}
       20    0.000    0.000    0.084    0.004 re.py:212(compile)
        1    0.000    0.000    0.000    0.000 numbers.py:32(Complex)
       25    0.000    0.000    0.000    0.000 _weakrefset.py:52(_commit_removals)
        1    0.000    0.000    0.000    0.000 decimal.py:3869(Context)
        9    0.000    0.000    0.000    0.000 os.py:745(encode)
        1    0.000    0.000    0.022    0.022 network.py:340(open_connection)
       18    0.000    0.000    0.000    0.000 {method 'replace' of 'str' objects}
       58    0.000    0.000    0.000    0.000 {method 'rstrip' of 'str' objects}
        1    0.000    0.000    0.011    0.011 expat.py:1(<module>)
       37    0.000    0.000    0.000    0.000 {method 'remove' of 'list' objects}
        1    0.000    0.000    0.131    0.131 sopdsdb.py:4(<module>)
       15    0.000    0.000    0.000    0.000 <frozen importlib._bootstrap>:1122(__init__)
       42    0.000    0.000    0.000    0.000 abc.py:8(abstractmethod)
       10    0.000    0.000    0.000    0.000 <frozen importlib._bootstrap>:114(_path_isdir)
        5    0.000    0.000    0.000    0.000 codecs.py:77(__new__)
        1    0.000    0.000    0.000    0.000 socket.py:193(_real_close)
       34    0.000    0.000    0.000    0.000 __init__.py:83(__iter__)
       12    0.000    0.000    0.000    0.000 __init__.py:359(<genexpr>)
        1    0.000    0.000    0.282    0.282 zipf.py:888(__init__)
       59    0.000    0.000    0.000    0.000 sre_compile.py:25(_identityfunction)
       12    0.000    0.000    0.000    0.000 __init__.py:357(<genexpr>)
        1    0.000    0.000    0.003    0.003 connection.py:121(_do_handshake)
        1    0.000    0.000    0.000    0.000 codecs.py:1045(<dictcomp>)
        6    0.000    0.000    0.000    0.000 configparser.py:792(_get)
        1    0.000    0.000    0.002    0.002 numbers.py:6(<module>)
        1    0.000    0.000    0.000    0.000 {method 'write' of '_io.FileIO' objects}
        1    0.000    0.000    0.000    0.000 <string>:1(<module>)
        1    0.000    0.000    0.000    0.000 {built-in method init_builtin}
        2    0.000    0.000    0.000    0.000 threading.py:127(__init__)
        1    0.000    0.000    0.027    0.027 connection.py:76(__init__)
        1    0.000    0.000    0.001    0.001 <frozen importlib._bootstrap>:1046(_cache_bytecode)
        1    0.000    0.000    0.000    0.000 optparse.py:1310(get_default_values)
        1    0.000    0.000    0.000    0.000 datetime.py:1289(datetime)
        1    0.000    0.000    0.000    0.000 zipf.py:230(_EndRecData)
        2    0.000    0.000    0.000    0.000 <frozen importlib._bootstrap>:45(_w_long)
        1    0.000    0.000    0.000    0.000 protocol.py:39(_scramble_password)
        7    0.000    0.000    0.000    0.000 sopdsparse.py:7(__init__)
       32    0.000    0.000    0.000    0.000 <frozen importlib._bootstrap>:1338(<genexpr>)
        4    0.000    0.000    0.000    0.000 <frozen importlib._bootstrap>:1437(path_hook_for_FileFinder)
        1    0.000    0.000    0.026    0.026 connection.py:317(_open_connection)
        1    0.000    0.000    0.000    0.000 cp1252.py:3(<module>)
        1    0.000    0.000    0.015    0.015 sopdsparse.py:4(<module>)
        1    0.000    0.000    0.000    0.000 protocol.py:114(parse_handshake)
       36    0.000    0.000    0.000    0.000 {method 'isidentifier' of 'str' objects}
        5    0.000    0.000    0.000    0.000 datetime.py:645(__new__)
        6    0.000    0.000    0.000    0.000 configparser.py:815(getboolean)
        1    0.000    0.000    0.000    0.000 {built-in method warn}
        1    0.000    0.000    0.000    0.000 tarfile.py:1394(TarFile)
        2    0.000    0.000    0.000    0.000 idna.py:147(encode)
        1    0.000    0.000    0.000    0.000 koi8_r.py:3(<module>)
        1    0.000    0.000    0.000    0.000 threading.py:532(__init__)
        1    0.000    0.000    0.027    0.027 connection.py:349(connect)
        1    0.000    0.000    0.000    0.000 threading.py:520(Thread)
        1    0.000    0.000    0.000    0.000 {built-in method pow}
        6    0.000    0.000    0.000    0.000 optparse.py:972(_check_conflict)
        3    0.000    0.000    0.000    0.000 datetime.py:1299(__new__)
        1    0.000    0.000    0.000    0.000 zipf.py:869(ZipFile)
       49    0.000    0.000    0.000    0.000 {method 'isalnum' of 'str' objects}
        1    0.000    0.000    0.002    0.002 optparse.py:1182(__init__)
        5    0.000    0.000    0.000    0.000 {built-in method calcsize}
        6    0.000    0.000    0.000    0.000 configparser.py:1146(_convert_to_boolean)
        2    0.000    0.000    0.000    0.000 datetime.py:1001(__new__)
        1    0.000    0.000    0.000    0.000 <string>:5(DecimalTuple)
        1    0.000    0.000    0.000    0.000 functools.py:35(update_wrapper)
        1    0.000    0.000    0.000    0.000 datetime.py:282(timedelta)
        1    0.000    0.000    0.000    0.000 connection.py:299(_get_connection)
        1    0.000    0.000    0.000    0.000 fnmatch.py:11(<module>)
        1    0.000    0.000    0.000    0.000 <string>:5(usage)
        1    0.000    0.000    0.000    0.000 datetime.py:977(time)
        1    0.000    0.000    0.000    0.000 numbers.py:299(Integral)
       60    0.000    0.000    0.000    0.000 {built-in method globals}
        1    0.000    0.000    0.000    0.000 cursor.py:155(MySQLCursor)
        1    0.000    0.000    0.000    0.000 sopdsdb.py:31(opdsDatabase)
        1    0.000    0.000    0.000    0.000 datetime.py:1807(timezone)
       25    0.000    0.000    0.000    0.000 {method '__subclasses__' of 'type' objects}
        1    0.000    0.000    0.000    0.000 numbers.py:152(Real)
        1    0.000    0.000    0.000    0.000 traceback.py:1(<module>)
       25    0.000    0.000    0.000    0.000 {method 'remove' of 'set' objects}
        1    0.000    0.000    0.000    0.000 optparse.py:205(__init__)
       30    0.000    0.000    0.000    0.000 {method 'start' of '_sre.SRE_Match' objects}
        5    0.000    0.000    0.000    0.000 datetime.py:251(_check_date_fields)
       28    0.000    0.000    0.000    0.000 configparser.py:365(before_read)
        2    0.000    0.000    0.000    0.000 os.py:337(walk)
        1    0.000    0.000    0.000    0.000 datetime.py:615(date)
        8    0.000    0.000    0.000    0.000 sre_compile.py:52(fixup)
        1    0.000    0.000    0.000    0.000 protocol.py:53(_prepare_auth)
        1    0.000    0.000    0.000    0.000 bz2.py:32(BZ2File)
        1    0.000    0.000    0.000    0.000 configparser.py:1207(SectionProxy)
        6    0.000    0.000    0.000    0.000 optparse.py:581(_check_opt_strings)
        1    0.000    0.000    0.001    0.001 <frozen importlib._bootstrap>:1057(set_data)
        3    0.000    0.000    0.000    0.000 {built-in method charmap_build}
        1    0.000    0.000    0.001    0.001 connection.py:147(_do_auth)
        1    0.000    0.000    0.000    0.000 constants.py:85(FieldType)
       12    0.000    0.000    0.000    0.000 {method '__contains__' of 'frozenset' objects}
        1    0.000    0.000    0.000    0.000 conversion.py:65(MySQLConverter)
        1    0.000    0.000    0.000    0.000 codecs.py:849(open)
        2    0.000    0.000    0.000    0.000 {method 'update' of 'dict' objects}
        2    0.000    0.000    0.001    0.001 gettext.py:459(dgettext)
        1    0.000    0.000    0.000    0.000 utils.py:25(<module>)
        1    0.000    0.000    0.002    0.002 sopdsdb.py:457(zipisscanned)
        1    0.000    0.000    0.000    0.000 _weakrefset.py:38(_remove)
        1    0.000    0.000    0.000    0.000 ssl.py:231(SSLSocket)
        1    0.000    0.000    0.000    0.000 socket.py:93(__init__)
        1    0.000    0.000    0.000    0.000 lzma.py:38(LZMAFile)
        1    0.000    0.000    0.000    0.000 protocol.py:73(make_auth)
        1    0.000    0.000    0.000    0.000 posixpath.py:148(dirname)
        1    0.000    0.000    0.000    0.000 os.py:40(_get_exports_list)
        3    0.000    0.000    0.000    0.000 koi8_r.py:14(decode)
        1    0.000    0.000    0.010    0.010 configparser.py:695(read_file)
        1    0.000    0.000    0.000    0.000 numbers.py:272(Rational)
        4    0.000    0.000    0.000    0.000 abc.py:416(items)
        1    0.000    0.000    0.000    0.000 threading.py:831(__init__)
        4    0.000    0.000    0.000    0.000 {built-in method openssl_sha1}
        1    0.000    0.000    0.003    0.003 zipf.py:625(ZipExtFile)
        6    0.000    0.000    0.000    0.000 optparse.py:630(_check_action)
        1    0.000    0.000    0.000    0.000 {built-in method sorted}
       12    0.000    0.000    0.000    0.000 abc.py:129(__subclasshook__)
        5    0.000    0.000    0.000    0.000 datetime.py:262(_check_time_fields)
        5    0.000    0.000    0.000    0.000 datetime.py:274(_check_tzinfo_arg)
        1    0.000    0.000    0.000    0.000 codecs.py:659(__init__)
        1    0.000    0.000    0.000    0.000 threading.py:308(set)
        1    0.000    0.000    0.000    0.000 connection.py:895(set_charset_collation)
        1    0.000    0.000    0.000    0.000 functools.py:222(decorating_function)
        1    0.000    0.000    0.000    0.000 connection.py:830(set_converter_class)
        1    0.000    0.000    0.000    0.000 cursor.py:58(CursorBase)
        2    0.000    0.000    0.000    0.000 connection.py:368(disconnect)
        2    0.000    0.000    0.001    0.001 gettext.py:393(translation)
        1    0.000    0.000    0.000    0.000 idna.py:300(getregentry)
        1    0.000    0.000    0.000    0.000 connection.py:649(cmd_quit)
        1    0.000    0.000    0.000    0.000 cp1252.py:33(getregentry)
        1    0.000    0.000    0.000    0.000 cp1251.py:33(getregentry)
        6    0.000    0.000    0.000    0.000 optparse.py:679(_check_dest)
        2    0.000    0.000    0.000    0.000 {method 'tolist' of 'array.array' objects}
        1    0.000    0.000    0.000    0.000 optparse.py:1359(parse_args)
       13    0.000    0.000    0.000    0.000 {method '__subclasshook__' of 'object' objects}
        1    0.000    0.000    0.000    0.000 koi8_r.py:33(getregentry)
        1    0.000    0.000    0.000    0.000 threading.py:345(Barrier)
        1    0.000    0.000    0.000    0.000 socket.py:254(SocketIO)
        6    0.000    0.000    0.000    0.000 optparse.py:585(<listcomp>)
        1    0.000    0.000    0.000    0.000 constants.py:237(ServerCmd)
        1    0.000    0.000    0.010    0.010 configparser.py:746(readfp)
        1    0.000    0.000    0.000    0.000 network.py:55(BaseMySQLSocket)
        1    0.000    0.000    0.000    0.000 cp866.py:33(getregentry)
        1    0.000    0.000    0.000    0.000 constants.py:303(ClientFlag)
        1    0.000    0.000    0.000    0.000 zipf.py:187(_EndRecData64)
        1    0.000    0.000    0.000    0.000 constants.py:178(FieldFlag)
        1    0.000    0.000    0.000    0.000 base64.py:153(<listcomp>)
        1    0.000    0.000    0.000    0.000 constants.py:450(CharacterSet)
        1    0.000    0.000    0.000    0.000 base64.py:154(<listcomp>)
        1    0.000    0.000    0.000    0.000 codecs.py:401(__init__)
        1    0.000    0.000    0.000    0.000 network.py:63(__init__)
        3    0.000    0.000    0.000    0.000 {method 'digest' of '_hashlib.HASH' objects}
        1    0.000    0.000    0.000    0.000 optparse.py:924(__init__)
        1    0.000    0.000    0.000    0.000 socket.py:87(socket)
        2    0.000    0.000    0.000    0.000 constants.py:362(get_default)
        2    0.000    0.000    0.000    0.000 cp1252.py:14(decode)
        2    0.000    0.000    0.000    0.000 zipf.py:1445(close)
        1    0.000    0.000    0.000    0.000 network.py:85(close_connection)
        1    0.000    0.000    0.000    0.000 protocol.py:46(<listcomp>)
        1    0.000    0.000    0.027    0.027 sopdsdb.py:43(openDB)
        1    0.000    0.000    0.000    0.000 configparser.py:293(ParsingError)
        1    0.000    0.000    0.000    0.000 constants.py:788(SQLMode)
        1    0.000    0.000    0.000    0.000 socket.py:197(close)
        1    0.000    0.000    0.000    0.000 utils.py:221(read_string)
        2    0.000    0.000    0.000    0.000 {built-in method time}
        5    0.000    0.000    0.000    0.000 dbapi.py:36(__init__)
        6    0.000    0.000    0.000    0.000 optparse.py:709(_check_callback)
        6    0.000    0.000    0.000    0.000 optparse.py:694(_check_const)
        1    0.000    0.000    0.000    0.000 network.py:330(__init__)
        3    0.000    0.000    0.000    0.000 configparser.py:1210(__init__)
        1    0.000    0.000    0.000    0.000 protocol.py:38(MySQLProtocol)
        6    0.000    0.000    0.000    0.000 optparse.py:636(_check_type)
        2    0.000    0.000    0.000    0.000 os.py:749(decode)
        1    0.000    0.000    0.001    0.001 connection.py:335(_post_connection)
        1    0.000    0.000    0.001    0.001 optparse.py:1244(_add_version_option)
        3    0.000    0.000    0.000    0.000 datetime.py:1831(_create)
        1    0.000    0.000    0.000    0.000 configparser.py:144(Error)
        1    0.000    0.000    0.002    0.002 zipf.py:447(_ZipDecrypter)
        6    0.000    0.000    0.000    0.000 optparse.py:700(_check_nargs)
        1    0.000    0.000    0.000    0.000 tarfile.py:345(_Stream)
        1    0.000    0.000    0.000    0.000 threading.py:236(Semaphore)
        1    0.000    0.000    0.027    0.027 __init__.py:42(Connect)
        1    0.000    0.000    0.001    0.001 configparser.py:516(LegacyInterpolation)
        1    0.000    0.000    0.000    0.000 tarfile.py:625(_FileInFile)
        1    0.000    0.000    0.001    0.001 configparser.py:443(ExtendedInterpolation)
        2    0.000    0.000    0.000    0.000 {method 'split' of 'bytes' objects}
        1    0.000    0.000    0.001    0.001 configparser.py:372(BasicInterpolation)
        4    0.000    0.000    0.000    0.000 abc.py:437(__init__)
        1    0.000    0.000    0.000    0.000 sopdsdb.py:32(__init__)
        6    0.000    0.000    0.000    0.000 optparse.py:666(_check_choice)
        1    0.000    0.000    0.000    0.000 connection.py:138(<listcomp>)
        1    0.000    0.000    0.000    0.000 threading.py:295(__init__)
        5    0.000    0.000    0.000    0.000 datetime.py:44(_days_in_month)
        1    0.000    0.000    0.001    0.001 zipf.py:1038(namelist)
        1    0.000    0.000    0.000    0.000 cursor.py:40(_ParamSubstitutor)
        1    0.000    0.000    0.000    0.000 network.py:325(MySQLTCPSocket)
        1    0.000    0.000    0.000    0.000 optparse.py:1268(set_usage)
        3    0.000    0.000    0.000    0.000 datetime.py:39(_days_before_year)
        1    0.000    0.000    0.000    0.000 cursor.py:742(MySQLCursorBuffered)
        1    0.000    0.000    0.002    0.002 optparse.py:1249(_populate_option_list)
        1    0.000    0.000    0.000    0.000 constants.py:40(_constants)
        1    0.000    0.000    0.000    0.000 genericpath.py:38(isdir)
        1    0.000    0.000    0.000    0.000 {built-in method getcwd}
        1    0.000    0.000    0.000    0.000 zipf.py:506(LZMACompressor)
        1    0.000    0.000    0.000    0.000 threading.py:125(Condition)
        1    0.000    0.000    0.000    0.000 conversion.py:37(__init__)
        1    0.000    0.000    0.000    0.000 sopdsdb.py:64(closeDB)
        1    0.000    0.000    0.000    0.000 sopdsparse.py:6(fb2tag)
        1    0.000    0.000    0.000    0.000 constants.py:369(ServerFlag)
        2    0.000    0.000    0.000    0.000 sre_parse.py:255(_class_escape)
        1    0.000    0.000    0.001    0.001 optparse.py:1239(_add_help_option)
        1    0.000    0.000    0.000    0.000 datetime.py:484(__neg__)
        1    0.000    0.000    0.000    0.000 conversion.py:35(ConverterBase)
        1    0.000    0.000    0.000    0.000 sopdsparse.py:49(fb2cover)
        1    0.000    0.000    0.000    0.000 sopdsparse.py:50(__init__)
        1    0.000    0.000    0.000    0.000 threading.py:63(_RLock)
        1    0.000    0.000    0.000    0.000 configparser.py:1175(ConfigParser)
        3    0.000    0.000    0.000    0.000 {built-in method _getframe}
        1    0.000    0.000    0.000    0.000 {method 'union' of 'set' objects}
        5    0.000    0.000    0.000    0.000 {method 'isdigit' of 'str' objects}
        1    0.000    0.000    0.000    0.000 constants.py:396(RefreshOption)
        3    0.000    0.000    0.000    0.000 {method 'extend' of 'bytearray' objects}
        1    0.000    0.000    0.000    0.000 {built-in method openssl_md5}
        2    0.000    0.000    0.000    0.000 utils.py:81(int4store)
        1    0.000    0.000    0.000    0.000 sopdsparse.py:86(fb2parser)
        1    0.000    0.000    0.000    0.000 optparse.py:829(__init__)
        1    0.000    0.000    0.000    0.000 <frozen importlib._bootstrap>:593(_requires_builtin_wrapper)
        1    0.000    0.000    0.000    0.000 optparse.py:1234(_create_option_list)
        1    0.000    0.000    0.000    0.000 cursor.py:819(MySQLCursorBufferedRaw)
        1    0.000    0.000    0.000    0.000 configparser.py:356(Interpolation)
        1    0.000    0.000    0.000    0.000 ssl.py:194(SSLContext)
        1    0.000    0.000    0.000    0.000 codecs.py:1037(make_identity_dict)
        1    0.000    0.000    0.000    0.000 cp1251.py:9(Codec)
        1    0.000    0.000    0.000    0.000 <frozen importlib._bootstrap>:654(load_module)
        1    0.000    0.000    0.000    0.000 connection.py:870(set_login)
        1    0.000    0.000    0.000    0.000 threading.py:230(notify_all)
        1    0.000    0.000    0.000    0.000 constants.py:161(get_number_types)
        2    0.000    0.000    0.001    0.001 gettext.py:497(gettext)
        1    0.000    0.000    0.000    0.000 zipf.py:291(ZipInfo)
        1    0.000    0.000    0.000    0.000 zipf.py:1554(PyZipFile)
        3    0.000    0.000    0.000    0.000 sre_parse.py:223(tell)
        1    0.000    0.000    0.000    0.000 network.py:296(MySQLUnixSocket)
        1    0.000    0.000    0.000    0.000 datetime.py:908(tzinfo)
        1    0.000    0.000    0.000    0.000 constants.py:419(ShutdownType)
        1    0.000    0.000    0.000    0.000 connection.py:1075(set_autocommit)
        1    0.000    0.000    0.000    0.000 cp1252.py:21(IncrementalDecoder)
        1    0.000    0.000    0.000    0.000 threading.py:216(notify)
        1    0.000    0.000    0.000    0.000 decimal.py:3854(_ContextManager)
        1    0.000    0.000    0.000    0.000 tarfile.py:2377(TarIter)
        2    0.000    0.000    0.000    0.000 {built-in method maketrans}
        1    0.000    0.000    0.000    0.000 threading.py:800(Timer)
        1    0.000    0.000    0.000    0.000 constants.py:72(_constantflags)
        1    0.000    0.000    0.000    0.000 optparse.py:370(__init__)
        1    0.000    0.000    0.000    0.000 cp1252.py:9(Codec)
        1    0.000    0.000    0.000    0.000 cp866.py:9(Codec)
        1    0.000    0.000    0.000    0.000 tarfile.py:595(_StreamProxy)
        1    0.000    0.000    0.000    0.000 {method 'groups' of '_sre.SRE_Match' objects}
        1    0.000    0.000    0.000    0.000 {method 'tell' of '_io.BufferedReader' objects}
        1    0.000    0.000    0.000    0.000 conversion.py:79(__init__)
        1    0.000    0.000    0.000    0.000 sopds-scan.py:189(<setcomp>)
        1    0.000    0.000    0.000    0.000 threading.py:291(Event)
        1    0.000    0.000    0.000    0.000 idna.py:146(Codec)
        1    0.000    0.000    0.000    0.000 optparse.py:951(set_conflict_handler)
        1    0.000    0.000    0.000    0.000 threading.py:861(_DummyThread)
        1    0.000    0.000    0.000    0.000 functools.py:192(lru_cache)
        1    0.000    0.000    0.000    0.000 optparse.py:1304(_get_all_options)
        2    0.000    0.000    0.000    0.000 conversion.py:43(set_charset)
        1    0.000    0.000    0.000    0.000 codecs.py:326(__init__)
        1    0.000    0.000    0.000    0.000 errors.py:154(Error)
        1    0.000    0.000    0.000    0.000 decimal.py:5832(_Log10Memoize)
        1    0.000    0.000    0.000    0.000 {built-in method lookup}
        1    0.000    0.000    0.000    0.000 stat.py:46(S_ISDIR)
        2    0.000    0.000    0.000    0.000 {method 'acquire' of '_thread.lock' objects}
        1    0.000    0.000    0.000    0.000 decimal.py:5594(_WorkRep)
        1    0.000    0.000    0.000    0.000 tarfile.py:321(_LowLevelFile)
        1    0.000    0.000    0.000    0.000 koi8_r.py:9(Codec)
        1    0.000    0.000    0.000    0.000 codecs.py:716(__getattr__)
        1    0.000    0.000    0.000    0.000 threading.py:166(_is_owned)
        1    0.000    0.000    0.000    0.000 {built-in method openssl_sha384}
        1    0.000    0.000    0.000    0.000 network.py:70(next_packet_number)
        2    0.000    0.000    0.000    0.000 {method 'copy' of 'dict' objects}
        1    0.000    0.000    0.000    0.000 dbapi.py:34(_DBAPITypeObject)
        1    0.000    0.000    0.000    0.000 decimal.py:281(DivisionUndefined)
        1    0.000    0.000    0.000    0.000 configparser.py:1194(SafeConfigParser)
        1    0.000    0.000    0.000    0.000 {built-in method openssl_sha512}
        1    0.000    0.000    0.000    0.000 decimal.py:244(ConversionSyntax)
        2    0.000    0.000    0.000    0.000 utils.py:128(read_bytes)
        1    0.000    0.000    0.000    0.000 idna.py:218(IncrementalEncoder)
        1    0.000    0.000    0.000    0.000 constants.py:146(get_string_types)
        1    0.000    0.000    0.000    0.000 cp866.py:21(IncrementalDecoder)
        1    0.000    0.000    0.000    0.000 cursor.py:798(MySQLCursorRaw)
        1    0.000    0.000    0.000    0.000 configparser.py:174(NoSectionError)
        1    0.000    0.000    0.000    0.000 {method 'index' of 'bytes' objects}
        1    0.000    0.000    0.000    0.000 sopdscfg.py:22(cfgreader)
        1    0.000    0.000    0.000    0.000 cp1251.py:17(IncrementalEncoder)
        1    0.000    0.000    0.000    0.000 decimal.py:254(DivisionByZero)
        1    0.000    0.000    0.000    0.000 {built-in method openssl_sha224}
        1    0.000    0.000    0.000    0.000 cp866.py:17(IncrementalEncoder)
        1    0.000    0.000    0.000    0.000 cp1252.py:17(IncrementalEncoder)
        1    0.000    0.000    0.000    0.000 zipf.py:1441(__del__)
        1    0.000    0.000    0.000    0.000 tarfile.py:726(ExFileObject)
        1    0.000    0.000    0.000    0.000 optparse.py:935(_create_option_mappings)
        1    0.000    0.000    0.000    0.000 connection.py:1144(close)
        1    0.000    0.000    0.000    0.000 idna.py:253(IncrementalDecoder)
        4    0.000    0.000    0.000    0.000 {method 'reverse' of 'list' objects}
        1    0.000    0.000    0.000    0.000 {built-in method openssl_sha256}
        2    0.000    0.000    0.000    0.000 {method 'tobytes' of 'array.array' objects}
        1    0.000    0.000    0.000    0.000 configparser.py:183(DuplicateSectionError)
        1    0.000    0.000    0.000    0.000 decimal.py:215(InvalidOperation)
        1    0.000    0.000    0.000    0.000 optparse.py:765(check_value)
        1    0.000    0.000    0.000    0.000 optparse.py:1259(_init_parsing_state)
        1    0.000    0.000    0.000    0.000 configparser.py:236(NoOptionError)
        1    0.000    0.000    0.000    0.000 zipf.py:529(LZMADecompressor)
        1    0.000    0.000    0.000    0.000 threading.py:279(BoundedSemaphore)
        1    0.000    0.000    0.000    0.000 configparser.py:247(InterpolationError)
        1    0.000    0.000    0.000    0.000 configparser.py:209(DuplicateOptionError)
        1    0.000    0.000    0.000    0.000 decimal.py:304(InvalidContext)
        1    0.000    0.000    0.000    0.000 koi8_r.py:21(IncrementalDecoder)
        1    0.000    0.000    0.000    0.000 koi8_r.py:17(IncrementalEncoder)
        1    0.000    0.000    0.000    0.000 {method 'settimeout' of '_socket.socket' objects}
        1    0.000    0.000    0.000    0.000 decimal.py:341(Overflow)
        1    0.000    0.000    0.000    0.000 tarfile.py:305(TruncatedHeaderError)
        1    0.000    0.000    0.000    0.000 threading.py:829(_MainThread)
        1    0.000    0.000    0.000    0.000 threading.py:620(_set_ident)
        1    0.000    0.000    0.000    0.000 configparser.py:280(InterpolationDepthError)
        1    0.000    0.000    0.000    0.000 zipf.py:39(BadZipFile)
        1    0.000    0.000    0.000    0.000 constants.py:154(get_binary_types)
        1    0.000    0.000    0.000    0.000 tarfile.py:302(EmptyHeaderError)
        1    0.000    0.000    0.000    0.000 configparser.py:257(InterpolationMissingOptionError)
        1    0.000    0.000    0.000    0.000 optparse.py:1353(_get_args)
        1    0.000    0.000    0.000    0.000 configparser.py:336(MissingSectionHeaderError)
        1    0.000    0.000    0.000    0.000 threading.py:500(BrokenBarrierError)
        1    0.000    0.000    0.000    0.000 errors.py:195(InternalError)
        1    0.000    0.000    0.000    0.000 errors.py:183(Warning)
        1    0.000    0.000    0.000    0.000 koi8_r.py:25(StreamWriter)
        1    0.000    0.000    0.000    0.000 decimal.py:292(Inexact)
        1    0.000    0.000    0.000    0.000 errors.py:191(DatabaseError)
        1    0.000    0.000    0.000    0.000 decimal.py:5836(__init__)
        1    0.000    0.000    0.000    0.000 tarfile.py:290(ReadError)
        1    0.000    0.000    0.000    0.000 errors.py:203(ProgrammingError)
        1    0.000    0.000    0.000    0.000 errors.py:187(InterfaceError)
        1    0.000    0.000    0.000    0.000 koi8_r.py:28(StreamReader)
        1    0.000    0.000    0.000    0.000 {method 'lstrip' of 'str' objects}
        1    0.000    0.000    0.000    0.000 shutil.py:49(ExecError)
        1    0.000    0.000    0.000    0.000 decimal.py:180(DecimalException)
        1    0.000    0.000    0.000    0.000 numbers.py:12(Number)
        1    0.000    0.000    0.000    0.000 conversion.py:50(set_unicode)
        1    0.000    0.000    0.000    0.000 shutil.py:45(SpecialFileError)
        1    0.000    0.000    0.000    0.000 zipf.py:43(LargeZipFile)
        1    0.000    0.000    0.000    0.000 idna.py:295(StreamReader)
        1    0.000    0.000    0.000    0.000 decimal.py:270(DivisionImpossible)
        1    0.000    0.000    0.000    0.000 shutil.py:55(RegistryError)
        1    0.000    0.000    0.000    0.000 configparser.py:272(InterpolationSyntaxError)
        1    0.000    0.000    0.000    0.000 cp1251.py:21(IncrementalDecoder)
        1    0.000    0.000    0.000    0.000 errors.py:211(DataError)
        1    0.000    0.000    0.000    0.000 constants.py:172(get_timestamp_types)
        1    0.000    0.000    0.000    0.000 cp1251.py:25(StreamWriter)
        1    0.000    0.000    0.000    0.000 __init__.py:17(<module>)
        1    0.000    0.000    0.000    0.000 tarfile.py:284(TarError)
        1    0.000    0.000    0.000    0.000 decimal.py:203(Clamped)
        1    0.000    0.000    0.000    0.000 shutil.py:52(ReadError)
        1    0.000    0.000    0.000    0.000 errors.py:199(OperationalError)
        1    0.000    0.000    0.000    0.000 tarfile.py:293(CompressionError)
        1    0.000    0.000    0.000    0.000 shutil.py:42(Error)
        1    0.000    0.000    0.000    0.000 decimal.py:318(Rounded)
        1    0.000    0.000    0.000    0.000 {built-in method getfilesystemencoding}
        1    0.000    0.000    0.000    0.000 cp866.py:25(StreamWriter)
        1    0.000    0.000    0.000    0.000 network.py:268(set_connection_timeout)
        1    0.000    0.000    0.000    0.000 ssl.py:128(CertificateError)
        1    0.000    0.000    0.000    0.000 optparse.py:229(set_parser)
        1    0.000    0.000    0.000    0.000 {method 'discard' of 'set' objects}
        1    0.000    0.000    0.000    0.000 tarfile.py:308(EOFHeaderError)
        1    0.000    0.000    0.000    0.000 connection.py:1005(unix_socket)
        1    0.000    0.000    0.000    0.000 cp866.py:28(StreamReader)
        1    0.000    0.000    0.000    0.000 {built-in method id}
        1    0.000    0.000    0.000    0.000 cp1251.py:28(StreamReader)
        1    0.000    0.000    0.000    0.000 tarfile.py:299(HeaderError)
        1    0.000    0.000    0.000    0.000 decimal.py:330(Subnormal)
        1    0.000    0.000    0.000    0.000 {method 'disable' of '_lsprof.Profiler' objects}
        1    0.000    0.000    0.000    0.000 errors.py:215(NotSupportedError)
        1    0.000    0.000    0.000    0.000 optparse.py:756(get_opt_string)
        1    0.000    0.000    0.000    0.000 cp1252.py:25(StreamWriter)
        1    0.000    0.000    0.000    0.000 __init__.py:8(<module>)
        1    0.000    0.000    0.000    0.000 optparse.py:1411(_process_args)
        1    0.000    0.000    0.000    0.000 optparse.py:956(set_description)
        1    0.000    0.000    0.000    0.000 tarfile.py:311(InvalidHeaderError)
        1    0.000    0.000    0.000    0.000 decimal.py:379(Underflow)
        1    0.000    0.000    0.000    0.000 tarfile.py:314(SubsequentHeaderError)
        1    0.000    0.000    0.000    0.000 stat.py:27(S_IFMT)
        1    0.000    0.000    0.000    0.000 tarfile.py:287(ExtractError)
        1    0.000    0.000    0.000    0.000 codecs.py:694(__iter__)
        1    0.000    0.000    0.000    0.000 connection.py:995(server_host)
        1    0.000    0.000    0.000    0.000 decimal.py:394(FloatOperation)
        1    0.000    0.000    0.000    0.000 cp1252.py:28(StreamReader)
        1    0.000    0.000    0.000    0.000 idna.py:292(StreamWriter)
        1    0.000    0.000    0.000    0.000 errors.py:207(IntegrityError)
        1    0.000    0.000    0.000    0.000 zipf.py:577(_check_compression)
        1    0.000    0.000    0.000    0.000 __init__.py:1(<module>)
        1    0.000    0.000    0.000    0.000 tarfile.py:296(StreamError)
        1    0.000    0.000    0.000    0.000 {method 'release' of '_thread.lock' objects}
        1    0.000    0.000    0.000    0.000 optparse.py:1398(check_values)
        1    0.000    0.000    0.000    0.000 connection.py:1000(server_port)


