
Books added      :  2837
Books skipped    :  0
Books in archives:  2837
Archives scanned :  1
Archives skipped :  0
Time estimated: 0  hours,  3  minutes,  32  seconds.
         10759996 function calls (10666227 primitive calls) in 213.245 seconds

   Ordered by: internal time

   ncalls  tottime  percall  cumtime  percall filename:lineno(function)
   604150  119.090    0.000  119.090    0.000 {method 'recv' of '_socket.socket' objects}
     2837   21.376    0.008   21.376    0.008 {method 'decompress' of 'zlib.Decompress' objects}
     8570    7.981    0.001    7.981    0.001 {method 'read' of '_io.BufferedReader' objects}
   120830    5.532    0.000  125.596    0.001 network.py:167(recv_plain)
     2837    4.668    0.002   16.946    0.006 sopdsparse.py:181(parse)
   234541    2.687    0.000    4.657    0.000 sopdsparse.py:171(char_data)
     5674    2.645    0.000    2.645    0.000 {built-in method crc32}
   296817    2.627    0.000    4.428    0.000 utils.py:31(intread)
    60793    2.539    0.000    2.539    0.000 {method 'sendall' of '_socket.socket' objects}
   841556    2.129    0.000    2.130    0.000 {built-in method isinstance}
  1172705    1.911    0.000    1.970    0.000 sopdsparse.py:35(setvalue)
    26400    1.883    0.000    6.175    0.000 cursor.py:263(_process_params)
   478300    1.744    0.000    1.744    0.000 sopdsparse.py:19(tagopen)
    92823    1.525    0.000    2.686    0.000 sopdsparse.py:140(end_element)
   292862    1.518    0.000    5.875    0.000 utils.py:241(read_int)
    95660    1.511    0.000    3.355    0.000 sopdsparse.py:118(start_element)
    26401    1.223    0.000   40.831    0.002 cursor.py:363(execute)
1328429/1328358    1.219    0.000    1.219    0.000 {built-in method len}
    42377    1.105    0.000    4.600    0.000 protocol.py:131(parse_ok)
    60791    1.077    0.000  127.653    0.002 connection.py:381(_send_cmd)
    18414    1.062    0.000    3.432    0.000 protocol.py:155(parse_column)
    26400    1.042    0.000    1.388    0.000 {method 'sub' of '_sre.SRE_Pattern' objects}
   464115    1.014    0.000    1.014    0.000 sopdsparse.py:30(tagclose)
   103168    0.980    0.000    1.133    0.000 utils.py:254(read_lc_int)
5671/2837    0.897    0.000  199.387    0.070 sopds-scan.py:91(processfile)
    34390    0.880    0.000   10.800    0.000 connection.py:492(_handle_result)
    60793    0.841    0.000    1.325    0.000 network.py:40(_prepare_packets)
    78335    0.831    0.000    1.882    0.000 conversion.py:126(to_mysql)
   344116    0.827    0.000    0.827    0.000 {built-in method unpack}
    78335    0.755    0.000    1.379    0.000 conversion.py:82(escape)
   234541    0.738    0.000    5.395    0.000 pyexpat.c:372(CharacterData)
    60793    0.733    0.000    4.596    0.000 network.py:93(send_plain)
    78335    0.629    0.000    1.030    0.000 conversion.py:110(quote)
   110484    0.545    0.000    0.545    0.000 utils.py:137(read_lc_string)
   182383    0.529    0.000    0.529    0.000 {built-in method pack}
    52801    0.437    0.000    0.520    0.000 cursor.py:194(_reset_result)
    26401    0.424    0.000   10.796    0.000 connection.py:1147(cursor)
    95660    0.421    0.000    3.776    0.000 pyexpat.c:497(StartElement)
    79205    0.399    0.000    0.600    0.000 connection.py:432(_toggle_have_next_result)
    36828    0.388    0.000    1.956    0.000 protocol.py:183(parse_eof)
    34390    0.380    0.000  132.858    0.004 connection.py:576(cmd_query)
    42377    0.373    0.000    5.306    0.000 connection.py:442(_handle_ok)
    83812    0.361    0.000    0.361    0.000 {method 'format' of 'str' objects}
   112739    0.347    0.000    0.347    0.000 {method 'encode' of 'str' objects}
    78335    0.346    0.000    0.346    0.000 cursor.py:45(__call__)
   100057    0.346    0.000    0.442    0.000 connection.py:1010(_set_unread_result)
   300120    0.335    0.000    0.335    0.000 {method 'replace' of 'bytes' objects}
 89986/25    0.334    0.000    0.001    0.000 pyexpat.c:549(EndElement)
   285308    0.332    0.000    0.332    0.000 {method 'lower' of 'str' objects}
    26401    0.329    0.000    4.818    0.000 cursor.py:323(_handle_result)
    18414    0.326    0.000    3.192    0.000 protocol.py:215(read_text_result)
    60792    0.276    0.000    0.683    0.000 protocol.py:95(make_command)
    26401    0.271    0.000    0.620    0.000 cursor.py:167(__init__)
    18414    0.249    0.000    3.675    0.000 connection.py:530(get_rows)
    83651    0.240    0.000    0.240    0.000 {built-in method getattr}
    18414    0.236    0.000    4.290    0.000 cursor.py:750(_handle_resultset)
    60794    0.223    0.000    0.407    0.000 utils.py:48(int1store)
     2837    0.220    0.000   32.299    0.011 zipf.py:811(_read1)
    79205    0.200    0.000    0.200    0.000 constants.py:32(flag_is_set)
    26400    0.193    0.000    0.621    0.000 cursor.py:228(close)
     2839    0.190    0.000    0.190    0.000 {built-in method open}
    26401    0.187    0.000    0.806    0.000 cursor.py:745(__init__)
    18414    0.183    0.000    0.291    0.000 cursor.py:625(_handle_eof)
     4795    0.178    0.000    0.186    0.000 utils.py:189(read_lc_string_list)
    50020    0.178    0.000    0.311    0.000 conversion.py:139(_str_to_mysql)
       41    0.174    0.004    0.174    0.004 {method 'read' of '_io.FileIO' objects}
    26401    0.171    0.000    9.468    0.000 connection.py:735(cmd_ping)
    26401    0.164    0.000    0.226    0.000 cursor.py:187(_set_connection)
    18414    0.163    0.000    1.267    0.000 connection.py:459(_handle_eof)
     5678    0.159    0.000    0.268    0.000 posixpath.py:340(normpath)
   132007    0.158    0.000    0.158    0.000 connection.py:1022(_get_unread_result)
     2837    0.155    0.000    0.697    0.000 zipf.py:1110(open)
    24090    0.152    0.000    0.208    0.000 {method 'decode' of 'bytes' objects}
    26401    0.145    0.000    0.237    0.000 connection.py:931(charset)
   119517    0.144    0.000    0.144    0.000 {method 'append' of 'list' objects}
    18414    0.138    0.000    0.138    0.000 cursor.py:763(_fetch_row)
        1    0.136    0.136    0.280    0.280 zipf.py:960(_RealGetContents)
     2837    0.134    0.000   56.190    0.020 sopdsdb.py:130(addbook)
    18414    0.128    0.000    0.328    0.000 protocol.py:151(parse_column_count)
     5674    0.126    0.000   11.103    0.002 sopdsdb.py:94(findbook)
    26401    0.122    0.000    0.122    0.000 cursor.py:67(__init__)
    26400    0.120    0.000    0.154    0.000 cursor.py:205(_have_unread_result)
     2838    0.110    0.000    0.110    0.000 {method 'close' of '_io.BufferedReader' objects}
     2838    0.110    0.000    0.637    0.000 posixpath.py:452(relpath)
    26400    0.109    0.000    0.109    0.000 cursor.py:41(__init__)
    26401    0.098    0.000    9.566    0.000 connection.py:765(is_connected)
     3532    0.096    0.000   60.636    0.017 sopdsdb.py:215(addbauthor)
    26400    0.095    0.000    0.119    0.000 cursor.py:54(remaining)
       15    0.094    0.006    0.097    0.006 {built-in method load_dynamic}
     5674    0.094    0.000    0.154    0.000 sopdsparse.py:106(reset)
    28315    0.093    0.000    0.093    0.000 conversion.py:130(_int_to_mysql)
    26403    0.092    0.000    0.092    0.000 constants.py:675(get_info)
     3532    0.091    0.000   11.246    0.003 sopdsdb.py:179(findauthor)
    18414    0.089    0.000    0.510    0.000 cursor.py:661(fetchone)
     2837    0.086    0.000    0.134    0.000 zipf.py:639(__init__)
    52801    0.083    0.000    0.083    0.000 cursor.py:760(reset)
     4795    0.081    0.000    0.283    0.000 cursor.py:290(_row_to_python)
     2838    0.076    0.000    5.413    0.002 sopdsdb.py:224(findcat)
     3532    0.073    0.000    6.560    0.002 sopdsdb.py:192(findbauthor)
     3532    0.070    0.000   32.204    0.009 sopdsdb.py:202(addauthor)
     4795    0.069    0.000    0.192    0.000 conversion.py:242(to_python)
    15768    0.066    0.000    0.066    0.000 {method 'strip' of 'str' objects}
    26439    0.062    0.000    0.062    0.000 {built-in method proxy}
    28370    0.061    0.000    0.061    0.000 sopdsparse.py:14(reset)
     2837    0.058    0.000    6.146    0.002 sopdsdb.py:107(finddouble)
     6468    0.057    0.000    0.057    0.000 {built-in method charmap_decode}
    50196    0.055    0.000    0.055    0.000 sopdsparse.py:39(getvalue)
    11364    0.052    0.000    0.052    0.000 {method 'split' of 'str' objects}
     2837    0.052    0.000    7.982    0.003 zipf.py:847(_read2)
     7987    0.052    0.000    0.062    0.000 cursor.py:306(_handle_noresultset)
     2837    0.048    0.000    0.182    0.000 zipf.py:861(close)
     4795    0.045    0.000    0.052    0.000 constants.py:55(get_info)
     2841    0.044    0.000    0.044    0.000 {method 'seek' of '_io.BufferedReader' objects}
     2837    0.042    0.000    2.678    0.001 zipf.py:771(_update_crc)
    17208    0.041    0.000    0.041    0.000 {method 'startswith' of 'str' objects}
     2838    0.040    0.000    0.060    0.000 genericpath.py:68(commonprefix)
     2837    0.040    0.000   32.339    0.011 zipf.py:738(read)
     2838    0.038    0.000    0.058    0.000 genericpath.py:85(_splitext)
    15711    0.038    0.000    0.038    0.000 {built-in method repr}
    26401    0.037    0.000    0.037    0.000 connection.py:1098(_get_getwarnings)
     2837    0.035    0.000    0.046    0.000 zipf.py:316(__init__)
     5678    0.034    0.000    0.377    0.000 posixpath.py:377(abspath)
     7989    0.034    0.000  106.735    0.013 connection.py:1195(_execute_query)
     8517    0.034    0.000    0.034    0.000 {method 'rfind' of 'str' objects}
    11369    0.032    0.000    0.066    0.000 posixpath.py:38(_get_sep)
     2837    0.032    0.000    0.032    0.000 {built-in method ParserCreate}
       41    0.032    0.001    0.032    0.001 {built-in method loads}
     4795    0.029    0.000    0.029    0.000 conversion.py:287(_LONG_to_python)
     5674    0.028    0.000    0.055    0.000 cp866.py:14(decode)
     5678    0.026    0.000    0.074    0.000 posixpath.py:61(isabs)
     5674    0.026    0.000    0.033    0.000 zipf.py:1069(getinfo)
     7987    0.026    0.000  106.759    0.013 connection.py:1187(commit)
     2840    0.025    0.000    0.058    0.000 posixpath.py:102(split)
     2837    0.025    0.000    0.025    0.000 {method 'flush' of 'zlib.Decompress' objects}
     2837    0.024    0.000    0.147    0.000 {method 'Parse' of 'pyexpat.xmlparser' objects}
     8523    0.024    0.000    0.024    0.000 {built-in method max}
     2837    0.023    0.000    0.023    0.000 {function ZipExtFile.close at 0xb6ec7fa4}
     2838    0.022    0.000    0.089    0.000 posixpath.py:118(splitext)
2838/2837    0.022    0.000    5.450    0.002 sopdsdb.py:238(addcattree)
     2187    0.021    0.000    0.025    0.000 sre_parse.py:185(__next)
    11348    0.020    0.000    0.020    0.000 {method 'read' of '_io.BytesIO' objects}
     6591    0.018    0.000    0.019    0.000 {method 'join' of 'str' objects}
     5938    0.018    0.000    0.018    0.000 {built-in method min}
     2837    0.018    0.000    0.018    0.000 {built-in method decompressobj}
     2837    0.016    0.000    0.034    0.000 zipf.py:608(_get_decompressor)
     2850    0.015    0.000    0.031    0.000 posixpath.py:71(join)
    74/22    0.012    0.000    0.052    0.002 sre_parse.py:431(_parse)
     2838    0.012    0.000    0.012    0.000 posixpath.py:470(<listcomp>)
     2838    0.012    0.000    0.012    0.000 posixpath.py:471(<listcomp>)
      761    0.011    0.000    0.015    0.000 <frozen importlib._bootstrap>:74(_path_join)
      155    0.011    0.000    0.033    0.000 <frozen importlib._bootstrap>:1352(find_loader)
     4795    0.010    0.000    0.010    0.000 cursor.py:106(description)
      168    0.010    0.000    0.050    0.000 {built-in method __build_class__}
     2837    0.009    0.000    0.009    0.000 zipf.py:410(_decodeExtra)
     5858    0.007    0.000    0.007    0.000 {method 'get' of 'dict' objects}
     4455    0.007    0.000    0.007    0.000 cursor.py:143(lastrowid)
        2    0.007    0.004    0.015    0.008 sre_compile.py:302(_optimize_unicode)
     2013    0.007    0.000    0.030    0.000 sre_parse.py:210(get)
     46/1    0.007    0.000    0.402    0.402 {built-in method exec}
     4838    0.007    0.000    0.007    0.000 {method 'items' of 'dict' objects}
      789    0.006    0.000    0.035    0.000 cp1251.py:14(decode)
     3196    0.006    0.000    0.006    0.000 {built-in method hasattr}
     2961    0.006    0.000    0.006    0.000 {built-in method chr}
     2877    0.006    0.000    0.006    0.000 {method 'find' of 'str' objects}
   132/20    0.005    0.000    0.019    0.001 sre_compile.py:33(_compile)
      512    0.005    0.000    0.005    0.000 {method 'setdefault' of 'dict' objects}
      285    0.004    0.000    0.004    0.000 {built-in method stat}
   178/74    0.003    0.000    0.004    0.000 sre_parse.py:142(getwidth)
        1    0.003    0.003    0.011    0.011 configparser.py:986(_read)
      2/1    0.003    0.001    0.127    0.127 sopds-scan.py:4(<module>)
       57    0.003    0.000    0.042    0.001 <frozen importlib._bootstrap>:1473(_find_module)
      506    0.003    0.000    0.004    0.000 sre_parse.py:132(__getitem__)
      808    0.003    0.000    0.003    0.000 <frozen importlib._bootstrap>:486(_verbose_message)
       41    0.002    0.000    0.176    0.004 <frozen importlib._bootstrap>:1031(get_data)
       36    0.002    0.000    0.019    0.001 sre_compile.py:208(_optimize_charset)
       56    0.002    0.000    0.037    0.001 <frozen importlib._bootstrap>:1278(_get_loader)
      184    0.002    0.000    0.003    0.000 <frozen importlib._bootstrap>:86(_path_split)
        1    0.002    0.002    0.002    0.002 zipf.py:460(_GenerateCRCTable)
       41    0.002    0.000    0.002    0.000 <frozen importlib._bootstrap>:804(_bytes_from_bytecode)
       15    0.002    0.000    0.002    0.000 sre_compile.py:259(_mk_bitmap)
       41    0.002    0.000    0.216    0.005 <frozen importlib._bootstrap>:935(get_code)
     41/9    0.002    0.000    0.488    0.054 <frozen importlib._bootstrap>:850(_load_module)
     57/9    0.001    0.000    0.493    0.055 <frozen importlib._bootstrap>:1509(_find_and_load_unlocked)
       79    0.001    0.000    0.004    0.000 codecs.py:509(readline)
    220/9    0.001    0.000    0.489    0.054 <frozen importlib._bootstrap>:581(_check_name_wrapper)
       82    0.001    0.000    0.003    0.000 <frozen importlib._bootstrap>:796(is_package)
       82    0.001    0.000    0.005    0.000 <frozen importlib._bootstrap>:415(cache_from_source)
    65/20    0.001    0.000    0.052    0.003 sre_parse.py:353(_parse_sub)
       44    0.001    0.000    0.001    0.000 {built-in method __new__ of type object at 0x49412f60}
       67    0.001    0.000    0.002    0.000 <frozen importlib._bootstrap>:266(_get_module_lock)
      397    0.001    0.000    0.003    0.000 sre_parse.py:204(match)
       38    0.001    0.000    0.002    0.000 codecs.py:429(read)
      585    0.001    0.000    0.001    0.000 {method 'rpartition' of 'str' objects}
     57/9    0.001    0.000    0.494    0.055 <frozen importlib._bootstrap>:1559(_find_and_load)
       14    0.001    0.000    0.005    0.000 abc.py:129(__new__)
     25/6    0.001    0.000    0.003    0.000 abc.py:191(__subclasscheck__)
       67    0.001    0.000    0.001    0.000 <frozen importlib._bootstrap>:226(release)
       67    0.001    0.000    0.001    0.000 <frozen importlib._bootstrap>:201(acquire)
     41/9    0.001    0.000    0.489    0.054 <frozen importlib._bootstrap>:536(module_for_loader_wrapper)
       60    0.001    0.000    0.001    0.000 _weakrefset.py:36(__init__)
       20    0.001    0.000    0.014    0.001 sre_compile.py:365(_compile_info)
       20    0.001    0.000    0.088    0.004 re.py:268(_compile)
        1    0.001    0.001    0.051    0.051 {built-in method getaddrinfo}
      188    0.001    0.000    0.001    0.000 <frozen importlib._bootstrap>:1261(_path_importer_cache)
       54    0.001    0.000    0.001    0.000 sre_compile.py:358(_simple)
      199    0.001    0.000    0.001    0.000 sre_parse.py:140(append)
        9    0.001    0.000    0.001    0.000 datetime.py:301(__new__)
        1    0.001    0.001    0.058    0.058 decimal.py:113(<module>)
        1    0.001    0.001    0.001    0.001 zipf.py:1040(<listcomp>)
      200    0.001    0.000    0.001    0.000 sre_parse.py:128(__len__)
       36    0.001    0.000    0.019    0.001 sre_compile.py:179(_compile_charset)
       61    0.001    0.000    0.001    0.000 __init__.py:58(__setitem__)
       57    0.001    0.000    0.001    0.000 <frozen importlib._bootstrap>:181(__init__)
      136    0.001    0.000    0.001    0.000 sre_parse.py:92(__init__)
       20    0.001    0.000    0.087    0.004 sre_compile.py:489(compile)
       80    0.001    0.000    0.002    0.000 <frozen importlib._bootstrap>:98(_path_is_mode_type)
       20    0.001    0.000    0.054    0.003 sre_parse.py:738(parse)
       14    0.001    0.000    0.001    0.000 abc.py:132(<setcomp>)
      169    0.001    0.000    0.001    0.000 <frozen importlib._bootstrap>:1455(__enter__)
        1    0.000    0.000    0.001    0.001 configparser.py:1108(_join_multiline_values)
      169    0.000    0.000    0.001    0.000 <frozen importlib._bootstrap>:1459(__exit__)
        3    0.000    0.000    0.000    0.000 {built-in method dir}
        3    0.000    0.000    0.008    0.003 __init__.py:297(namedtuple)
    85/80    0.000    0.000    0.013    0.000 <frozen importlib._bootstrap>:1596(_handle_fromlist)
       34    0.000    0.000    0.001    0.000 _weakrefset.py:58(__iter__)
        1    0.000    0.000    0.001    0.001 dbapi.py:27(<module>)
       82    0.000    0.000    0.000    0.000 <frozen importlib._bootstrap>:61(_r_long)
       28    0.000    0.000    0.002    0.000 configparser.py:755(get)
        1    0.000    0.000    0.015    0.015 sopdscfg.py:23(__init__)
       46    0.000    0.000    0.000    0.000 sre_parse.py:297(_escape)
       62    0.000    0.000    0.000    0.000 {method 'match' of '_sre.SRE_Pattern' objects}
        3    0.000    0.000    0.001    0.000 decimal.py:3888(__init__)
        1    0.000    0.000    0.000    0.000 functools.py:222(decorating_function)
       41    0.000    0.000    0.000    0.000 <frozen importlib._bootstrap>:154(new_module)
       71    0.000    0.000    0.002    0.000 <frozen importlib._bootstrap>:108(_path_isfile)
     41/9    0.000    0.000    0.489    0.054 <frozen importlib._bootstrap>:1019(load_module)
       49    0.000    0.000    0.000    0.000 {method 'splitlines' of 'str' objects}
       79    0.000    0.000    0.004    0.000 {built-in method next}
       82    0.000    0.000    0.000    0.000 {method 'rsplit' of 'str' objects}
        1    0.000    0.000    0.015    0.015 stringprep.py:6(<module>)
       79    0.000    0.000    0.004    0.000 codecs.py:620(__next__)
        1    0.000    0.000    0.013    0.013 datetime.py:5(<module>)
       28    0.000    0.000    0.000    0.000 configparser.py:1126(_unify_values)
        1    0.000    0.000    0.065    0.065 shutil.py:5(<module>)
       15    0.000    0.000    0.098    0.007 <frozen importlib._bootstrap>:1126(load_module)
        1    0.000    0.000    0.019    0.019 ssl.py:55(<module>)
     11/8    0.000    0.000    0.104    0.013 {built-in method __import__}
      133    0.000    0.000    0.000    0.000 {method 'extend' of 'list' objects}
        1    0.000    0.000    0.000    0.000 decimal.py:547(Decimal)
       56    0.000    0.000    0.000    0.000 {built-in method utf_8_decode}
       41    0.000    0.000    0.001    0.000 <frozen importlib._bootstrap>:1041(path_stats)
       37    0.000    0.000    0.000    0.000 sre_parse.py:74(opengroup)
        1    0.000    0.000    0.004    0.004 socket.py:45(<module>)
       56    0.000    0.000    0.037    0.001 <frozen importlib._bootstrap>:1305(find_module)
       79    0.000    0.000    0.005    0.000 codecs.py:689(__next__)
        5    0.000    0.000    0.081    0.016 __init__.py:69(search_function)
      236    0.000    0.000    0.000    0.000 {built-in method release_lock}
     41/9    0.000    0.000    0.489    0.054 <frozen importlib._bootstrap>:997(load_module)
     63/9    0.000    0.000    0.448    0.050 <frozen importlib._bootstrap>:305(_call_with_frames_removed)
        2    0.000    0.000    0.002    0.001 gettext.py:353(find)
        1    0.000    0.000    0.004    0.004 tarfile.py:29(<module>)
       20    0.000    0.000    0.033    0.002 sre_compile.py:474(_code)
       28    0.000    0.000    0.000    0.000 __init__.py:784(__getitem__)
       16    0.000    0.000    0.098    0.006 <frozen importlib._bootstrap>:496(set_package_wrapper)
      164    0.000    0.000    0.000    0.000 <frozen importlib._bootstrap>:1026(get_filename)
        5    0.000    0.000    0.000    0.000 {built-in method listdir}
       56    0.000    0.000    0.000    0.000 <frozen importlib._bootstrap>:700(find_module)
        1    0.000    0.000    0.213    0.213 connection.py:25(<module>)
        7    0.000    0.000    0.000    0.000 __init__.py:42(normalize_encoding)
      155    0.000    0.000    0.000    0.000 <frozen importlib._bootstrap>:38(_relax_case)
        6    0.000    0.000    0.001    0.000 optparse.py:999(add_option)
       25    0.000    0.000    0.000    0.000 _weakrefset.py:26(__exit__)
      169    0.000    0.000    0.000    0.000 {built-in method acquire_lock}
        1    0.000    0.000    0.099    0.099 zipf.py:5(<module>)
       15    0.000    0.000    0.001    0.000 <frozen importlib._bootstrap>:1144(is_package)
      102    0.000    0.000    0.000    0.000 {built-in method setattr}
        1    0.000    0.000    0.001    0.001 threading.py:1(<module>)
       28    0.000    0.000    0.000    0.000 configparser.py:402(_interpolate_some)
       20    0.000    0.000    0.001    0.000 sre_parse.py:180(__init__)
      135    0.000    0.000    0.000    0.000 {built-in method get_ident}
       41    0.000    0.000    0.000    0.000 <frozen importlib._bootstrap>:1013(__init__)
        4    0.000    0.000    0.000    0.000 gettext.py:111(_expand_lang)
       57    0.000    0.000    0.000    0.000 <frozen importlib._bootstrap>:643(find_module)
        1    0.000    0.000    0.000    0.000 errorcode.py:27(<module>)
       31    0.000    0.000    0.000    0.000 _weakrefset.py:79(add)
    38/12    0.000    0.000    0.003    0.000 {built-in method issubclass}
       42    0.000    0.000    0.000    0.000 _weakrefset.py:68(__contains__)
      151    0.000    0.000    0.000    0.000 {method 'add' of 'set' objects}
       28    0.000    0.000    0.000    0.000 configparser.py:389(before_get)
       34    0.000    0.000    0.000    0.000 abc.py:478(__iter__)
        6    0.000    0.000    0.001    0.000 optparse.py:562(__init__)
       38    0.000    0.000    0.000    0.000 {built-in method is_builtin}
      2/1    0.000    0.000    0.066    0.066 sopds-scan.py:154(processzip)
       40    0.000    0.000    0.000    0.000 {method 'group' of '_sre.SRE_Match' objects}
        6    0.000    0.000    0.000    0.000 optparse.py:611(_set_attrs)
       56    0.000    0.000    0.000    0.000 configparser.py:868(optionxform)
       78    0.000    0.000    0.000    0.000 configparser.py:1013(<dictcomp>)
       38    0.000    0.000    0.000    0.000 decimal.py:3913(<genexpr>)
       40    0.000    0.000    0.000    0.000 sre_compile.py:471(isstring)
       20    0.000    0.000    0.000    0.000 {built-in method compile}
       28    0.000    0.000    0.000    0.000 __init__.py:774(__init__)
       10    0.000    0.000    0.000    0.000 <frozen importlib._bootstrap>:285(_lock_unlock_module)
       82    0.000    0.000    0.000    0.000 {method 'partition' of 'str' objects}
      117    0.000    0.000    0.000    0.000 {built-in method allocate_lock}
        7    0.000    0.000    0.000    0.000 {built-in method print}
        5    0.000    0.000    0.002    0.000 __init__.py:41(__init__)
       56    0.000    0.000    0.000    0.000 {built-in method is_frozen}
       25    0.000    0.000    0.000    0.000 _weakrefset.py:20(__enter__)
       30    0.000    0.000    0.000    0.000 {method 'search' of '_sre.SRE_Pattern' objects}
       16    0.000    0.000    0.098    0.006 <frozen importlib._bootstrap>:509(set_loader_wrapper)
        1    0.000    0.000    0.031    0.031 configparser.py:119(<module>)
        1    0.000    0.000    0.003    0.003 hashlib.py:63(<module>)
       66    0.000    0.000    0.000    0.000 {method 'endswith' of 'str' objects}
        6    0.000    0.000    0.000    0.000 decimal.py:556(__new__)
       37    0.000    0.000    0.000    0.000 sre_parse.py:85(closegroup)
       27    0.000    0.000    0.000    0.000 decimal.py:3949(__setattr__)
       54    0.000    0.000    0.000    0.000 sre_parse.py:136(__setitem__)
        2    0.000    0.000    0.218    0.109 __init__.py:26(<module>)
       15    0.000    0.000    0.000    0.000 {built-in method any}
       60    0.000    0.000    0.000    0.000 <frozen importlib._bootstrap>:1147(<genexpr>)
       41    0.000    0.000    0.000    0.000 {built-in method _fix_co_filename}
       20    0.000    0.000    0.000    0.000 sre_parse.py:726(fix_flags)
        4    0.000    0.000    0.000    0.000 locale.py:339(normalize)
       15    0.000    0.000    0.000    0.000 decimal.py:3924(_set_integer_check)
      127    0.000    0.000    0.000    0.000 {built-in method ord}
       41    0.000    0.000    0.000    0.000 {built-in method getlower}
        6    0.000    0.000    0.000    0.000 decimal.py:3938(_set_signal_dict)
       57    0.000    0.000    0.000    0.000 <frozen importlib._bootstrap>:280(cb)
        1    0.000    0.000    0.000    0.000 {method 'connect' of '_socket.socket' objects}
        1    0.000    0.000    0.007    0.007 errors.py:25(<module>)
        9    0.000    0.000    0.000    0.000 os.py:671(__getitem__)
        6    0.000    0.000    0.000    0.000 optparse.py:590(_set_opt_strings)
        1    0.000    0.000    0.000    0.000 os.py:44(<listcomp>)
        1    0.000    0.000    0.000    0.000 connection.py:74(MySQLConnection)
        1    0.000    0.000    0.002    0.002 base64.py:3(<module>)
        1    0.000    0.000    0.000    0.000 cp866.py:3(<module>)
        1    0.000    0.000    0.069    0.069 network.py:25(<module>)
        1    0.000    0.000    0.025    0.025 configparser.py:554(RawConfigParser)
       20    0.000    0.000    0.000    0.000 sre_parse.py:69(__init__)
        4    0.000    0.000    0.001    0.000 <frozen importlib._bootstrap>:1244(_path_hooks)
        1    0.000    0.000    0.014    0.014 lzma.py:9(<module>)
        9    0.000    0.000    0.000    0.000 {built-in method round}
        4    0.000    0.000    0.000    0.000 <frozen importlib._bootstrap>:1332(__init__)
        1    0.000    0.000    0.000    0.000 connection.py:181(config)
        1    0.000    0.000    0.112    0.112 conversion.py:25(<module>)
       30    0.000    0.000    0.000    0.000 decimal.py:3920(<genexpr>)
       25    0.000    0.000    0.000    0.000 _weakrefset.py:16(__init__)
        4    0.000    0.000    0.000    0.000 <frozen importlib._bootstrap>:1396(_fill_cache)
        1    0.000    0.000    0.010    0.010 cursor.py:25(<module>)
        1    0.000    0.000    0.025    0.025 bz2.py:5(<module>)
        8    0.000    0.000    0.000    0.000 abc.py:397(get)
        1    0.000    0.000    0.040    0.040 idna.py:3(<module>)
        8    0.000    0.000    0.000    0.000 genericpath.py:15(exists)
        1    0.000    0.000    0.009    0.009 constants.py:25(<module>)
        1    0.000    0.000    0.010    0.010 protocol.py:25(<module>)
        1    0.000    0.000    0.057    0.057 sopdscfg.py:3(<module>)
        6    0.000    0.000    0.000    0.000 hashlib.py:104(__get_openssl_constructor)
       42    0.000    0.000    0.000    0.000 abc.py:8(abstractmethod)
        5    0.000    0.000    0.002    0.000 abc.py:148(register)
        5    0.000    0.000    0.001    0.000 abc.py:557(update)
        1    0.000    0.000    0.002    0.002 configparser.py:595(__init__)
       45    0.000    0.000    0.000    0.000 {built-in method divmod}
        1    0.000    0.000    0.000    0.000 numbers.py:32(Complex)
       20    0.000    0.000    0.088    0.004 re.py:212(compile)
        9    0.000    0.000    0.000    0.000 os.py:745(encode)
       37    0.000    0.000    0.000    0.000 {method 'remove' of 'list' objects}
       15    0.000    0.000    0.000    0.000 <frozen importlib._bootstrap>:1122(__init__)
        5    0.000    0.000    0.001    0.000 abc.py:175(__instancecheck__)
        1    0.000    0.000    0.000    0.000 decimal.py:3869(Context)
       18    0.000    0.000    0.000    0.000 {method 'replace' of 'str' objects}
       12    0.000    0.000    0.000    0.000 __init__.py:359(<genexpr>)
       25    0.000    0.000    0.000    0.000 _weakrefset.py:52(_commit_removals)
        5    0.000    0.000    0.000    0.000 codecs.py:77(__new__)
        1    0.000    0.000    0.236    0.236 sopdsdb.py:4(<module>)
       58    0.000    0.000    0.000    0.000 {method 'rstrip' of 'str' objects}
       84    0.000    0.000    0.000    0.000 {built-in method abs}
       12    0.000    0.000    0.000    0.000 __init__.py:357(<genexpr>)
        1    0.000    0.000    0.002    0.002 numbers.py:6(<module>)
        1    0.000    0.000    0.051    0.051 network.py:340(open_connection)
        1    0.000    0.000    0.001    0.001 koi8_r.py:3(<module>)
       34    0.000    0.000    0.000    0.000 __init__.py:83(__iter__)
        1    0.000    0.000    0.000    0.000 tarfile.py:1394(TarFile)
       59    0.000    0.000    0.000    0.000 sre_compile.py:25(_identityfunction)
        1    0.000    0.000    0.011    0.011 expat.py:1(<module>)
        1    0.000    0.000    0.000    0.000 codecs.py:1045(<dictcomp>)
        1    0.000    0.000    0.056    0.056 connection.py:76(__init__)
        1    0.000    0.000    0.000    0.000 tarfile.py:737(TarInfo)
        1    0.000    0.000    0.000    0.000 ssl.py:231(SSLSocket)
        1    0.000    0.000    0.000    0.000 {built-in method init_builtin}
        1    0.000    0.000    0.281    0.281 zipf.py:888(__init__)
        1    0.000    0.000    0.003    0.003 connection.py:121(_do_handshake)
        1    0.000    0.000    0.000    0.000 <string>:1(<module>)
        1    0.000    0.000    0.000    0.000 zipf.py:230(_EndRecData)
        1    0.000    0.000    0.000    0.000 optparse.py:1310(get_default_values)
        9    0.000    0.000    0.000    0.000 <frozen importlib._bootstrap>:114(_path_isdir)
        6    0.000    0.000    0.000    0.000 configparser.py:792(_get)
        1    0.000    0.000    0.000    0.000 datetime.py:1289(datetime)
       36    0.000    0.000    0.000    0.000 {method 'isidentifier' of 'str' objects}
        1    0.000    0.000    0.000    0.000 fnmatch.py:11(<module>)
        1    0.000    0.000    0.000    0.000 cp1251.py:3(<module>)
        2    0.000    0.000    0.000    0.000 threading.py:127(__init__)
        1    0.000    0.000    0.002    0.002 optparse.py:1182(__init__)
        4    0.000    0.000    0.000    0.000 <frozen importlib._bootstrap>:1437(path_hook_for_FileFinder)
        5    0.000    0.000    0.000    0.000 datetime.py:645(__new__)
       32    0.000    0.000    0.000    0.000 <frozen importlib._bootstrap>:1338(<genexpr>)
        1    0.000    0.000    0.000    0.000 bz2.py:32(BZ2File)
        6    0.000    0.000    0.000    0.000 configparser.py:815(getboolean)
        2    0.000    0.000    0.000    0.000 idna.py:147(encode)
       49    0.000    0.000    0.000    0.000 {method 'isalnum' of 'str' objects}
        1    0.000    0.000    0.000    0.000 protocol.py:39(_scramble_password)
        1    0.000    0.000    0.000    0.000 protocol.py:114(parse_handshake)
        1    0.000    0.000    0.000    0.000 cp1252.py:3(<module>)
        1    0.000    0.000    0.000    0.000 numbers.py:299(Integral)
        1    0.000    0.000    0.055    0.055 connection.py:317(_open_connection)
        1    0.000    0.000    0.015    0.015 sopdsparse.py:4(<module>)
        1    0.000    0.000    0.000    0.000 socket.py:193(_real_close)
        1    0.000    0.000    0.000    0.000 threading.py:520(Thread)
        1    0.000    0.000    0.000    0.000 sopdsparse.py:92(__init__)
        1    0.000    0.000    0.000    0.000 optparse.py:205(__init__)
        2    0.000    0.000    0.002    0.001 gettext.py:459(dgettext)
        8    0.000    0.000    0.000    0.000 sre_compile.py:52(fixup)
        1    0.000    0.000    0.000    0.000 {built-in method pow}
        1    0.000    0.000    0.000    0.000 cursor.py:155(MySQLCursor)
        1    0.000    0.000    0.000    0.000 functools.py:35(update_wrapper)
        5    0.000    0.000    0.000    0.000 {built-in method calcsize}
        1    0.000    0.000    0.000    0.000 connection.py:299(_get_connection)
        1    0.000    0.000    0.056    0.056 connection.py:349(connect)
        1    0.000    0.000    0.000    0.000 threading.py:532(__init__)
        1    0.000    0.000    0.000    0.000 <string>:5(usage)
        3    0.000    0.000    0.000    0.000 datetime.py:1299(__new__)
        3    0.000    0.000    0.000    0.000 {built-in method charmap_build}
        1    0.000    0.000    0.000    0.000 datetime.py:977(time)
        1    0.000    0.000    0.000    0.000 datetime.py:282(timedelta)
       60    0.000    0.000    0.000    0.000 {built-in method globals}
        1    0.000    0.000    0.000    0.000 <string>:5(DecimalTuple)
        1    0.000    0.000    0.000    0.000 zipf.py:869(ZipFile)
        1    0.000    0.000    0.000    0.000 sopdsdb.py:31(opdsDatabase)
        1    0.000    0.000    0.000    0.000 numbers.py:152(Real)
        5    0.000    0.000    0.000    0.000 sopdsparse.py:7(__init__)
        1    0.000    0.000    0.000    0.000 conversion.py:65(MySQLConverter)
        1    0.000    0.000    0.000    0.000 _weakrefset.py:38(_remove)
        2    0.000    0.000    0.000    0.000 datetime.py:1001(__new__)
        6    0.000    0.000    0.000    0.000 configparser.py:1146(_convert_to_boolean)
       25    0.000    0.000    0.000    0.000 {method '__subclasses__' of 'type' objects}
       30    0.000    0.000    0.000    0.000 {method 'start' of '_sre.SRE_Match' objects}
        1    0.000    0.000    0.000    0.000 {built-in method warn}
        1    0.000    0.000    0.000    0.000 datetime.py:615(date)
        1    0.000    0.000    0.000    0.000 datetime.py:1807(timezone)
        1    0.000    0.000    0.000    0.000 configparser.py:1207(SectionProxy)
        1    0.000    0.000    0.000    0.000 connection.py:147(_do_auth)
        1    0.000    0.000    0.000    0.000 traceback.py:1(<module>)
        1    0.000    0.000    0.000    0.000 codecs.py:849(open)
        2    0.000    0.000    0.000    0.000 os.py:337(walk)
        6    0.000    0.000    0.000    0.000 optparse.py:972(_check_conflict)
        6    0.000    0.000    0.000    0.000 optparse.py:581(_check_opt_strings)
       25    0.000    0.000    0.000    0.000 {method 'remove' of 'set' objects}
        1    0.000    0.000    0.000    0.000 posixpath.py:148(dirname)
        1    0.000    0.000    0.000    0.000 constants.py:85(FieldType)
        1    0.000    0.000    0.000    0.000 protocol.py:53(_prepare_auth)
        5    0.000    0.000    0.000    0.000 datetime.py:251(_check_date_fields)
        4    0.000    0.000    0.000    0.000 {method 'setter' of 'property' objects}
        1    0.000    0.000    0.000    0.000 koi8_r.py:33(getregentry)
        1    0.000    0.000    0.000    0.000 constants.py:178(FieldFlag)
       28    0.000    0.000    0.000    0.000 configparser.py:365(before_read)
        2    0.000    0.000    0.000    0.000 {method 'update' of 'dict' objects}
        1    0.000    0.000    0.000    0.000 utils.py:25(<module>)
        6    0.000    0.000    0.000    0.000 optparse.py:630(_check_action)
        1    0.000    0.000    0.002    0.002 sopdsdb.py:457(zipisscanned)
        1    0.000    0.000    0.000    0.000 numbers.py:272(Rational)
        1    0.000    0.000    0.000    0.000 socket.py:93(__init__)
        3    0.000    0.000    0.000    0.000 koi8_r.py:14(decode)
        1    0.000    0.000    0.000    0.000 lzma.py:38(LZMAFile)
        1    0.000    0.000    0.011    0.011 configparser.py:695(read_file)
        1    0.000    0.000    0.000    0.000 os.py:40(_get_exports_list)
        4    0.000    0.000    0.000    0.000 abc.py:416(items)
        2    0.000    0.000    0.002    0.001 gettext.py:393(translation)
        1    0.000    0.000    0.000    0.000 threading.py:831(__init__)
        1    0.000    0.000    0.000    0.000 threading.py:308(set)
        1    0.000    0.000    0.000    0.000 {built-in method sorted}
        1    0.000    0.000    0.001    0.001 connection.py:335(_post_connection)
        1    0.000    0.000    0.000    0.000 codecs.py:659(__init__)
        1    0.000    0.000    0.000    0.000 connection.py:895(set_charset_collation)
       12    0.000    0.000    0.000    0.000 abc.py:129(__subclasshook__)
        1    0.000    0.000    0.000    0.000 optparse.py:1359(parse_args)
        1    0.000    0.000    0.000    0.000 connection.py:830(set_converter_class)
        1    0.000    0.000    0.000    0.000 cursor.py:58(CursorBase)
        1    0.000    0.000    0.000    0.000 protocol.py:73(make_auth)
        1    0.000    0.000    0.000    0.000 optparse.py:924(__init__)
        2    0.000    0.000    0.000    0.000 {method 'tolist' of 'array.array' objects}
        5    0.000    0.000    0.000    0.000 datetime.py:262(_check_time_fields)
        6    0.000    0.000    0.000    0.000 optparse.py:585(<listcomp>)
        1    0.000    0.000    0.003    0.003 zipf.py:625(ZipExtFile)
        1    0.000    0.000    0.001    0.001 optparse.py:1239(_add_help_option)
        1    0.000    0.000    0.000    0.000 idna.py:300(getregentry)
        1    0.000    0.000    0.000    0.000 network.py:55(BaseMySQLSocket)
        4    0.000    0.000    0.000    0.000 {built-in method openssl_sha1}
        1    0.000    0.000    0.000    0.000 cp866.py:33(getregentry)
        1    0.000    0.000    0.000    0.000 cp1251.py:33(getregentry)
        1    0.000    0.000    0.011    0.011 configparser.py:746(readfp)
        1    0.000    0.000    0.000    0.000 constants.py:303(ClientFlag)
        1    0.000    0.000    0.000    0.000 constants.py:237(ServerCmd)
        1    0.000    0.000    0.000    0.000 cp1252.py:33(getregentry)
        1    0.000    0.000    0.000    0.000 codecs.py:401(__init__)
        2    0.000    0.000    0.000    0.000 connection.py:368(disconnect)
        1    0.000    0.000    0.000    0.000 connection.py:649(cmd_quit)
        1    0.000    0.000    0.000    0.000 threading.py:345(Barrier)
        1    0.000    0.000    0.001    0.001 optparse.py:1244(_add_version_option)
        1    0.000    0.000    0.000    0.000 protocol.py:38(MySQLProtocol)
        6    0.000    0.000    0.000    0.000 optparse.py:679(_check_dest)
        1    0.000    0.000    0.000    0.000 socket.py:254(SocketIO)
        1    0.000    0.000    0.000    0.000 constants.py:450(CharacterSet)
        2    0.000    0.000    0.000    0.000 os.py:749(decode)
        1    0.000    0.000    0.000    0.000 base64.py:153(<listcomp>)
        1    0.000    0.000    0.000    0.000 network.py:63(__init__)
        1    0.000    0.000    0.000    0.000 base64.py:154(<listcomp>)
        1    0.000    0.000    0.056    0.056 sopdsdb.py:43(openDB)
        6    0.000    0.000    0.000    0.000 optparse.py:636(_check_type)
        1    0.000    0.000    0.000    0.000 threading.py:295(__init__)
        1    0.000    0.000    0.000    0.000 socket.py:87(socket)
       13    0.000    0.000    0.000    0.000 {method '__subclasshook__' of 'object' objects}
        2    0.000    0.000    0.000    0.000 constants.py:362(get_default)
        1    0.000    0.000    0.000    0.000 constants.py:788(SQLMode)
        1    0.000    0.000    0.000    0.000 utils.py:221(read_string)
        1    0.000    0.000    0.000    0.000 network.py:85(close_connection)
        6    0.000    0.000    0.000    0.000 optparse.py:666(_check_choice)
        1    0.000    0.000    0.000    0.000 optparse.py:1234(_create_option_list)
        1    0.000    0.000    0.002    0.002 zipf.py:447(_ZipDecrypter)
        1    0.000    0.000    0.000    0.000 socket.py:197(close)
        2    0.000    0.000    0.000    0.000 cp1252.py:14(decode)
        1    0.000    0.000    0.000    0.000 configparser.py:293(ParsingError)
        1    0.000    0.000    0.000    0.000 protocol.py:46(<listcomp>)
        2    0.000    0.000    0.000    0.000 {built-in method time}
        1    0.000    0.000    0.000    0.000 tarfile.py:345(_Stream)
        1    0.000    0.000    0.000    0.000 zipf.py:187(_EndRecData64)
        1    0.000    0.000    0.000    0.000 tarfile.py:625(_FileInFile)
        6    0.000    0.000    0.000    0.000 optparse.py:709(_check_callback)
        1    0.000    0.000    0.056    0.056 __init__.py:42(Connect)
        5    0.000    0.000    0.000    0.000 dbapi.py:36(__init__)
        1    0.000    0.000    0.000    0.000 sopdsparse.py:49(fb2cover)
        6    0.000    0.000    0.000    0.000 optparse.py:694(_check_const)
        1    0.000    0.000    0.000    0.000 network.py:330(__init__)
        1    0.000    0.000    0.000    0.000 optparse.py:1268(set_usage)
        1    0.000    0.000    0.001    0.001 configparser.py:443(ExtendedInterpolation)
        2    0.000    0.000    0.000    0.000 {method 'split' of 'bytes' objects}
        4    0.000    0.000    0.000    0.000 abc.py:437(__init__)
        1    0.000    0.000    0.000    0.000 optparse.py:829(__init__)
        1    0.000    0.000    0.000    0.000 codecs.py:1037(make_identity_dict)
        3    0.000    0.000    0.000    0.000 {method 'digest' of '_hashlib.HASH' objects}
        1    0.000    0.000    0.000    0.000 configparser.py:144(Error)
       12    0.000    0.000    0.000    0.000 {method '__contains__' of 'frozenset' objects}
        1    0.000    0.000    0.002    0.002 optparse.py:1249(_populate_option_list)
        2    0.000    0.000    0.000    0.000 zipf.py:1445(close)
        1    0.000    0.000    0.000    0.000 constants.py:40(_constants)
        1    0.000    0.000    0.001    0.001 configparser.py:516(LegacyInterpolation)
        3    0.000    0.000    0.000    0.000 configparser.py:1210(__init__)
        1    0.000    0.000    0.000    0.000 threading.py:236(Semaphore)
        1    0.000    0.000    0.000    0.000 genericpath.py:38(isdir)
        1    0.000    0.000    0.000    0.000 cursor.py:742(MySQLCursorBuffered)
        1    0.000    0.000    0.000    0.000 sopdsdb.py:32(__init__)
        3    0.000    0.000    0.000    0.000 datetime.py:39(_days_before_year)
        6    0.000    0.000    0.000    0.000 optparse.py:700(_check_nargs)
        1    0.000    0.000    0.001    0.001 configparser.py:372(BasicInterpolation)
        1    0.000    0.000    0.000    0.000 conversion.py:37(__init__)
        1    0.000    0.000    0.000    0.000 threading.py:125(Condition)
        3    0.000    0.000    0.000    0.000 datetime.py:1831(_create)
        1    0.000    0.000    0.000    0.000 configparser.py:1175(ConfigParser)
        1    0.000    0.000    0.000    0.000 {built-in method getcwd}
        1    0.000    0.000    0.000    0.000 sopdsparse.py:6(fb2tag)
        3    0.000    0.000    0.000    0.000 {built-in method _getframe}
        1    0.000    0.000    0.000    0.000 conversion.py:35(ConverterBase)
        1    0.000    0.000    0.000    0.000 connection.py:138(<listcomp>)
        5    0.000    0.000    0.000    0.000 datetime.py:44(_days_in_month)
        1    0.000    0.000    0.000    0.000 cursor.py:40(_ParamSubstitutor)
        2    0.000    0.000    0.002    0.001 gettext.py:497(gettext)
        5    0.000    0.000    0.000    0.000 datetime.py:274(_check_tzinfo_arg)
        1    0.000    0.000    0.000    0.000 <frozen importlib._bootstrap>:593(_requires_builtin_wrapper)
        1    0.000    0.000    0.000    0.000 threading.py:63(_RLock)
        1    0.000    0.000    0.000    0.000 optparse.py:370(__init__)
        1    0.000    0.000    0.000    0.000 datetime.py:484(__neg__)
        1    0.000    0.000    0.000    0.000 constants.py:369(ServerFlag)
        1    0.000    0.000    0.000    0.000 koi8_r.py:9(Codec)
        1    0.000    0.000    0.000    0.000 {method 'union' of 'set' objects}
        1    0.000    0.000    0.000    0.000 constants.py:419(ShutdownType)
        1    0.000    0.000    0.000    0.000 sopdsdb.py:64(closeDB)
        1    0.000    0.000    0.000    0.000 constants.py:396(RefreshOption)
        1    0.000    0.000    0.000    0.000 {built-in method openssl_md5}
        1    0.000    0.000    0.000    0.000 constants.py:161(get_number_types)
        5    0.000    0.000    0.000    0.000 {method 'isdigit' of 'str' objects}
        2    0.000    0.000    0.000    0.000 utils.py:81(int4store)
        1    0.000    0.000    0.000    0.000 cursor.py:819(MySQLCursorBufferedRaw)
        1    0.000    0.000    0.001    0.001 zipf.py:1038(namelist)
        1    0.000    0.000    0.000    0.000 zipf.py:291(ZipInfo)
        1    0.000    0.000    0.000    0.000 sopdsparse.py:91(fb2parser)
        1    0.000    0.000    0.000    0.000 tarfile.py:726(ExFileObject)
        1    0.000    0.000    0.000    0.000 datetime.py:908(tzinfo)
        1    0.000    0.000    0.000    0.000 functools.py:192(lru_cache)
        1    0.000    0.000    0.000    0.000 tarfile.py:2377(TarIter)
        1    0.000    0.000    0.000    0.000 network.py:296(MySQLUnixSocket)
        1    0.000    0.000    0.000    0.000 tarfile.py:595(_StreamProxy)
        3    0.000    0.000    0.000    0.000 sre_parse.py:223(tell)
        1    0.000    0.000    0.000    0.000 zipf.py:1554(PyZipFile)
        1    0.000    0.000    0.000    0.000 ssl.py:194(SSLContext)
        1    0.000    0.000    0.000    0.000 optparse.py:935(_create_option_mappings)
        1    0.000    0.000    0.000    0.000 zipf.py:506(LZMACompressor)
        1    0.000    0.000    0.000    0.000 connection.py:1075(set_autocommit)
        1    0.000    0.000    0.000    0.000 optparse.py:951(set_conflict_handler)
        1    0.000    0.000    0.000    0.000 tarfile.py:321(_LowLevelFile)
        2    0.000    0.000    0.000    0.000 sre_parse.py:255(_class_escape)
        1    0.000    0.000    0.000    0.000 connection.py:870(set_login)
        2    0.000    0.000    0.000    0.000 utils.py:128(read_bytes)
        1    0.000    0.000    0.000    0.000 koi8_r.py:17(IncrementalEncoder)
        1    0.000    0.000    0.000    0.000 decimal.py:5594(_WorkRep)
        1    0.000    0.000    0.000    0.000 threading.py:216(notify)
        2    0.000    0.000    0.000    0.000 {built-in method maketrans}
        1    0.000    0.000    0.000    0.000 network.py:325(MySQLTCPSocket)
        1    0.000    0.000    0.000    0.000 threading.py:230(notify_all)
        1    0.000    0.000    0.000    0.000 decimal.py:3854(_ContextManager)
        1    0.000    0.000    0.000    0.000 errors.py:154(Error)
        1    0.000    0.000    0.000    0.000 threading.py:291(Event)
        2    0.000    0.000    0.000    0.000 {method 'copy' of 'dict' objects}
        1    0.000    0.000    0.000    0.000 {method 'groups' of '_sre.SRE_Match' objects}
        1    0.000    0.000    0.000    0.000 configparser.py:1194(SafeConfigParser)
        1    0.000    0.000    0.000    0.000 sopdscfg.py:22(cfgreader)
        1    0.000    0.000    0.000    0.000 configparser.py:209(DuplicateOptionError)
        1    0.000    0.000    0.000    0.000 threading.py:861(_DummyThread)
        1    0.000    0.000    0.000    0.000 {built-in method openssl_sha224}
        1    0.000    0.000    0.000    0.000 {method 'tell' of '_io.BufferedReader' objects}
        1    0.000    0.000    0.000    0.000 dbapi.py:34(_DBAPITypeObject)
        1    0.000    0.000    0.000    0.000 sopds-scan.py:189(<setcomp>)
        1    0.000    0.000    0.000    0.000 zipf.py:1441(__del__)
        1    0.000    0.000    0.000    0.000 {built-in method lookup}
        1    0.000    0.000    0.000    0.000 constants.py:146(get_string_types)
        1    0.000    0.000    0.000    0.000 connection.py:1144(close)
        1    0.000    0.000    0.000    0.000 conversion.py:79(__init__)
        1    0.000    0.000    0.000    0.000 {built-in method openssl_sha256}
        1    0.000    0.000    0.000    0.000 idna.py:146(Codec)
        1    0.000    0.000    0.000    0.000 shutil.py:52(ReadError)
        1    0.000    0.000    0.000    0.000 cp1252.py:9(Codec)
        1    0.000    0.000    0.000    0.000 configparser.py:356(Interpolation)
        1    0.000    0.000    0.000    0.000 {built-in method openssl_sha512}
        1    0.000    0.000    0.000    0.000 cp866.py:9(Codec)
        1    0.000    0.000    0.000    0.000 decimal.py:5832(_Log10Memoize)
        1    0.000    0.000    0.000    0.000 <frozen importlib._bootstrap>:654(load_module)
        1    0.000    0.000    0.000    0.000 {method 'settimeout' of '_socket.socket' objects}
        1    0.000    0.000    0.000    0.000 shutil.py:45(SpecialFileError)
        1    0.000    0.000    0.000    0.000 optparse.py:1304(_get_all_options)
        1    0.000    0.000    0.000    0.000 constants.py:72(_constantflags)
        1    0.000    0.000    0.000    0.000 network.py:70(next_packet_number)
        1    0.000    0.000    0.000    0.000 threading.py:800(Timer)
        1    0.000    0.000    0.000    0.000 cp1251.py:9(Codec)
        2    0.000    0.000    0.000    0.000 {method 'acquire' of '_thread.lock' objects}
        2    0.000    0.000    0.000    0.000 conversion.py:43(set_charset)
        1    0.000    0.000    0.000    0.000 zipf.py:529(LZMADecompressor)
        1    0.000    0.000    0.000    0.000 stat.py:46(S_ISDIR)
        1    0.000    0.000    0.000    0.000 threading.py:279(BoundedSemaphore)
        1    0.000    0.000    0.000    0.000 shutil.py:49(ExecError)
        1    0.000    0.000    0.000    0.000 {method 'index' of 'bytes' objects}
        1    0.000    0.000    0.000    0.000 configparser.py:174(NoSectionError)
        1    0.000    0.000    0.000    0.000 threading.py:166(_is_owned)
        1    0.000    0.000    0.000    0.000 numbers.py:12(Number)
        2    0.000    0.000    0.000    0.000 {method 'tobytes' of 'array.array' objects}
        1    0.000    0.000    0.000    0.000 configparser.py:236(NoOptionError)
        1    0.000    0.000    0.000    0.000 shutil.py:55(RegistryError)
        1    0.000    0.000    0.000    0.000 constants.py:154(get_binary_types)
        1    0.000    0.000    0.000    0.000 cp866.py:21(IncrementalDecoder)
        1    0.000    0.000    0.000    0.000 cp1251.py:17(IncrementalEncoder)
        1    0.000    0.000    0.000    0.000 koi8_r.py:25(StreamWriter)
        1    0.000    0.000    0.000    0.000 cp1252.py:21(IncrementalDecoder)
        1    0.000    0.000    0.000    0.000 decimal.py:215(InvalidOperation)
        1    0.000    0.000    0.000    0.000 cursor.py:798(MySQLCursorRaw)
        1    0.000    0.000    0.000    0.000 tarfile.py:296(StreamError)
        1    0.000    0.000    0.000    0.000 configparser.py:183(DuplicateSectionError)
        1    0.000    0.000    0.000    0.000 koi8_r.py:21(IncrementalDecoder)
        1    0.000    0.000    0.000    0.000 {built-in method openssl_sha384}
        1    0.000    0.000    0.000    0.000 cp1251.py:25(StreamWriter)
        1    0.000    0.000    0.000    0.000 codecs.py:716(__getattr__)
        1    0.000    0.000    0.000    0.000 shutil.py:42(Error)
        1    0.000    0.000    0.000    0.000 optparse.py:1353(_get_args)
        1    0.000    0.000    0.000    0.000 decimal.py:180(DecimalException)
        1    0.000    0.000    0.000    0.000 optparse.py:765(check_value)
        1    0.000    0.000    0.000    0.000 tarfile.py:299(HeaderError)
        1    0.000    0.000    0.000    0.000 cp1252.py:17(IncrementalEncoder)
        1    0.000    0.000    0.000    0.000 tarfile.py:293(CompressionError)
        1    0.000    0.000    0.000    0.000 threading.py:829(_MainThread)
        1    0.000    0.000    0.000    0.000 decimal.py:254(DivisionByZero)
        1    0.000    0.000    0.000    0.000 koi8_r.py:28(StreamReader)
        1    0.000    0.000    0.000    0.000 cp1251.py:21(IncrementalDecoder)
        1    0.000    0.000    0.000    0.000 idna.py:218(IncrementalEncoder)
        1    0.000    0.000    0.000    0.000 tarfile.py:308(EOFHeaderError)
        1    0.000    0.000    0.000    0.000 decimal.py:270(DivisionImpossible)
        1    0.000    0.000    0.000    0.000 {method 'lstrip' of 'str' objects}
        1    0.000    0.000    0.000    0.000 configparser.py:247(InterpolationError)
        1    0.000    0.000    0.000    0.000 decimal.py:341(Overflow)
        1    0.000    0.000    0.000    0.000 tarfile.py:314(SubsequentHeaderError)
        4    0.000    0.000    0.000    0.000 {method 'reverse' of 'list' objects}
        1    0.000    0.000    0.000    0.000 errors.py:203(ProgrammingError)
        1    0.000    0.000    0.000    0.000 tarfile.py:302(EmptyHeaderError)
        1    0.000    0.000    0.000    0.000 connection.py:1005(unix_socket)
        1    0.000    0.000    0.000    0.000 {method 'discard' of 'set' objects}
        1    0.000    0.000    0.000    0.000 errors.py:183(Warning)
        1    0.000    0.000    0.000    0.000 constants.py:172(get_timestamp_types)
        1    0.000    0.000    0.000    0.000 zipf.py:43(LargeZipFile)
        1    0.000    0.000    0.000    0.000 cp1252.py:25(StreamWriter)
        1    0.000    0.000    0.000    0.000 threading.py:500(BrokenBarrierError)
        1    0.000    0.000    0.000    0.000 errors.py:199(OperationalError)
        1    0.000    0.000    0.000    0.000 optparse.py:956(set_description)
        1    0.000    0.000    0.000    0.000 cp866.py:25(StreamWriter)
        1    0.000    0.000    0.000    0.000 decimal.py:203(Clamped)
        1    0.000    0.000    0.000    0.000 decimal.py:330(Subnormal)
        1    0.000    0.000    0.000    0.000 configparser.py:336(MissingSectionHeaderError)
        1    0.000    0.000    0.000    0.000 __init__.py:17(<module>)
        1    0.000    0.000    0.000    0.000 configparser.py:272(InterpolationSyntaxError)
        1    0.000    0.000    0.000    0.000 decimal.py:379(Underflow)
        1    0.000    0.000    0.000    0.000 decimal.py:244(ConversionSyntax)
        1    0.000    0.000    0.000    0.000 cp1252.py:28(StreamReader)
        1    0.000    0.000    0.000    0.000 configparser.py:257(InterpolationMissingOptionError)
        1    0.000    0.000    0.000    0.000 tarfile.py:284(TarError)
        1    0.000    0.000    0.000    0.000 optparse.py:1259(_init_parsing_state)
        1    0.000    0.000    0.000    0.000 idna.py:295(StreamReader)
        1    0.000    0.000    0.000    0.000 tarfile.py:290(ReadError)
        1    0.000    0.000    0.000    0.000 decimal.py:304(InvalidContext)
        1    0.000    0.000    0.000    0.000 decimal.py:281(DivisionUndefined)
        1    0.000    0.000    0.000    0.000 tarfile.py:287(ExtractError)
        1    0.000    0.000    0.000    0.000 tarfile.py:305(TruncatedHeaderError)
        1    0.000    0.000    0.000    0.000 zipf.py:39(BadZipFile)
        1    0.000    0.000    0.000    0.000 cp1251.py:28(StreamReader)
        1    0.000    0.000    0.000    0.000 errors.py:195(InternalError)
        1    0.000    0.000    0.000    0.000 idna.py:292(StreamWriter)
        1    0.000    0.000    0.000    0.000 idna.py:253(IncrementalDecoder)
        1    0.000    0.000    0.000    0.000 ssl.py:128(CertificateError)
        1    0.000    0.000    0.000    0.000 cp866.py:17(IncrementalEncoder)
        1    0.000    0.000    0.000    0.000 errors.py:207(IntegrityError)
        1    0.000    0.000    0.000    0.000 codecs.py:326(__init__)
        1    0.000    0.000    0.000    0.000 configparser.py:280(InterpolationDepthError)
        1    0.000    0.000    0.000    0.000 conversion.py:50(set_unicode)
        1    0.000    0.000    0.000    0.000 connection.py:1000(server_port)
        1    0.000    0.000    0.000    0.000 {method 'disable' of '_lsprof.Profiler' objects}
        1    0.000    0.000    0.000    0.000 decimal.py:318(Rounded)
        1    0.000    0.000    0.000    0.000 errors.py:211(DataError)
        1    0.000    0.000    0.000    0.000 optparse.py:756(get_opt_string)
        1    0.000    0.000    0.000    0.000 errors.py:215(NotSupportedError)
        1    0.000    0.000    0.000    0.000 zipf.py:577(_check_compression)
        1    0.000    0.000    0.000    0.000 stat.py:27(S_IFMT)
        1    0.000    0.000    0.000    0.000 tarfile.py:311(InvalidHeaderError)
        1    0.000    0.000    0.000    0.000 cp866.py:28(StreamReader)
        1    0.000    0.000    0.000    0.000 decimal.py:292(Inexact)
        1    0.000    0.000    0.000    0.000 optparse.py:1411(_process_args)
        1    0.000    0.000    0.000    0.000 decimal.py:5836(__init__)
        1    0.000    0.000    0.000    0.000 network.py:268(set_connection_timeout)
        1    0.000    0.000    0.000    0.000 decimal.py:394(FloatOperation)
        1    0.000    0.000    0.000    0.000 errors.py:191(DatabaseError)
        1    0.000    0.000    0.000    0.000 optparse.py:229(set_parser)
        1    0.000    0.000    0.000    0.000 threading.py:620(_set_ident)
        1    0.000    0.000    0.000    0.000 __init__.py:8(<module>)
        1    0.000    0.000    0.000    0.000 optparse.py:1398(check_values)
        1    0.000    0.000    0.000    0.000 errors.py:187(InterfaceError)
        1    0.000    0.000    0.000    0.000 codecs.py:694(__iter__)
        1    0.000    0.000    0.000    0.000 {method 'release' of '_thread.lock' objects}
        1    0.000    0.000    0.000    0.000 {built-in method getfilesystemencoding}
        1    0.000    0.000    0.000    0.000 connection.py:995(server_host)
        1    0.000    0.000    0.000    0.000 __init__.py:1(<module>)


