
Books added      :  2837
Books skipped    :  0
Books in archives:  2837
Archives scanned :  1
Archives skipped :  0
Time estimated: 0  hours,  6  minutes,  9  seconds.
         10984503 function calls (10890734 primitive calls) in 369.415 seconds

   Ordered by: internal time

   ncalls  tottime  percall  cumtime  percall filename:lineno(function)
   604150  256.665    0.000  256.665    0.000 {method 'recv' of '_socket.socket' objects}
     2837   24.580    0.009   24.580    0.009 {method 'decompress' of 'zlib.Decompress' objects}
     8570   10.867    0.001   10.867    0.001 {method 'read' of '_io.BufferedReader' objects}
   120830    6.029    0.000  263.777    0.002 network.py:167(recv_plain)
    60793    5.774    0.000    5.774    0.000 {method 'sendall' of '_socket.socket' objects}
     2837    5.346    0.002   20.633    0.007 sopdsparse.py:175(parse)
   234541    3.597    0.000    6.285    0.000 sopdsparse.py:164(char_data)
     5674    3.018    0.001    3.018    0.001 {built-in method crc32}
   296817    2.959    0.000    4.895    0.000 utils.py:31(intread)
   841556    2.312    0.000    2.313    0.000 {built-in method isinstance}
  1172705    2.210    0.000    2.235    0.000 sopdsparse.py:35(setvalue)
    26400    2.090    0.000    6.945    0.000 cursor.py:263(_process_params)
   478300    2.064    0.000    2.064    0.000 sopdsparse.py:19(tagopen)
    92823    1.781    0.000    3.177    0.000 sopdsparse.py:138(end_element)
    95660    1.744    0.000    3.925    0.000 sopdsparse.py:116(start_element)
   292862    1.696    0.000    6.505    0.000 utils.py:241(read_int)
1328429/1328358    1.360    0.000    1.360    0.000 {built-in method len}
    26401    1.346    0.000   51.550    0.002 cursor.py:363(execute)
    42377    1.230    0.000    5.146    0.000 protocol.py:131(parse_ok)
   464115    1.220    0.000    1.220    0.000 sopdsparse.py:30(tagclose)
    60791    1.203    0.000  269.200    0.004 connection.py:381(_send_cmd)
    18414    1.183    0.000    3.791    0.000 protocol.py:155(parse_column)
    26400    1.165    0.000    1.542    0.000 {method 'sub' of '_sre.SRE_Pattern' objects}
   103168    1.100    0.000    1.281    0.000 utils.py:254(read_lc_int)
5671/2837    1.086    0.000  353.258    0.125 sopds-scan.py:91(processfile)
    34390    0.999    0.000   12.011    0.000 connection.py:492(_handle_result)
    60793    0.962    0.000    1.496    0.000 network.py:40(_prepare_packets)
    78335    0.944    0.000    2.124    0.000 conversion.py:126(to_mysql)
   234541    0.926    0.000    7.212    0.000 pyexpat.c:372(CharacterData)
   344116    0.908    0.000    0.908    0.000 {built-in method unpack}
    78335    0.874    0.000    1.589    0.000 conversion.py:82(escape)
    60793    0.750    0.000    8.020    0.000 network.py:93(send_plain)
    78335    0.696    0.000    1.142    0.000 conversion.py:110(quote)
   110484    0.601    0.000    0.601    0.000 utils.py:137(read_lc_string)
   182383    0.589    0.000    0.589    0.000 {built-in method pack}
    52801    0.514    0.000    0.612    0.000 cursor.py:194(_reset_result)
    79205    0.501    0.000    0.746    0.000 connection.py:432(_toggle_have_next_result)
    26401    0.477    0.000   12.543    0.000 connection.py:1147(cursor)
    95660    0.457    0.000    4.383    0.000 pyexpat.c:497(StartElement)
   234544    0.453    0.000    0.453    0.000 {built-in method repr}
    34390    0.438    0.000  274.555    0.008 connection.py:576(cmd_query)
    42377    0.428    0.000    6.003    0.000 connection.py:442(_handle_ok)
    36828    0.425    0.000    2.159    0.000 protocol.py:183(parse_eof)
    83812    0.400    0.000    0.400    0.000 {method 'format' of 'str' objects}
   300120    0.391    0.000    0.391    0.000 {method 'replace' of 'bytes' objects}
   112739    0.390    0.000    0.390    0.000 {method 'encode' of 'str' objects}
   100057    0.387    0.000    0.490    0.000 connection.py:1010(_set_unread_result)
   285308    0.382    0.000    0.382    0.000 {method 'lower' of 'str' objects}
    78335    0.377    0.000    0.377    0.000 cursor.py:45(__call__)
 89986/25    0.369    0.000    0.001    0.000 pyexpat.c:549(EndElement)
    26401    0.349    0.000    0.732    0.000 cursor.py:167(__init__)
    26401    0.346    0.000    5.316    0.000 cursor.py:323(_handle_result)
    18414    0.331    0.000    3.438    0.000 protocol.py:215(read_text_result)
    18414    0.311    0.000    4.730    0.000 cursor.py:750(_handle_resultset)
    60792    0.292    0.000    0.777    0.000 protocol.py:95(make_command)
    18414    0.286    0.000    3.997    0.000 connection.py:530(get_rows)
    60794    0.275    0.000    0.485    0.000 utils.py:48(int1store)
    83651    0.265    0.000    0.265    0.000 {built-in method getattr}
     2837    0.254    0.000   38.727    0.014 zipf.py:811(_read1)
    79205    0.245    0.000    0.245    0.000 constants.py:32(flag_is_set)
    50020    0.217    0.000    0.365    0.000 conversion.py:139(_str_to_mysql)
    26400    0.217    0.000    0.775    0.000 cursor.py:228(close)
   132007    0.212    0.000    0.212    0.000 connection.py:1022(_get_unread_result)
    26401    0.211    0.000    0.942    0.000 cursor.py:745(__init__)
    18414    0.207    0.000    0.328    0.000 cursor.py:625(_handle_eof)
     2839    0.205    0.000    0.205    0.000 {built-in method open}
    26401    0.205    0.000   10.992    0.000 connection.py:735(cmd_ping)
     4795    0.203    0.000    0.212    0.000 utils.py:189(read_lc_string_list)
     5678    0.193    0.000    0.317    0.000 posixpath.py:340(normpath)
    18414    0.191    0.000    1.427    0.000 connection.py:459(_handle_eof)
    26401    0.183    0.000    0.252    0.000 cursor.py:187(_set_connection)
    24090    0.177    0.000    0.239    0.000 {method 'decode' of 'bytes' objects}
     2837    0.175    0.000    0.859    0.000 zipf.py:1110(open)
    26401    0.172    0.000    0.279    0.000 connection.py:931(charset)
   119517    0.164    0.000    0.164    0.000 {method 'append' of 'list' objects}
     2837    0.163    0.000  106.627    0.038 sopdsdb.py:130(addbook)
    18414    0.158    0.000    0.158    0.000 cursor.py:763(_fetch_row)
        1    0.151    0.151    0.309    0.309 zipf.py:960(_RealGetContents)
    18414    0.148    0.000    0.372    0.000 protocol.py:151(parse_column_count)
     5674    0.145    0.000   13.473    0.002 sopdsdb.py:94(findbook)
    26400    0.140    0.000    0.206    0.000 cursor.py:205(_have_unread_result)
    26401    0.132    0.000   11.124    0.000 connection.py:765(is_connected)
       15    0.131    0.009    0.135    0.009 {built-in method load_dynamic}
    26401    0.131    0.000    0.131    0.000 cursor.py:67(__init__)
     2838    0.126    0.000    0.126    0.000 {method 'close' of '_io.BufferedReader' objects}
     3532    0.125    0.000  122.717    0.035 sopdsdb.py:215(addbauthor)
     2838    0.123    0.000    0.733    0.000 posixpath.py:452(relpath)
     5674    0.110    0.000    0.194    0.000 sopdsparse.py:101(reset)
    26403    0.108    0.000    0.108    0.000 constants.py:675(get_info)
    26400    0.107    0.000    0.136    0.000 cursor.py:54(remaining)
     3532    0.105    0.000   12.983    0.004 sopdsdb.py:179(findauthor)
    28315    0.104    0.000    0.104    0.000 conversion.py:130(_int_to_mysql)
    26400    0.100    0.000    0.100    0.000 cursor.py:41(__init__)
    18414    0.099    0.000    0.592    0.000 cursor.py:661(fetchone)
    52801    0.098    0.000    0.098    0.000 cursor.py:760(reset)
     4795    0.097    0.000    0.335    0.000 cursor.py:290(_row_to_python)
     2837    0.095    0.000    0.152    0.000 zipf.py:639(__init__)
     3532    0.087    0.000    7.189    0.002 sopdsdb.py:192(findbauthor)
     2838    0.086    0.000    6.770    0.002 sopdsdb.py:224(findcat)
     3532    0.084    0.000   63.235    0.018 sopdsdb.py:202(addauthor)
    28370    0.084    0.000    0.084    0.000 sopdsparse.py:14(reset)
     4795    0.083    0.000    0.230    0.000 conversion.py:242(to_python)
     7987    0.076    0.000    0.091    0.000 cursor.py:306(_handle_noresultset)
    15768    0.076    0.000    0.076    0.000 {method 'strip' of 'str' objects}
     2837    0.074    0.000    6.619    0.002 sopdsdb.py:107(finddouble)
    26439    0.069    0.000    0.069    0.000 {built-in method proxy}
    50196    0.067    0.000    0.067    0.000 sopdsparse.py:39(getvalue)
     2837    0.066    0.000   10.782    0.004 zipf.py:847(_read2)
     6468    0.061    0.000    0.061    0.000 {built-in method charmap_decode}
    11364    0.060    0.000    0.060    0.000 {method 'split' of 'str' objects}
     4795    0.056    0.000    0.065    0.000 constants.py:55(get_info)
     2837    0.054    0.000    3.062    0.001 zipf.py:771(_update_crc)
     2837    0.052    0.000    0.204    0.000 zipf.py:861(close)
    26401    0.050    0.000    0.050    0.000 connection.py:1098(_get_getwarnings)
       41    0.049    0.001    0.049    0.001 {method 'read' of '_io.FileIO' objects}
     2841    0.047    0.000    0.047    0.000 {method 'seek' of '_io.BufferedReader' objects}
     2838    0.046    0.000    0.068    0.000 genericpath.py:68(commonprefix)
    17208    0.044    0.000    0.044    0.000 {method 'startswith' of 'str' objects}
     2838    0.042    0.000    0.065    0.000 genericpath.py:85(_splitext)
     7989    0.041    0.000  239.375    0.030 connection.py:1195(_execute_query)
       41    0.041    0.001    0.041    0.001 {built-in method loads}
     5678    0.040    0.000    0.442    0.000 posixpath.py:377(abspath)
     2837    0.039    0.000    0.051    0.000 zipf.py:316(__init__)
     8517    0.038    0.000    0.038    0.000 {method 'rfind' of 'str' objects}
     2837    0.038    0.000   38.765    0.014 zipf.py:738(read)
     7987    0.038    0.000  239.411    0.030 connection.py:1187(commit)
    11369    0.036    0.000    0.073    0.000 posixpath.py:38(_get_sep)
     2837    0.035    0.000    0.035    0.000 {built-in method ParserCreate}
     5674    0.034    0.000    0.042    0.000 zipf.py:1069(getinfo)
     5678    0.033    0.000    0.086    0.000 posixpath.py:61(isabs)
     4795    0.032    0.000    0.032    0.000 conversion.py:287(_LONG_to_python)
     5674    0.030    0.000    0.060    0.000 cp866.py:14(decode)
     2837    0.029    0.000    0.029    0.000 {method 'flush' of 'zlib.Decompress' objects}
     2838    0.028    0.000    0.103    0.000 posixpath.py:118(splitext)
     2840    0.027    0.000    0.062    0.000 posixpath.py:102(split)
     2187    0.027    0.000    0.033    0.000 sre_parse.py:185(__next)
2838/2837    0.027    0.000    6.807    0.002 sopdsdb.py:238(addcattree)
     2837    0.026    0.000    0.174    0.000 {method 'Parse' of 'pyexpat.xmlparser' objects}
     8523    0.026    0.000    0.026    0.000 {built-in method max}
     2837    0.026    0.000    0.026    0.000 {function ZipExtFile.close at 0xb6f51f14}
     2837    0.024    0.000    0.030    0.000 pyexpat.c:593(XmlDecl)
    11348    0.023    0.000    0.023    0.000 {method 'read' of '_io.BytesIO' objects}
     6591    0.021    0.000    0.022    0.000 {method 'join' of 'str' objects}
     2837    0.021    0.000    0.021    0.000 {built-in method decompressobj}
     5938    0.021    0.000    0.021    0.000 {built-in method min}
     2837    0.020    0.000    0.041    0.000 zipf.py:608(_get_decompressor)
     2850    0.016    0.000    0.034    0.000 posixpath.py:71(join)
    74/22    0.016    0.000    0.068    0.003 sre_parse.py:431(_parse)
     2838    0.014    0.000    0.014    0.000 posixpath.py:470(<listcomp>)
     2838    0.013    0.000    0.013    0.000 posixpath.py:471(<listcomp>)
      168    0.013    0.000    0.061    0.000 {built-in method __build_class__}
      761    0.012    0.000    0.017    0.000 <frozen importlib._bootstrap>:74(_path_join)
      155    0.012    0.000    0.036    0.000 <frozen importlib._bootstrap>:1352(find_loader)
     2013    0.010    0.000    0.040    0.000 sre_parse.py:210(get)
     4838    0.009    0.000    0.009    0.000 {method 'items' of 'dict' objects}
     2837    0.009    0.000    0.009    0.000 zipf.py:410(_decodeExtra)
     46/1    0.009    0.000    0.408    0.408 {built-in method exec}
     5858    0.009    0.000    0.009    0.000 {method 'get' of 'dict' objects}
        2    0.008    0.004    0.018    0.009 sre_compile.py:302(_optimize_unicode)
     4795    0.008    0.000    0.008    0.000 cursor.py:106(description)
     3196    0.008    0.000    0.008    0.000 {built-in method hasattr}
     41/9    0.008    0.000    0.458    0.051 <frozen importlib._bootstrap>:850(_load_module)
     4455    0.008    0.000    0.008    0.000 cursor.py:143(lastrowid)
     2877    0.006    0.000    0.006    0.000 {method 'find' of 'str' objects}
     2961    0.006    0.000    0.006    0.000 {built-in method chr}
      512    0.006    0.000    0.006    0.000 {method 'setdefault' of 'dict' objects}
     2837    0.006    0.000    0.006    0.000 sopdsparse.py:113(xmldecl)
      789    0.006    0.000    0.037    0.000 cp1251.py:14(decode)
   132/20    0.005    0.000    0.024    0.001 sre_compile.py:33(_compile)
      285    0.005    0.000    0.005    0.000 {built-in method stat}
   178/74    0.004    0.000    0.005    0.000 sre_parse.py:142(getwidth)
      2/1    0.003    0.002    0.120    0.120 sopds-scan.py:4(<module>)
      506    0.003    0.000    0.005    0.000 sre_parse.py:132(__getitem__)
       57    0.003    0.000    0.047    0.001 <frozen importlib._bootstrap>:1473(_find_module)
       41    0.003    0.000    0.102    0.002 <frozen importlib._bootstrap>:935(get_code)
       36    0.003    0.000    0.023    0.001 sre_compile.py:208(_optimize_charset)
        1    0.003    0.003    0.028    0.028 configparser.py:986(_read)
       15    0.003    0.000    0.003    0.000 sre_compile.py:259(_mk_bitmap)
      808    0.003    0.000    0.003    0.000 <frozen importlib._bootstrap>:486(_verbose_message)
       56    0.003    0.000    0.041    0.001 <frozen importlib._bootstrap>:1278(_get_loader)
       41    0.002    0.000    0.052    0.001 <frozen importlib._bootstrap>:1031(get_data)
        1    0.002    0.002    0.002    0.002 zipf.py:460(_GenerateCRCTable)
      184    0.002    0.000    0.003    0.000 <frozen importlib._bootstrap>:86(_path_split)
       41    0.002    0.000    0.003    0.000 <frozen importlib._bootstrap>:804(_bytes_from_bytecode)
    65/20    0.002    0.000    0.068    0.003 sre_parse.py:353(_parse_sub)
     57/9    0.002    0.000    0.463    0.051 <frozen importlib._bootstrap>:1509(_find_and_load_unlocked)
      397    0.002    0.000    0.004    0.000 sre_parse.py:204(match)
       82    0.001    0.000    0.005    0.000 <frozen importlib._bootstrap>:415(cache_from_source)
       79    0.001    0.000    0.021    0.000 codecs.py:509(readline)
       67    0.001    0.000    0.002    0.000 <frozen importlib._bootstrap>:266(_get_module_lock)
       82    0.001    0.000    0.004    0.000 <frozen importlib._bootstrap>:796(is_package)
       14    0.001    0.000    0.004    0.000 abc.py:129(__new__)
    220/9    0.001    0.000    0.459    0.051 <frozen importlib._bootstrap>:581(_check_name_wrapper)
     25/6    0.001    0.000    0.003    0.001 abc.py:191(__subclasscheck__)
       44    0.001    0.000    0.001    0.000 {built-in method __new__ of type object at 0x49412f60}
        1    0.001    0.001    0.001    0.001 zipf.py:1040(<listcomp>)
     57/9    0.001    0.000    0.464    0.052 <frozen importlib._bootstrap>:1559(_find_and_load)
       38    0.001    0.000    0.019    0.000 codecs.py:429(read)
      585    0.001    0.000    0.001    0.000 {method 'rpartition' of 'str' objects}
       67    0.001    0.000    0.001    0.000 <frozen importlib._bootstrap>:201(acquire)
       67    0.001    0.000    0.001    0.000 <frozen importlib._bootstrap>:226(release)
     41/9    0.001    0.000    0.459    0.051 <frozen importlib._bootstrap>:536(module_for_loader_wrapper)
        1    0.001    0.001    0.079    0.079 decimal.py:113(<module>)
      188    0.001    0.000    0.001    0.000 <frozen importlib._bootstrap>:1261(_path_importer_cache)
       20    0.001    0.000    0.113    0.006 re.py:268(_compile)
      199    0.001    0.000    0.001    0.000 sre_parse.py:140(append)
       20    0.001    0.000    0.016    0.001 sre_compile.py:365(_compile_info)
       54    0.001    0.000    0.002    0.000 sre_compile.py:358(_simple)
      200    0.001    0.000    0.001    0.000 sre_parse.py:128(__len__)
       60    0.001    0.000    0.001    0.000 _weakrefset.py:36(__init__)
        1    0.001    0.001    0.051    0.051 {built-in method getaddrinfo}
        1    0.001    0.001    0.001    0.001 dbapi.py:27(<module>)
       36    0.001    0.000    0.024    0.001 sre_compile.py:179(_compile_charset)
       20    0.001    0.000    0.070    0.004 sre_parse.py:738(parse)
       20    0.001    0.000    0.112    0.006 sre_compile.py:489(compile)
      136    0.001    0.000    0.001    0.000 sre_parse.py:92(__init__)
      169    0.001    0.000    0.001    0.000 <frozen importlib._bootstrap>:1459(__exit__)
       57    0.001    0.000    0.001    0.000 <frozen importlib._bootstrap>:181(__init__)
        9    0.001    0.000    0.001    0.000 datetime.py:301(__new__)
       61    0.001    0.000    0.001    0.000 __init__.py:58(__setitem__)
      169    0.001    0.000    0.001    0.000 <frozen importlib._bootstrap>:1455(__enter__)
       80    0.001    0.000    0.002    0.000 <frozen importlib._bootstrap>:98(_path_is_mode_type)
       46    0.001    0.000    0.001    0.000 sre_parse.py:297(_escape)
        3    0.001    0.000    0.001    0.000 {built-in method dir}
        1    0.001    0.001    0.001    0.001 decimal.py:547(Decimal)
       34    0.001    0.000    0.001    0.000 _weakrefset.py:58(__iter__)
        3    0.000    0.000    0.001    0.000 decimal.py:3888(__init__)
        3    0.000    0.000    0.010    0.003 __init__.py:297(namedtuple)
    85/80    0.000    0.000    0.011    0.000 <frozen importlib._bootstrap>:1596(_handle_fromlist)
        1    0.000    0.000    0.001    0.001 configparser.py:1108(_join_multiline_values)
       14    0.000    0.000    0.001    0.000 abc.py:132(<setcomp>)
       82    0.000    0.000    0.000    0.000 <frozen importlib._bootstrap>:61(_r_long)
     11/8    0.000    0.000    0.120    0.015 {built-in method __import__}
        1    0.000    0.000    0.000    0.000 tarfile.py:737(TarInfo)
       28    0.000    0.000    0.002    0.000 configparser.py:755(get)
        1    0.000    0.000    0.032    0.032 sopdscfg.py:23(__init__)
       37    0.000    0.000    0.000    0.000 sre_parse.py:74(opengroup)
       62    0.000    0.000    0.000    0.000 {method 'match' of '_sre.SRE_Pattern' objects}
       71    0.000    0.000    0.002    0.000 <frozen importlib._bootstrap>:108(_path_isfile)
     41/9    0.000    0.000    0.459    0.051 <frozen importlib._bootstrap>:1019(load_module)
      133    0.000    0.000    0.000    0.000 {method 'extend' of 'list' objects}
       82    0.000    0.000    0.000    0.000 {method 'rsplit' of 'str' objects}
        1    0.000    0.000    0.006    0.006 tarfile.py:29(<module>)
       15    0.000    0.000    0.136    0.009 <frozen importlib._bootstrap>:1126(load_module)
        5    0.000    0.000    0.000    0.000 {built-in method listdir}
       41    0.000    0.000    0.000    0.000 <frozen importlib._bootstrap>:154(new_module)
        1    0.000    0.000    0.027    0.027 stringprep.py:6(<module>)
        1    0.000    0.000    0.000    0.000 connection.py:74(MySQLConnection)
       49    0.000    0.000    0.000    0.000 {method 'splitlines' of 'str' objects}
       56    0.000    0.000    0.042    0.001 <frozen importlib._bootstrap>:1305(find_module)
        1    0.000    0.000    0.014    0.014 datetime.py:5(<module>)
        1    0.000    0.000    0.000    0.000 functools.py:222(decorating_function)
       79    0.000    0.000    0.021    0.000 codecs.py:620(__next__)
       28    0.000    0.000    0.000    0.000 configparser.py:1126(_unify_values)
        1    0.000    0.000    0.020    0.020 ssl.py:55(<module>)
      236    0.000    0.000    0.000    0.000 {built-in method release_lock}
       79    0.000    0.000    0.022    0.000 {built-in method next}
     63/9    0.000    0.000    0.396    0.044 <frozen importlib._bootstrap>:305(_call_with_frames_removed)
       56    0.000    0.000    0.000    0.000 {built-in method utf_8_decode}
        1    0.000    0.000    0.002    0.002 threading.py:1(<module>)
       41    0.000    0.000    0.001    0.000 <frozen importlib._bootstrap>:1041(path_stats)
       20    0.000    0.000    0.041    0.002 sre_compile.py:474(_code)
        1    0.000    0.000    0.004    0.004 socket.py:45(<module>)
       79    0.000    0.000    0.022    0.000 codecs.py:689(__next__)
     41/9    0.000    0.000    0.459    0.051 <frozen importlib._bootstrap>:997(load_module)
        5    0.000    0.000    0.106    0.021 __init__.py:69(search_function)
       42    0.000    0.000    0.000    0.000 _weakrefset.py:68(__contains__)
       16    0.000    0.000    0.137    0.009 <frozen importlib._bootstrap>:496(set_package_wrapper)
        1    0.000    0.000    0.054    0.054 shutil.py:5(<module>)
      164    0.000    0.000    0.000    0.000 <frozen importlib._bootstrap>:1026(get_filename)
       31    0.000    0.000    0.000    0.000 _weakrefset.py:79(add)
       28    0.000    0.000    0.000    0.000 __init__.py:784(__getitem__)
        1    0.000    0.000    0.077    0.077 zipf.py:5(<module>)
       25    0.000    0.000    0.000    0.000 _weakrefset.py:26(__exit__)
       20    0.000    0.000    0.001    0.000 sre_parse.py:180(__init__)
      155    0.000    0.000    0.000    0.000 <frozen importlib._bootstrap>:38(_relax_case)
      169    0.000    0.000    0.000    0.000 {built-in method acquire_lock}
      102    0.000    0.000    0.000    0.000 {built-in method setattr}
        1    0.000    0.000    0.192    0.192 connection.py:25(<module>)
        7    0.000    0.000    0.000    0.000 __init__.py:42(normalize_encoding)
       56    0.000    0.000    0.000    0.000 <frozen importlib._bootstrap>:700(find_module)
        5    0.000    0.000    0.002    0.000 __init__.py:41(__init__)
    38/12    0.000    0.000    0.003    0.000 {built-in method issubclass}
      151    0.000    0.000    0.000    0.000 {method 'add' of 'set' objects}
       57    0.000    0.000    0.000    0.000 <frozen importlib._bootstrap>:643(find_module)
      2/1    0.000    0.000    0.058    0.058 sopds-scan.py:154(processzip)
       41    0.000    0.000    0.000    0.000 <frozen importlib._bootstrap>:1013(__init__)
       20    0.000    0.000    0.000    0.000 {built-in method compile}
       27    0.000    0.000    0.001    0.000 decimal.py:3949(__setattr__)
        2    0.000    0.000    0.001    0.001 gettext.py:353(find)
       38    0.000    0.000    0.000    0.000 {built-in method is_builtin}
       38    0.000    0.000    0.000    0.000 decimal.py:3913(<genexpr>)
       15    0.000    0.000    0.001    0.000 <frozen importlib._bootstrap>:1144(is_package)
       54    0.000    0.000    0.000    0.000 sre_parse.py:136(__setitem__)
       28    0.000    0.000    0.000    0.000 configparser.py:402(_interpolate_some)
      135    0.000    0.000    0.000    0.000 {built-in method get_ident}
        1    0.000    0.000    0.000    0.000 errorcode.py:27(<module>)
      117    0.000    0.000    0.000    0.000 {built-in method allocate_lock}
       37    0.000    0.000    0.000    0.000 sre_parse.py:85(closegroup)
        2    0.000    0.000    0.197    0.099 __init__.py:26(<module>)
       41    0.000    0.000    0.000    0.000 {built-in method _fix_co_filename}
       82    0.000    0.000    0.000    0.000 {method 'partition' of 'str' objects}
        6    0.000    0.000    0.000    0.000 decimal.py:556(__new__)
       34    0.000    0.000    0.000    0.000 abc.py:478(__iter__)
       25    0.000    0.000    0.000    0.000 _weakrefset.py:20(__enter__)
       15    0.000    0.000    0.000    0.000 decimal.py:3924(_set_integer_check)
       40    0.000    0.000    0.000    0.000 {method 'group' of '_sre.SRE_Match' objects}
       10    0.000    0.000    0.001    0.000 <frozen importlib._bootstrap>:285(_lock_unlock_module)
       40    0.000    0.000    0.000    0.000 sre_compile.py:471(isstring)
       16    0.000    0.000    0.136    0.009 <frozen importlib._bootstrap>:509(set_loader_wrapper)
      127    0.000    0.000    0.000    0.000 {built-in method ord}
       28    0.000    0.000    0.000    0.000 __init__.py:774(__init__)
        6    0.000    0.000    0.000    0.000 optparse.py:611(_set_attrs)
        6    0.000    0.000    0.001    0.000 optparse.py:999(add_option)
        6    0.000    0.000    0.000    0.000 decimal.py:3938(_set_signal_dict)
        6    0.000    0.000    0.001    0.000 optparse.py:562(__init__)
       56    0.000    0.000    0.000    0.000 {built-in method is_frozen}
       78    0.000    0.000    0.000    0.000 configparser.py:1013(<dictcomp>)
       60    0.000    0.000    0.000    0.000 <frozen importlib._bootstrap>:1147(<genexpr>)
        4    0.000    0.000    0.000    0.000 gettext.py:111(_expand_lang)
       30    0.000    0.000    0.000    0.000 {method 'search' of '_sre.SRE_Pattern' objects}
        5    0.000    0.000    0.002    0.000 abc.py:148(register)
       56    0.000    0.000    0.000    0.000 configparser.py:868(optionxform)
       28    0.000    0.000    0.000    0.000 configparser.py:389(before_get)
        1    0.000    0.000    0.015    0.015 cursor.py:25(<module>)
        1    0.000    0.000    0.037    0.037 configparser.py:119(<module>)
       30    0.000    0.000    0.000    0.000 decimal.py:3920(<genexpr>)
       20    0.000    0.000    0.000    0.000 sre_parse.py:69(__init__)
       15    0.000    0.000    0.000    0.000 {built-in method any}
        1    0.000    0.000    0.005    0.005 errors.py:25(<module>)
       66    0.000    0.000    0.000    0.000 {method 'endswith' of 'str' objects}
        1    0.000    0.000    0.002    0.002 configparser.py:595(__init__)
       57    0.000    0.000    0.000    0.000 <frozen importlib._bootstrap>:280(cb)
       20    0.000    0.000    0.000    0.000 sre_parse.py:726(fix_flags)
       41    0.000    0.000    0.000    0.000 {built-in method getlower}
        7    0.000    0.000    0.000    0.000 {built-in method print}
        1    0.000    0.000    0.000    0.000 os.py:44(<listcomp>)
        4    0.000    0.000    0.000    0.000 <frozen importlib._bootstrap>:1332(__init__)
        1    0.000    0.000    0.000    0.000 {method 'connect' of '_socket.socket' objects}
        1    0.000    0.000    0.001    0.001 cp866.py:3(<module>)
        1    0.000    0.000    0.008    0.008 hashlib.py:63(<module>)
        1    0.000    0.000    0.107    0.107 conversion.py:25(<module>)
        4    0.000    0.000    0.000    0.000 <frozen importlib._bootstrap>:1396(_fill_cache)
        1    0.000    0.000    0.002    0.002 base64.py:3(<module>)
        4    0.000    0.000    0.001    0.000 <frozen importlib._bootstrap>:1244(_path_hooks)
        6    0.000    0.000    0.000    0.000 optparse.py:590(_set_opt_strings)
        5    0.000    0.000    0.002    0.000 abc.py:557(update)
        1    0.000    0.000    0.031    0.031 configparser.py:554(RawConfigParser)
        1    0.000    0.000    0.011    0.011 lzma.py:9(<module>)
        1    0.000    0.000    0.010    0.010 protocol.py:25(<module>)
        1    0.000    0.000    0.041    0.041 network.py:25(<module>)
       25    0.000    0.000    0.000    0.000 _weakrefset.py:16(__init__)
        9    0.000    0.000    0.000    0.000 {built-in method round}
        1    0.000    0.000    0.041    0.041 sopdscfg.py:3(<module>)
        1    0.000    0.000    0.000    0.000 cursor.py:155(MySQLCursor)
        4    0.000    0.000    0.000    0.000 locale.py:339(normalize)
        1    0.000    0.000    0.000    0.000 decimal.py:3869(Context)
        1    0.000    0.000    0.000    0.000 optparse.py:1310(get_default_values)
        5    0.000    0.000    0.001    0.000 abc.py:175(__instancecheck__)
        1    0.000    0.000    0.000    0.000 connection.py:181(config)
        6    0.000    0.000    0.000    0.000 hashlib.py:104(__get_openssl_constructor)
        9    0.000    0.000    0.000    0.000 os.py:671(__getitem__)
        2    0.000    0.000    0.000    0.000 threading.py:127(__init__)
        1    0.000    0.000    0.049    0.049 idna.py:3(<module>)
       20    0.000    0.000    0.113    0.006 re.py:212(compile)
        8    0.000    0.000    0.000    0.000 abc.py:397(get)
        1    0.000    0.000    0.008    0.008 constants.py:25(<module>)
        1    0.000    0.000    0.000    0.000 {built-in method init_builtin}
        1    0.000    0.000    0.000    0.000 numbers.py:299(Integral)
       37    0.000    0.000    0.000    0.000 {method 'remove' of 'list' objects}
       15    0.000    0.000    0.000    0.000 <frozen importlib._bootstrap>:1122(__init__)
        1    0.000    0.000    0.036    0.036 bz2.py:5(<module>)
       42    0.000    0.000    0.000    0.000 abc.py:8(abstractmethod)
        1    0.000    0.000    0.022    0.022 expat.py:1(<module>)
        1    0.000    0.000    0.000    0.000 constants.py:161(get_number_types)
       12    0.000    0.000    0.000    0.000 __init__.py:359(<genexpr>)
       25    0.000    0.000    0.000    0.000 _weakrefset.py:52(_commit_removals)
        1    0.000    0.000    0.051    0.051 network.py:340(open_connection)
       59    0.000    0.000    0.000    0.000 sre_compile.py:25(_identityfunction)
        8    0.000    0.000    0.000    0.000 genericpath.py:15(exists)
       12    0.000    0.000    0.000    0.000 __init__.py:357(<genexpr>)
        1    0.000    0.000    0.000    0.000 threading.py:520(Thread)
       18    0.000    0.000    0.000    0.000 {method 'replace' of 'str' objects}
        5    0.000    0.000    0.000    0.000 codecs.py:77(__new__)
        1    0.000    0.000    0.000    0.000 tarfile.py:1394(TarFile)
        1    0.000    0.000    0.000    0.000 threading.py:532(__init__)
        1    0.000    0.000    0.000    0.000 {built-in method warn}
       45    0.000    0.000    0.000    0.000 {built-in method divmod}
        1    0.000    0.000    0.000    0.000 threading.py:308(set)
       58    0.000    0.000    0.000    0.000 {method 'rstrip' of 'str' objects}
       84    0.000    0.000    0.000    0.000 {built-in method abs}
        1    0.000    0.000    0.000    0.000 constants.py:85(FieldType)
        1    0.000    0.000    0.201    0.201 sopdsdb.py:4(<module>)
        1    0.000    0.000    0.003    0.003 numbers.py:6(<module>)
       36    0.000    0.000    0.000    0.000 {method 'isidentifier' of 'str' objects}
        1    0.000    0.000    0.309    0.309 zipf.py:888(__init__)
        1    0.000    0.000    0.000    0.000 <string>:1(<module>)
        1    0.000    0.000    0.000    0.000 socket.py:193(_real_close)
        1    0.000    0.000    0.000    0.000 codecs.py:849(open)
        1    0.000    0.000    0.000    0.000 codecs.py:1045(<dictcomp>)
       34    0.000    0.000    0.000    0.000 __init__.py:83(__iter__)
        9    0.000    0.000    0.000    0.000 <frozen importlib._bootstrap>:114(_path_isdir)
        1    0.000    0.000    0.000    0.000 {built-in method pow}
       60    0.000    0.000    0.000    0.000 {built-in method globals}
        1    0.000    0.000    0.001    0.001 cp1252.py:3(<module>)
        1    0.000    0.000    0.000    0.000 zipf.py:230(_EndRecData)
        1    0.000    0.000    0.003    0.003 connection.py:121(_do_handshake)
        6    0.000    0.000    0.000    0.000 configparser.py:792(_get)
       32    0.000    0.000    0.000    0.000 <frozen importlib._bootstrap>:1338(<genexpr>)
        1    0.000    0.000    0.002    0.002 optparse.py:1182(__init__)
        1    0.000    0.000    0.027    0.027 sopdsparse.py:4(<module>)
        1    0.000    0.000    0.000    0.000 cursor.py:58(CursorBase)
        1    0.000    0.000    0.000    0.000 numbers.py:32(Complex)
        9    0.000    0.000    0.000    0.000 os.py:745(encode)
        1    0.000    0.000    0.000    0.000 cp1251.py:3(<module>)
        1    0.000    0.000    0.000    0.000 zipf.py:869(ZipFile)
        1    0.000    0.000    0.056    0.056 connection.py:76(__init__)
        1    0.000    0.000    0.000    0.000 threading.py:800(Timer)
        8    0.000    0.000    0.000    0.000 sre_compile.py:52(fixup)
       49    0.000    0.000    0.000    0.000 {method 'isalnum' of 'str' objects}
        1    0.000    0.000    0.000    0.000 protocol.py:114(parse_handshake)
        1    0.000    0.000    0.000    0.000 datetime.py:1289(datetime)
        1    0.000    0.000    0.000    0.000 koi8_r.py:3(<module>)
        4    0.000    0.000    0.001    0.000 <frozen importlib._bootstrap>:1437(path_hook_for_FileFinder)
        1    0.000    0.000    0.056    0.056 connection.py:349(connect)
        5    0.000    0.000    0.000    0.000 datetime.py:645(__new__)
        6    0.000    0.000    0.000    0.000 configparser.py:815(getboolean)
        1    0.000    0.000    0.000    0.000 conversion.py:65(MySQLConverter)
        2    0.000    0.000    0.000    0.000 idna.py:147(encode)
        1    0.000    0.000    0.000    0.000 functools.py:35(update_wrapper)
        1    0.000    0.000    0.055    0.055 connection.py:317(_open_connection)
        1    0.000    0.000    0.000    0.000 <string>:5(DecimalTuple)
       25    0.000    0.000    0.000    0.000 {method '__subclasses__' of 'type' objects}
        1    0.000    0.000    0.028    0.028 configparser.py:695(read_file)
        1    0.000    0.000    0.000    0.000 codecs.py:659(__init__)
        1    0.000    0.000    0.000    0.000 protocol.py:39(_scramble_password)
        1    0.000    0.000    0.000    0.000 sopdsparse.py:87(__init__)
        5    0.000    0.000    0.000    0.000 {built-in method calcsize}
        1    0.000    0.000    0.000    0.000 threading.py:831(__init__)
        2    0.000    0.000    0.000    0.000 datetime.py:1001(__new__)
        5    0.000    0.000    0.000    0.000 sopdsparse.py:7(__init__)
        1    0.000    0.000    0.000    0.000 sopdsdb.py:31(opdsDatabase)
        1    0.000    0.000    0.000    0.000 conversion.py:35(ConverterBase)
        1    0.000    0.000    0.000    0.000 tarfile.py:625(_FileInFile)
        1    0.000    0.000    0.000    0.000 numbers.py:152(Real)
        6    0.000    0.000    0.000    0.000 configparser.py:1146(_convert_to_boolean)
        1    0.000    0.000    0.000    0.000 _weakrefset.py:38(_remove)
        1    0.000    0.000    0.000    0.000 codecs.py:401(__init__)
        1    0.000    0.000    0.000    0.000 datetime.py:977(time)
        1    0.000    0.000    0.000    0.000 datetime.py:282(timedelta)
        1    0.000    0.000    0.000    0.000 <string>:5(usage)
       25    0.000    0.000    0.000    0.000 {method 'remove' of 'set' objects}
       30    0.000    0.000    0.000    0.000 {method 'start' of '_sre.SRE_Match' objects}
        1    0.000    0.000    0.000    0.000 fnmatch.py:11(<module>)
        1    0.000    0.000    0.000    0.000 datetime.py:1807(timezone)
        1    0.000    0.000    0.000    0.000 connection.py:299(_get_connection)
        1    0.000    0.000    0.000    0.000 datetime.py:615(date)
        1    0.000    0.000    0.000    0.000 optparse.py:205(__init__)
        3    0.000    0.000    0.000    0.000 datetime.py:1299(__new__)
        3    0.000    0.000    0.000    0.000 {built-in method charmap_build}
        2    0.000    0.000    0.000    0.000 os.py:337(walk)
        1    0.000    0.000    0.028    0.028 configparser.py:746(readfp)
       28    0.000    0.000    0.000    0.000 configparser.py:365(before_read)
        6    0.000    0.000    0.000    0.000 optparse.py:972(_check_conflict)
        1    0.000    0.000    0.000    0.000 connection.py:147(_do_auth)
        1    0.000    0.000    0.000    0.000 traceback.py:1(<module>)
        1    0.000    0.000    0.000    0.000 bz2.py:32(BZ2File)
        1    0.000    0.000    0.000    0.000 protocol.py:53(_prepare_auth)
        5    0.000    0.000    0.000    0.000 datetime.py:251(_check_date_fields)
        1    0.000    0.000    0.000    0.000 posixpath.py:148(dirname)
        1    0.000    0.000    0.000    0.000 threading.py:345(Barrier)
        2    0.000    0.000    0.000    0.000 {method 'update' of 'dict' objects}
        6    0.000    0.000    0.000    0.000 optparse.py:581(_check_opt_strings)
        1    0.000    0.000    0.000    0.000 connection.py:649(cmd_quit)
        1    0.000    0.000    0.004    0.004 zipf.py:625(ZipExtFile)
        2    0.000    0.000    0.000    0.000 {method 'acquire' of '_thread.lock' objects}
        1    0.000    0.000    0.000    0.000 cp1251.py:33(getregentry)
        1    0.000    0.000    0.000    0.000 socket.py:93(__init__)
        1    0.000    0.000    0.000    0.000 ssl.py:231(SSLSocket)
        1    0.000    0.000    0.000    0.000 lzma.py:38(LZMAFile)
        1    0.000    0.000    0.000    0.000 cursor.py:742(MySQLCursorBuffered)
        1    0.000    0.000    0.000    0.000 utils.py:25(<module>)
        1    0.000    0.000    0.002    0.002 sopdsdb.py:457(zipisscanned)
        4    0.000    0.000    0.000    0.000 {method 'setter' of 'property' objects}
        1    0.000    0.000    0.000    0.000 numbers.py:272(Rational)
        4    0.000    0.000    0.000    0.000 abc.py:416(items)
       12    0.000    0.000    0.000    0.000 abc.py:129(__subclasshook__)
        1    0.000    0.000    0.000    0.000 os.py:40(_get_exports_list)
        2    0.000    0.000    0.001    0.001 gettext.py:459(dgettext)
        3    0.000    0.000    0.000    0.000 koi8_r.py:14(decode)
        1    0.000    0.000    0.000    0.000 configparser.py:1207(SectionProxy)
        1    0.000    0.000    0.000    0.000 cp1252.py:33(getregentry)
        1    0.000    0.000    0.000    0.000 cursor.py:40(_ParamSubstitutor)
        1    0.000    0.000    0.000    0.000 protocol.py:73(make_auth)
        1    0.000    0.000    0.000    0.000 connection.py:895(set_charset_collation)
        6    0.000    0.000    0.000    0.000 optparse.py:630(_check_action)
        1    0.000    0.000    0.000    0.000 connection.py:830(set_converter_class)
        1    0.000    0.000    0.000    0.000 {built-in method sorted}
        1    0.000    0.000    0.000    0.000 optparse.py:1359(parse_args)
        2    0.000    0.000    0.000    0.000 {method 'tolist' of 'array.array' objects}
        4    0.000    0.000    0.000    0.000 {built-in method openssl_sha1}
        1    0.000    0.000    0.000    0.000 threading.py:295(__init__)
        5    0.000    0.000    0.000    0.000 datetime.py:262(_check_time_fields)
        1    0.000    0.000    0.001    0.001 connection.py:335(_post_connection)
        1    0.000    0.000    0.000    0.000 idna.py:300(getregentry)
       13    0.000    0.000    0.000    0.000 {method '__subclasshook__' of 'object' objects}
        2    0.000    0.000    0.001    0.000 connection.py:368(disconnect)
        3    0.000    0.000    0.000    0.000 configparser.py:1210(__init__)
        1    0.000    0.000    0.000    0.000 network.py:55(BaseMySQLSocket)
        1    0.000    0.000    0.000    0.000 constants.py:237(ServerCmd)
        1    0.000    0.000    0.000    0.000 tarfile.py:345(_Stream)
        2    0.000    0.000    0.001    0.001 gettext.py:393(translation)
        1    0.000    0.000    0.002    0.002 configparser.py:516(LegacyInterpolation)
        1    0.000    0.000    0.000    0.000 koi8_r.py:33(getregentry)
        1    0.000    0.000    0.000    0.000 threading.py:125(Condition)
        1    0.000    0.000    0.000    0.000 cp866.py:33(getregentry)
        1    0.000    0.000    0.000    0.000 threading.py:236(Semaphore)
        1    0.000    0.000    0.000    0.000 constants.py:303(ClientFlag)
        1    0.000    0.000    0.056    0.056 sopdsdb.py:43(openDB)
       12    0.000    0.000    0.000    0.000 {method '__contains__' of 'frozenset' objects}
        1    0.000    0.000    0.000    0.000 protocol.py:38(MySQLProtocol)
        1    0.000    0.000    0.000    0.000 sopdsparse.py:49(fb2cover)
        1    0.000    0.000    0.000    0.000 base64.py:153(<listcomp>)
        1    0.000    0.000    0.000    0.000 socket.py:254(SocketIO)
        6    0.000    0.000    0.000    0.000 optparse.py:585(<listcomp>)
        1    0.000    0.000    0.000    0.000 optparse.py:924(__init__)
        1    0.000    0.000    0.000    0.000 socket.py:87(socket)
        1    0.000    0.000    0.000    0.000 constants.py:178(FieldFlag)
        5    0.000    0.000    0.000    0.000 dbapi.py:36(__init__)
        2    0.000    0.000    0.000    0.000 constants.py:362(get_default)
        1    0.000    0.000    0.000    0.000 cursor.py:819(MySQLCursorBufferedRaw)
        2    0.000    0.000    0.000    0.000 cp1252.py:14(decode)
        1    0.000    0.000    0.002    0.002 zipf.py:447(_ZipDecrypter)
        1    0.000    0.000    0.000    0.000 base64.py:154(<listcomp>)
        1    0.000    0.000    0.000    0.000 threading.py:63(_RLock)
        1    0.000    0.000    0.000    0.000 constants.py:450(CharacterSet)
        2    0.000    0.000    0.000    0.000 zipf.py:1445(close)
        1    0.000    0.000    0.000    0.000 zipf.py:187(_EndRecData64)
        1    0.000    0.000    0.000    0.000 protocol.py:46(<listcomp>)
        1    0.000    0.000    0.000    0.000 constants.py:788(SQLMode)
        1    0.000    0.000    0.000    0.000 network.py:63(__init__)
        1    0.000    0.000    0.000    0.000 utils.py:221(read_string)
        1    0.000    0.000    0.000    0.000 configparser.py:293(ParsingError)
        1    0.000    0.000    0.000    0.000 network.py:330(__init__)
        1    0.000    0.000    0.000    0.000 constants.py:396(RefreshOption)
        1    0.000    0.000    0.001    0.001 zipf.py:1038(namelist)
        3    0.000    0.000    0.000    0.000 {method 'digest' of '_hashlib.HASH' objects}
        1    0.000    0.000    0.000    0.000 network.py:85(close_connection)
        2    0.000    0.000    0.000    0.000 {method 'split' of 'bytes' objects}
        1    0.000    0.000    0.000    0.000 optparse.py:829(__init__)
        4    0.000    0.000    0.000    0.000 abc.py:437(__init__)
        1    0.000    0.000    0.000    0.000 sopdsparse.py:6(fb2tag)
        3    0.000    0.000    0.000    0.000 {built-in method _getframe}
        6    0.000    0.000    0.000    0.000 optparse.py:636(_check_type)
        1    0.000    0.000    0.001    0.001 sopdsdb.py:64(closeDB)
        1    0.000    0.000    0.056    0.056 __init__.py:42(Connect)
        1    0.000    0.000    0.001    0.001 configparser.py:372(BasicInterpolation)
        2    0.000    0.000    0.000    0.000 os.py:749(decode)
        2    0.000    0.000    0.000    0.000 {built-in method time}
        1    0.000    0.000    0.000    0.000 threading.py:230(notify_all)
        1    0.000    0.000    0.000    0.000 genericpath.py:38(isdir)
        1    0.000    0.000    0.000    0.000 configparser.py:144(Error)
        1    0.000    0.000    0.000    0.000 codecs.py:1037(make_identity_dict)
        1    0.000    0.000    0.001    0.001 configparser.py:443(ExtendedInterpolation)
        1    0.000    0.000    0.000    0.000 socket.py:197(close)
        6    0.000    0.000    0.000    0.000 optparse.py:679(_check_dest)
        1    0.000    0.000    0.000    0.000 constants.py:40(_constants)
        3    0.000    0.000    0.000    0.000 datetime.py:1831(_create)
        1    0.000    0.000    0.000    0.000 {built-in method getcwd}
        1    0.000    0.000    0.000    0.000 threading.py:216(notify)
        1    0.000    0.000    0.001    0.001 optparse.py:1244(_add_version_option)
        1    0.000    0.000    0.000    0.000 <frozen importlib._bootstrap>:654(load_module)
        1    0.000    0.000    0.000    0.000 <frozen importlib._bootstrap>:593(_requires_builtin_wrapper)
        1    0.000    0.000    0.000    0.000 connection.py:138(<listcomp>)
        1    0.000    0.000    0.000    0.000 threading.py:291(Event)
        1    0.000    0.000    0.000    0.000 tarfile.py:595(_StreamProxy)
        1    0.000    0.000    0.001    0.001 optparse.py:1239(_add_help_option)
        6    0.000    0.000    0.000    0.000 optparse.py:709(_check_callback)
        6    0.000    0.000    0.000    0.000 optparse.py:700(_check_nargs)
        2    0.000    0.000    0.000    0.000 sre_parse.py:255(_class_escape)
        1    0.000    0.000    0.000    0.000 conversion.py:37(__init__)
        5    0.000    0.000    0.000    0.000 datetime.py:44(_days_in_month)
        1    0.000    0.000    0.000    0.000 sopdsdb.py:32(__init__)
        3    0.000    0.000    0.000    0.000 datetime.py:39(_days_before_year)
        1    0.000    0.000    0.000    0.000 sopdsparse.py:86(fb2parser)
        1    0.000    0.000    0.000    0.000 optparse.py:1268(set_usage)
        1    0.000    0.000    0.000    0.000 zipf.py:1554(PyZipFile)
        2    0.000    0.000    0.000    0.000 utils.py:81(int4store)
        1    0.000    0.000    0.002    0.002 optparse.py:1249(_populate_option_list)
        6    0.000    0.000    0.000    0.000 optparse.py:666(_check_choice)
        1    0.000    0.000    0.000    0.000 cursor.py:798(MySQLCursorRaw)
        1    0.000    0.000    0.000    0.000 tarfile.py:321(_LowLevelFile)
        1    0.000    0.000    0.000    0.000 constants.py:369(ServerFlag)
        1    0.000    0.000    0.000    0.000 decimal.py:3854(_ContextManager)
        1    0.000    0.000    0.000    0.000 zipf.py:506(LZMACompressor)
        1    0.000    0.000    0.000    0.000 datetime.py:484(__neg__)
        1    0.000    0.000    0.000    0.000 zipf.py:291(ZipInfo)
        1    0.000    0.000    0.000    0.000 {built-in method lookup}
        1    0.000    0.000    0.000    0.000 decimal.py:5594(_WorkRep)
        1    0.000    0.000    0.000    0.000 constants.py:419(ShutdownType)
        5    0.000    0.000    0.000    0.000 {method 'isdigit' of 'str' objects}
        1    0.000    0.000    0.000    0.000 {method 'union' of 'set' objects}
        1    0.000    0.000    0.000    0.000 codecs.py:326(__init__)
        1    0.000    0.000    0.000    0.000 codecs.py:716(__getattr__)
        1    0.000    0.000    0.000    0.000 optparse.py:1234(_create_option_list)
        1    0.000    0.000    0.000    0.000 ssl.py:194(SSLContext)
        1    0.000    0.000    0.000    0.000 threading.py:279(BoundedSemaphore)
        1    0.000    0.000    0.000    0.000 datetime.py:908(tzinfo)
        6    0.000    0.000    0.000    0.000 optparse.py:694(_check_const)
        2    0.000    0.000    0.001    0.001 gettext.py:497(gettext)
        5    0.000    0.000    0.000    0.000 datetime.py:274(_check_tzinfo_arg)
        1    0.000    0.000    0.000    0.000 tarfile.py:2377(TarIter)
        1    0.000    0.000    0.000    0.000 {built-in method openssl_md5}
        1    0.000    0.000    0.000    0.000 configparser.py:1175(ConfigParser)
        1    0.000    0.000    0.001    0.001 connection.py:1144(close)
        1    0.000    0.000    0.000    0.000 threading.py:861(_DummyThread)
        1    0.000    0.000    0.000    0.000 connection.py:870(set_login)
        1    0.000    0.000    0.000    0.000 network.py:296(MySQLUnixSocket)
        1    0.000    0.000    0.000    0.000 decimal.py:244(ConversionSyntax)
        1    0.000    0.000    0.000    0.000 decimal.py:5832(_Log10Memoize)
        1    0.000    0.000    0.000    0.000 constants.py:154(get_binary_types)
        1    0.000    0.000    0.000    0.000 cp1252.py:9(Codec)
        1    0.000    0.000    0.000    0.000 threading.py:166(_is_owned)
        1    0.000    0.000    0.000    0.000 decimal.py:180(DecimalException)
        1    0.000    0.000    0.000    0.000 decimal.py:281(DivisionUndefined)
        1    0.000    0.000    0.000    0.000 connection.py:1075(set_autocommit)
        1    0.000    0.000    0.000    0.000 {method 'groups' of '_sre.SRE_Match' objects}
        1    0.000    0.000    0.000    0.000 threading.py:829(_MainThread)
        1    0.000    0.000    0.000    0.000 cp1251.py:9(Codec)
        1    0.000    0.000    0.000    0.000 zipf.py:1441(__del__)
        1    0.000    0.000    0.000    0.000 decimal.py:215(InvalidOperation)
        1    0.000    0.000    0.000    0.000 optparse.py:1304(_get_all_options)
        1    0.000    0.000    0.000    0.000 decimal.py:304(InvalidContext)
        1    0.000    0.000    0.000    0.000 cp866.py:9(Codec)
        1    0.000    0.000    0.000    0.000 network.py:325(MySQLTCPSocket)
        2    0.000    0.000    0.000    0.000 {built-in method maketrans}
        1    0.000    0.000    0.000    0.000 conversion.py:79(__init__)
        1    0.000    0.000    0.000    0.000 threading.py:500(BrokenBarrierError)
        1    0.000    0.000    0.000    0.000 decimal.py:254(DivisionByZero)
        1    0.000    0.000    0.000    0.000 constants.py:146(get_string_types)
        1    0.000    0.000    0.000    0.000 sopds-scan.py:189(<setcomp>)
        1    0.000    0.000    0.000    0.000 threading.py:620(_set_ident)
        1    0.000    0.000    0.000    0.000 decimal.py:270(DivisionImpossible)
        1    0.000    0.000    0.000    0.000 errors.py:154(Error)
        1    0.000    0.000    0.000    0.000 {built-in method openssl_sha256}
        1    0.000    0.000    0.000    0.000 decimal.py:203(Clamped)
        1    0.000    0.000    0.000    0.000 cp1252.py:21(IncrementalDecoder)
        1    0.000    0.000    0.000    0.000 {method 'tell' of '_io.BufferedReader' objects}
        2    0.000    0.000    0.000    0.000 {method 'copy' of 'dict' objects}
        1    0.000    0.000    0.000    0.000 stat.py:46(S_ISDIR)
        1    0.000    0.000    0.000    0.000 idna.py:146(Codec)
        1    0.000    0.000    0.000    0.000 tarfile.py:296(StreamError)
        1    0.000    0.000    0.000    0.000 constants.py:72(_constantflags)
        1    0.000    0.000    0.000    0.000 decimal.py:341(Overflow)
        1    0.000    0.000    0.000    0.000 cp1252.py:17(IncrementalEncoder)
        1    0.000    0.000    0.000    0.000 dbapi.py:34(_DBAPITypeObject)
        1    0.000    0.000    0.000    0.000 zipf.py:529(LZMADecompressor)
        1    0.000    0.000    0.000    0.000 tarfile.py:726(ExFileObject)
        1    0.000    0.000    0.000    0.000 tarfile.py:299(HeaderError)
        1    0.000    0.000    0.000    0.000 configparser.py:356(Interpolation)
        1    0.000    0.000    0.000    0.000 decimal.py:318(Rounded)
        2    0.000    0.000    0.000    0.000 conversion.py:43(set_charset)
        1    0.000    0.000    0.000    0.000 functools.py:192(lru_cache)
        1    0.000    0.000    0.000    0.000 koi8_r.py:9(Codec)
        1    0.000    0.000    0.000    0.000 {method 'lstrip' of 'str' objects}
        1    0.000    0.000    0.000    0.000 {built-in method openssl_sha384}
        1    0.000    0.000    0.000    0.000 optparse.py:370(__init__)
        2    0.000    0.000    0.000    0.000 {method 'tobytes' of 'array.array' objects}
        3    0.000    0.000    0.000    0.000 sre_parse.py:223(tell)
        1    0.000    0.000    0.000    0.000 {built-in method openssl_sha224}
        1    0.000    0.000    0.000    0.000 optparse.py:951(set_conflict_handler)
        1    0.000    0.000    0.000    0.000 decimal.py:292(Inexact)
        1    0.000    0.000    0.000    0.000 tarfile.py:290(ReadError)
        1    0.000    0.000    0.000    0.000 configparser.py:280(InterpolationDepthError)
        1    0.000    0.000    0.000    0.000 network.py:70(next_packet_number)
        1    0.000    0.000    0.000    0.000 optparse.py:765(check_value)
        1    0.000    0.000    0.000    0.000 idna.py:218(IncrementalEncoder)
        1    0.000    0.000    0.000    0.000 configparser.py:247(InterpolationError)
        1    0.000    0.000    0.000    0.000 cp1252.py:25(StreamWriter)
        1    0.000    0.000    0.000    0.000 tarfile.py:284(TarError)
        1    0.000    0.000    0.000    0.000 shutil.py:55(RegistryError)
        1    0.000    0.000    0.000    0.000 cp866.py:21(IncrementalDecoder)
        1    0.000    0.000    0.000    0.000 decimal.py:379(Underflow)
        1    0.000    0.000    0.000    0.000 zipf.py:43(LargeZipFile)
        1    0.000    0.000    0.000    0.000 configparser.py:1194(SafeConfigParser)
        1    0.000    0.000    0.000    0.000 sopdscfg.py:22(cfgreader)
        1    0.000    0.000    0.000    0.000 {method 'index' of 'bytes' objects}
        1    0.000    0.000    0.000    0.000 configparser.py:209(DuplicateOptionError)
        1    0.000    0.000    0.000    0.000 optparse.py:1259(_init_parsing_state)
        2    0.000    0.000    0.000    0.000 utils.py:128(read_bytes)
        1    0.000    0.000    0.000    0.000 tarfile.py:308(EOFHeaderError)
        1    0.000    0.000    0.000    0.000 decimal.py:5836(__init__)
        1    0.000    0.000    0.000    0.000 tarfile.py:287(ExtractError)
        1    0.000    0.000    0.000    0.000 tarfile.py:305(TruncatedHeaderError)
        1    0.000    0.000    0.000    0.000 tarfile.py:302(EmptyHeaderError)
        1    0.000    0.000    0.000    0.000 koi8_r.py:21(IncrementalDecoder)
        1    0.000    0.000    0.000    0.000 tarfile.py:314(SubsequentHeaderError)
        1    0.000    0.000    0.000    0.000 decimal.py:330(Subnormal)
        1    0.000    0.000    0.000    0.000 optparse.py:935(_create_option_mappings)
        1    0.000    0.000    0.000    0.000 cp1251.py:21(IncrementalDecoder)
        1    0.000    0.000    0.000    0.000 tarfile.py:293(CompressionError)
        1    0.000    0.000    0.000    0.000 {method 'settimeout' of '_socket.socket' objects}
        1    0.000    0.000    0.000    0.000 numbers.py:12(Number)
        1    0.000    0.000    0.000    0.000 idna.py:253(IncrementalDecoder)
        1    0.000    0.000    0.000    0.000 cp866.py:17(IncrementalEncoder)
        1    0.000    0.000    0.000    0.000 decimal.py:394(FloatOperation)
        1    0.000    0.000    0.000    0.000 {built-in method openssl_sha512}
        1    0.000    0.000    0.000    0.000 shutil.py:52(ReadError)
        1    0.000    0.000    0.000    0.000 optparse.py:1353(_get_args)
        1    0.000    0.000    0.000    0.000 cp1251.py:17(IncrementalEncoder)
        1    0.000    0.000    0.000    0.000 configparser.py:183(DuplicateSectionError)
        1    0.000    0.000    0.000    0.000 configparser.py:174(NoSectionError)
        1    0.000    0.000    0.000    0.000 configparser.py:336(MissingSectionHeaderError)
        1    0.000    0.000    0.000    0.000 errors.py:195(InternalError)
        1    0.000    0.000    0.000    0.000 __init__.py:8(<module>)
        1    0.000    0.000    0.000    0.000 errors.py:183(Warning)
        1    0.000    0.000    0.000    0.000 shutil.py:42(Error)
        1    0.000    0.000    0.000    0.000 {method 'discard' of 'set' objects}
        1    0.000    0.000    0.000    0.000 configparser.py:272(InterpolationSyntaxError)
        1    0.000    0.000    0.000    0.000 cp866.py:28(StreamReader)
        1    0.000    0.000    0.000    0.000 koi8_r.py:17(IncrementalEncoder)
        1    0.000    0.000    0.000    0.000 errors.py:199(OperationalError)
        1    0.000    0.000    0.000    0.000 cp1252.py:28(StreamReader)
        1    0.000    0.000    0.000    0.000 koi8_r.py:28(StreamReader)
        1    0.000    0.000    0.000    0.000 cp866.py:25(StreamWriter)
        1    0.000    0.000    0.000    0.000 {method 'release' of '_thread.lock' objects}
        1    0.000    0.000    0.000    0.000 cp1251.py:25(StreamWriter)
        1    0.000    0.000    0.000    0.000 shutil.py:49(ExecError)
        1    0.000    0.000    0.000    0.000 configparser.py:236(NoOptionError)
        1    0.000    0.000    0.000    0.000 shutil.py:45(SpecialFileError)
        1    0.000    0.000    0.000    0.000 idna.py:292(StreamWriter)
        1    0.000    0.000    0.000    0.000 tarfile.py:311(InvalidHeaderError)
        1    0.000    0.000    0.000    0.000 configparser.py:257(InterpolationMissingOptionError)
        1    0.000    0.000    0.000    0.000 constants.py:172(get_timestamp_types)
        1    0.000    0.000    0.000    0.000 zipf.py:39(BadZipFile)
        1    0.000    0.000    0.000    0.000 stat.py:27(S_IFMT)
        1    0.000    0.000    0.000    0.000 cp1251.py:28(StreamReader)
        1    0.000    0.000    0.000    0.000 connection.py:995(server_host)
        1    0.000    0.000    0.000    0.000 errors.py:211(DataError)
        1    0.000    0.000    0.000    0.000 errors.py:215(NotSupportedError)
        1    0.000    0.000    0.000    0.000 errors.py:203(ProgrammingError)
        4    0.000    0.000    0.000    0.000 {method 'reverse' of 'list' objects}
        1    0.000    0.000    0.000    0.000 network.py:268(set_connection_timeout)
        1    0.000    0.000    0.000    0.000 optparse.py:956(set_description)
        1    0.000    0.000    0.000    0.000 zipf.py:577(_check_compression)
        1    0.000    0.000    0.000    0.000 errors.py:187(InterfaceError)
        1    0.000    0.000    0.000    0.000 conversion.py:50(set_unicode)
        1    0.000    0.000    0.000    0.000 errors.py:207(IntegrityError)
        1    0.000    0.000    0.000    0.000 optparse.py:1398(check_values)
        1    0.000    0.000    0.000    0.000 optparse.py:1411(_process_args)
        1    0.000    0.000    0.000    0.000 {method 'disable' of '_lsprof.Profiler' objects}
        1    0.000    0.000    0.000    0.000 __init__.py:17(<module>)
        1    0.000    0.000    0.000    0.000 connection.py:1005(unix_socket)
        1    0.000    0.000    0.000    0.000 {built-in method getfilesystemencoding}
        1    0.000    0.000    0.000    0.000 ssl.py:128(CertificateError)
        1    0.000    0.000    0.000    0.000 codecs.py:694(__iter__)
        1    0.000    0.000    0.000    0.000 errors.py:191(DatabaseError)
        1    0.000    0.000    0.000    0.000 idna.py:295(StreamReader)
        1    0.000    0.000    0.000    0.000 optparse.py:756(get_opt_string)
        1    0.000    0.000    0.000    0.000 koi8_r.py:25(StreamWriter)
        1    0.000    0.000    0.000    0.000 connection.py:1000(server_port)
        1    0.000    0.000    0.000    0.000 __init__.py:1(<module>)
        1    0.000    0.000    0.000    0.000 optparse.py:229(set_parser)


