Извлечение обложек - отключено
В Индексе таблицы каталогов отсутсвует 'path'

[root@dsgate py]# ../speed
books   books_min
2841    843.8614

Books added      :  2841
Books skipped    :  0
Books in archives:  2837
Archives scanned :  1
Archives skipped :  0
Time estimated: 0  hours,  3  minutes,  22  seconds.
         9935229 function calls (9841414 primitive calls) in 202.813 seconds

   Ordered by: internal time

   ncalls  tottime  percall  cumtime  percall filename:lineno(function)
   519685  112.498    0.000  112.498    0.000 {method 'recv' of '_socket.socket' objects}
     2837   21.110    0.007   21.110    0.007 {method 'decompress' of 'zlib.Decompress' objects}
     8573   10.719    0.001   10.719    0.001 {method 'read' of '_io.BufferedReader' objects}
   103937    4.686    0.000  118.021    0.001 network.py:167(recv_plain)
     2839    4.627    0.002   16.633    0.006 sopdsparse.py:181(parse)
   234603    2.677    0.000    4.593    0.000 sopdsparse.py:171(char_data)
     5674    2.592    0.000    2.592    0.000 {built-in method crc32}
   263091    2.295    0.000    3.835    0.000 utils.py:31(intread)
    55183    2.021    0.000    2.021    0.000 {method 'sendall' of '_socket.socket' objects}
  1173015    1.858    0.000    1.916    0.000 sopdsparse.py:35(setvalue)
   751739    1.831    0.000    1.832    0.000 {built-in method isinstance}
   478500    1.699    0.000    1.699    0.000 sopdsparse.py:19(tagopen)
    23592    1.697    0.000    5.497    0.000 cursor.py:263(_process_params)
    95700    1.517    0.000    3.315    0.000 sopdsparse.py:118(start_element)
    92861    1.417    0.000    2.485    0.000 sopdsparse.py:140(end_element)
   259130    1.333    0.000    5.097    0.000 utils.py:241(read_int)
    23592    1.076    0.000   36.396    0.002 cursor.py:363(execute)
1170945/1170874    1.058    0.000    1.058    0.000 {built-in method len}
    39584    1.024    0.000    4.243    0.000 protocol.py:131(parse_ok)
    23592    0.945    0.000    1.260    0.000 {method 'sub' of '_sre.SRE_Pattern' objects}
    55181    0.928    0.000  119.977    0.002 connection.py:381(_send_cmd)
   464305    0.927    0.000    0.927    0.000 sopdsparse.py:30(tagclose)
5677/2841    0.903    0.000  194.569    0.068 sopds-scan.py:91(processfile)
    94765    0.890    0.000    1.036    0.000 utils.py:254(read_lc_int)
    15597    0.886    0.000    2.868    0.000 protocol.py:155(parse_column)
    72755    0.767    0.000    1.697    0.000 conversion.py:126(to_mysql)
    31589    0.763    0.000    9.328    0.000 connection.py:492(_handle_result)
    55183    0.744    0.000    1.184    0.000 network.py:40(_prepare_packets)
   301924    0.722    0.000    0.722    0.000 {built-in method unpack}
   234603    0.718    0.000    5.310    0.000 pyexpat.c:372(CharacterData)
    72755    0.648    0.000    1.168    0.000 conversion.py:82(escape)
    55183    0.634    0.000    3.838    0.000 network.py:93(send_plain)
    72755    0.575    0.000    0.936    0.000 conversion.py:110(quote)
   165553    0.475    0.000    0.475    0.000 {built-in method pack}
    93582    0.456    0.000    0.456    0.000 utils.py:137(read_lc_string)
    95700    0.426    0.000    3.742    0.000 pyexpat.c:497(StartElement)
    23592    0.371    0.000    9.489    0.000 connection.py:1147(cursor)
    70778    0.366    0.000    0.556    0.000 connection.py:432(_toggle_have_next_result)
 90022/17    0.349    0.000    0.001    0.000 pyexpat.c:549(EndElement)
    31589    0.348    0.000  124.395    0.004 connection.py:576(cmd_query)
    39584    0.342    0.000    4.905    0.000 connection.py:442(_handle_ok)
    47184    0.334    0.000    0.401    0.000 cursor.py:194(_reset_result)
    31194    0.319    0.000    1.613    0.000 protocol.py:183(parse_eof)
   279830    0.317    0.000    0.317    0.000 {method 'lower' of 'str' objects}
   104358    0.315    0.000    0.315    0.000 {method 'encode' of 'str' objects}
    72755    0.315    0.000    0.315    0.000 cursor.py:45(__call__)
    85980    0.298    0.000    0.381    0.000 connection.py:1010(_set_unread_result)
    75400    0.297    0.000    0.297    0.000 {method 'format' of 'str' objects}
   266472    0.276    0.000    0.276    0.000 {method 'replace' of 'bytes' objects}
    23592    0.275    0.000    3.781    0.000 cursor.py:323(_handle_result)
    55182    0.231    0.000    0.593    0.000 protocol.py:95(make_command)
    23592    0.230    0.000    0.507    0.000 cursor.py:167(__init__)
    15597    0.228    0.000    2.383    0.000 protocol.py:215(read_text_result)
     2837    0.215    0.000   34.546    0.012 zipf.py:811(_read1)
    15597    0.212    0.000    3.316    0.000 cursor.py:750(_handle_resultset)
    15597    0.201    0.000    2.789    0.000 connection.py:530(get_rows)
    75239    0.200    0.000    0.200    0.000 {built-in method getattr}
    55184    0.197    0.000    0.361    0.000 utils.py:48(int1store)
    70778    0.190    0.000    0.190    0.000 constants.py:32(flag_is_set)
     2841    0.183    0.000    0.183    0.000 {built-in method open}
    23592    0.180    0.000    0.687    0.000 cursor.py:745(__init__)
    44412    0.168    0.000    0.283    0.000 conversion.py:139(_str_to_mysql)
    23592    0.166    0.000    0.528    0.000 cursor.py:228(close)
     5686    0.161    0.000    0.270    0.000 posixpath.py:340(normpath)
    15597    0.149    0.000    0.243    0.000 cursor.py:625(_handle_eof)
     2837    0.148    0.000    0.751    0.000 zipf.py:1110(open)
    23592    0.146    0.000    8.343    0.000 connection.py:735(cmd_ping)
    21273    0.144    0.000    0.198    0.000 {method 'decode' of 'bytes' objects}
   117963    0.142    0.000    0.142    0.000 connection.py:1022(_get_unread_result)
    23592    0.139    0.000    0.196    0.000 cursor.py:187(_set_connection)
        1    0.136    0.136    0.281    0.281 zipf.py:960(_RealGetContents)
     2841    0.130    0.000   53.075    0.019 sopdsdb.py:130(addbook)
    15597    0.130    0.000    1.049    0.000 connection.py:459(_handle_eof)
   108289    0.130    0.000    0.130    0.000 {method 'append' of 'list' objects}
    23592    0.129    0.000    0.215    0.000 connection.py:931(charset)
    15597    0.127    0.000    0.127    0.000 cursor.py:763(_fetch_row)
     5682    0.122    0.000   10.911    0.002 sopdsdb.py:94(findbook)
     2840    0.117    0.000    0.117    0.000 {method 'close' of '_io.BufferedReader' objects}
    15597    0.112    0.000    0.278    0.000 protocol.py:151(parse_column_count)
     2842    0.109    0.000    0.637    0.000 posixpath.py:452(relpath)
    23592    0.104    0.000    0.132    0.000 cursor.py:205(_have_unread_result)
       15    0.093    0.006    0.096    0.006 {built-in method load_dynamic}
     3534    0.093    0.000   57.470    0.016 sopdsdb.py:215(addbauthor)
    23592    0.088    0.000    0.109    0.000 cursor.py:54(remaining)
    23592    0.088    0.000    8.431    0.000 connection.py:765(is_connected)
     3534    0.088    0.000   11.011    0.003 sopdsdb.py:179(findauthor)
    28343    0.088    0.000    0.088    0.000 conversion.py:130(_int_to_mysql)
    23594    0.086    0.000    0.086    0.000 constants.py:675(get_info)
     2837    0.084    0.000    0.133    0.000 zipf.py:639(__init__)
    23592    0.082    0.000    0.082    0.000 cursor.py:41(__init__)
     5680    0.082    0.000    0.142    0.000 sopdsparse.py:106(reset)
    23592    0.081    0.000    0.081    0.000 cursor.py:67(__init__)
       41    0.076    0.002    0.076    0.002 {method 'read' of '_io.FileIO' objects}
     1963    0.075    0.000    0.078    0.000 utils.py:189(read_lc_string_list)
     3534    0.072    0.000    6.470    0.002 sopdsdb.py:192(findbauthor)
    15597    0.068    0.000    0.323    0.000 cursor.py:661(fetchone)
     3534    0.068    0.000   31.469    0.009 sopdsdb.py:202(addauthor)
    47184    0.067    0.000    0.067    0.000 cursor.py:760(reset)
    15778    0.067    0.000    0.067    0.000 {method 'strip' of 'str' objects}
    28400    0.060    0.000    0.060    0.000 sopdsparse.py:14(reset)
     7995    0.058    0.000    0.070    0.000 cursor.py:306(_handle_noresultset)
    23630    0.057    0.000    0.057    0.000 {built-in method proxy}
     6469    0.056    0.000    0.056    0.000 {built-in method charmap_decode}
     2841    0.056    0.000    6.122    0.002 sopdsdb.py:107(finddouble)
    50230    0.055    0.000    0.055    0.000 sopdsparse.py:39(getvalue)
    11380    0.053    0.000    0.053    0.000 {method 'split' of 'str' objects}
     2837    0.052    0.000   10.562    0.004 zipf.py:847(_read2)
     2837    0.044    0.000    0.189    0.000 zipf.py:861(close)
     2841    0.043    0.000    0.043    0.000 {method 'seek' of '_io.BufferedReader' objects}
     2837    0.043    0.000   34.589    0.012 zipf.py:738(read)
    17240    0.041    0.000    0.041    0.000 {method 'startswith' of 'str' objects}
     2842    0.041    0.000    0.060    0.000 genericpath.py:68(commonprefix)
    15721    0.036    0.000    0.036    0.000 {built-in method repr}
     1963    0.036    0.000    0.128    0.000 cursor.py:290(_row_to_python)
     2846    0.036    0.000    0.055    0.000 genericpath.py:85(_splitext)
    23592    0.036    0.000    0.036    0.000 connection.py:1098(_get_getwarnings)
     2837    0.035    0.000    0.046    0.000 zipf.py:316(__init__)
     5686    0.034    0.000    0.378    0.000 posixpath.py:377(abspath)
     2837    0.033    0.000    2.616    0.001 zipf.py:771(_update_crc)
     7997    0.033    0.000  100.546    0.013 connection.py:1195(_execute_query)
     2839    0.032    0.000    0.032    0.000 {built-in method ParserCreate}
       41    0.031    0.001    0.031    0.001 {built-in method loads}
     1963    0.031    0.000    0.090    0.000 conversion.py:242(to_python)
     7995    0.029    0.000  100.574    0.013 connection.py:1187(commit)
     5674    0.028    0.000    0.035    0.000 zipf.py:1069(getinfo)
     2837    0.027    0.000    0.027    0.000 {function ZipExtFile.close at 0xb6f8cfa4}
     5686    0.027    0.000    0.074    0.000 posixpath.py:61(isabs)
     5674    0.025    0.000    0.052    0.000 cp866.py:14(decode)
     1963    0.025    0.000    0.028    0.000 constants.py:55(get_info)
     2837    0.024    0.000    0.024    0.000 {method 'flush' of 'zlib.Decompress' objects}
     8527    0.024    0.000    0.024    0.000 {built-in method max}
     2839    0.024    0.000    0.144    0.000 {method 'Parse' of 'pyexpat.xmlparser' objects}
     8553    0.023    0.000    0.048    0.000 posixpath.py:38(_get_sep)
     2846    0.021    0.000    0.086    0.000 posixpath.py:118(splitext)
     2187    0.020    0.000    0.025    0.000 sre_parse.py:185(__next)
    11348    0.020    0.000    0.020    0.000 {method 'read' of '_io.BytesIO' objects}
     5701    0.019    0.000    0.019    0.000 {method 'rfind' of 'str' objects}
     2837    0.019    0.000    0.019    0.000 {built-in method decompressobj}
     6599    0.019    0.000    0.019    0.000 {method 'join' of 'str' objects}
     5942    0.018    0.000    0.018    0.000 {built-in method min}
     2837    0.016    0.000    0.035    0.000 zipf.py:608(_get_decompressor)
     2858    0.015    0.000    0.031    0.000 posixpath.py:71(join)
     1963    0.013    0.000    0.013    0.000 conversion.py:287(_LONG_to_python)
    74/22    0.012    0.000    0.050    0.002 sre_parse.py:431(_parse)
     2842    0.012    0.000    0.012    0.000 posixpath.py:470(<listcomp>)
     2842    0.012    0.000    0.012    0.000 posixpath.py:471(<listcomp>)
      761    0.011    0.000    0.015    0.000 <frozen importlib._bootstrap>:74(_path_join)
        7    0.011    0.002    0.011    0.002 {built-in method print}
      155    0.011    0.000    0.033    0.000 <frozen importlib._bootstrap>:1352(find_loader)
      168    0.010    0.000    0.047    0.000 {built-in method __build_class__}
     46/1    0.009    0.000    0.427    0.427 {built-in method exec}
     2837    0.009    0.000    0.009    0.000 zipf.py:410(_decodeExtra)
     5858    0.007    0.000    0.007    0.000 {method 'get' of 'dict' objects}
        2    0.007    0.004    0.016    0.008 sre_compile.py:302(_optimize_unicode)
     2013    0.007    0.000    0.029    0.000 sre_parse.py:210(get)
     4461    0.007    0.000    0.007    0.000 cursor.py:143(lastrowid)
     3196    0.006    0.000    0.006    0.000 {built-in method hasattr}
     2961    0.006    0.000    0.006    0.000 {built-in method chr}
     2877    0.005    0.000    0.005    0.000 {method 'find' of 'str' objects}
      790    0.005    0.000    0.034    0.000 cp1251.py:14(decode)
      512    0.005    0.000    0.005    0.000 {method 'setdefault' of 'dict' objects}
      293    0.005    0.000    0.005    0.000 {built-in method stat}
   132/20    0.004    0.000    0.019    0.001 sre_compile.py:33(_compile)
   178/74    0.003    0.000    0.004    0.000 sre_parse.py:142(getwidth)
        1    0.003    0.003    0.011    0.011 configparser.py:986(_read)
     2006    0.003    0.000    0.003    0.000 {method 'items' of 'dict' objects}
     1963    0.003    0.000    0.003    0.000 cursor.py:106(description)
       57    0.002    0.000    0.042    0.001 <frozen importlib._bootstrap>:1473(_find_module)
      808    0.002    0.000    0.002    0.000 <frozen importlib._bootstrap>:486(_verbose_message)
      506    0.002    0.000    0.004    0.000 sre_parse.py:132(__getitem__)
       36    0.002    0.000    0.019    0.001 sre_compile.py:208(_optimize_charset)
       56    0.002    0.000    0.037    0.001 <frozen importlib._bootstrap>:1278(_get_loader)
       41    0.002    0.000    0.078    0.002 <frozen importlib._bootstrap>:1031(get_data)
      184    0.002    0.000    0.002    0.000 <frozen importlib._bootstrap>:86(_path_split)
        1    0.002    0.002    0.002    0.002 zipf.py:460(_GenerateCRCTable)
       41    0.002    0.000    0.002    0.000 <frozen importlib._bootstrap>:804(_bytes_from_bytecode)
       41    0.002    0.000    0.117    0.003 <frozen importlib._bootstrap>:935(get_code)
       15    0.002    0.000    0.002    0.000 sre_compile.py:259(_mk_bitmap)
     41/9    0.001    0.000    0.384    0.043 <frozen importlib._bootstrap>:850(_load_module)
       79    0.001    0.000    0.004    0.000 codecs.py:509(readline)
     57/9    0.001    0.000    0.388    0.043 <frozen importlib._bootstrap>:1509(_find_and_load_unlocked)
       82    0.001    0.000    0.004    0.000 <frozen importlib._bootstrap>:415(cache_from_source)
       82    0.001    0.000    0.003    0.000 <frozen importlib._bootstrap>:796(is_package)
    220/9    0.001    0.000    0.384    0.043 <frozen importlib._bootstrap>:581(_check_name_wrapper)
       42    0.001    0.000    0.002    0.000 codecs.py:429(read)
    65/20    0.001    0.000    0.051    0.003 sre_parse.py:353(_parse_sub)
       67    0.001    0.000    0.002    0.000 <frozen importlib._bootstrap>:266(_get_module_lock)
      397    0.001    0.000    0.003    0.000 sre_parse.py:204(match)
     57/9    0.001    0.000    0.389    0.043 <frozen importlib._bootstrap>:1559(_find_and_load)
     25/6    0.001    0.000    0.003    0.000 abc.py:191(__subclasscheck__)
      585    0.001    0.000    0.001    0.000 {method 'rpartition' of 'str' objects}
       44    0.001    0.000    0.001    0.000 {built-in method __new__ of type object at 0x49412f60}
       67    0.001    0.000    0.001    0.000 <frozen importlib._bootstrap>:226(release)
       14    0.001    0.000    0.004    0.000 abc.py:129(__new__)
       67    0.001    0.000    0.001    0.000 <frozen importlib._bootstrap>:201(acquire)
     41/9    0.001    0.000    0.384    0.043 <frozen importlib._bootstrap>:536(module_for_loader_wrapper)
        1    0.001    0.001    0.026    0.026 {built-in method getaddrinfo}
       60    0.001    0.000    0.001    0.000 _weakrefset.py:36(__init__)
      188    0.001    0.000    0.001    0.000 <frozen importlib._bootstrap>:1261(_path_importer_cache)
       20    0.001    0.000    0.013    0.001 sre_compile.py:365(_compile_info)
        1    0.001    0.001    0.001    0.001 zipf.py:1040(<listcomp>)
       20    0.001    0.000    0.086    0.004 re.py:268(_compile)
      199    0.001    0.000    0.001    0.000 sre_parse.py:140(append)
       54    0.001    0.000    0.001    0.000 sre_compile.py:358(_simple)
        1    0.001    0.001    0.051    0.051 decimal.py:113(<module>)
        9    0.001    0.000    0.001    0.000 datetime.py:301(__new__)
       61    0.001    0.000    0.001    0.000 __init__.py:58(__setitem__)
       80    0.001    0.000    0.002    0.000 <frozen importlib._bootstrap>:98(_path_is_mode_type)
      169    0.001    0.000    0.001    0.000 <frozen importlib._bootstrap>:1459(__exit__)
      2/1    0.001    0.000    0.175    0.175 sopds-scan.py:4(<module>)
       20    0.001    0.000    0.052    0.003 sre_parse.py:738(parse)
       36    0.001    0.000    0.019    0.001 sre_compile.py:179(_compile_charset)
      200    0.001    0.000    0.001    0.000 sre_parse.py:128(__len__)
      169    0.001    0.000    0.001    0.000 <frozen importlib._bootstrap>:1455(__enter__)
       20    0.001    0.000    0.085    0.004 sre_compile.py:489(compile)
      136    0.000    0.000    0.000    0.000 sre_parse.py:92(__init__)
       57    0.000    0.000    0.001    0.000 <frozen importlib._bootstrap>:181(__init__)
        1    0.000    0.000    0.001    0.001 configparser.py:1108(_join_multiline_values)
        3    0.000    0.000    0.000    0.000 {built-in method dir}
       28    0.000    0.000    0.002    0.000 configparser.py:755(get)
       34    0.000    0.000    0.001    0.000 _weakrefset.py:58(__iter__)
        1    0.000    0.000    0.001    0.001 dbapi.py:27(<module>)
       14    0.000    0.000    0.001    0.000 abc.py:132(<setcomp>)
    85/80    0.000    0.000    0.011    0.000 <frozen importlib._bootstrap>:1596(_handle_fromlist)
       71    0.000    0.000    0.002    0.000 <frozen importlib._bootstrap>:108(_path_isfile)
       46    0.000    0.000    0.000    0.000 sre_parse.py:297(_escape)
       82    0.000    0.000    0.000    0.000 <frozen importlib._bootstrap>:61(_r_long)
        3    0.000    0.000    0.001    0.000 decimal.py:3888(__init__)
        3    0.000    0.000    0.008    0.003 __init__.py:297(namedtuple)
       79    0.000    0.000    0.005    0.000 {built-in method next}
     11/8    0.000    0.000    0.103    0.013 {built-in method __import__}
       41    0.000    0.000    0.000    0.000 <frozen importlib._bootstrap>:154(new_module)
        1    0.000    0.000    0.015    0.015 sopdscfg.py:23(__init__)
       62    0.000    0.000    0.000    0.000 {method 'match' of '_sre.SRE_Pattern' objects}
        1    0.000    0.000    0.004    0.004 stringprep.py:6(<module>)
       79    0.000    0.000    0.004    0.000 codecs.py:620(__next__)
     41/9    0.000    0.000    0.384    0.043 <frozen importlib._bootstrap>:1019(load_module)
       52    0.000    0.000    0.000    0.000 {method 'splitlines' of 'str' objects}
        1    0.000    0.000    0.000    0.000 functools.py:222(decorating_function)
        1    0.000    0.000    0.013    0.013 datetime.py:5(<module>)
       28    0.000    0.000    0.000    0.000 configparser.py:1126(_unify_values)
       82    0.000    0.000    0.000    0.000 {method 'rsplit' of 'str' objects}
        1    0.000    0.000    0.017    0.017 ssl.py:55(<module>)
       15    0.000    0.000    0.097    0.006 <frozen importlib._bootstrap>:1126(load_module)
        1    0.000    0.000    0.000    0.000 decimal.py:547(Decimal)
      133    0.000    0.000    0.000    0.000 {method 'extend' of 'list' objects}
       57    0.000    0.000    0.000    0.000 {built-in method utf_8_decode}
       79    0.000    0.000    0.005    0.000 codecs.py:689(__next__)
       56    0.000    0.000    0.037    0.001 <frozen importlib._bootstrap>:1305(find_module)
        1    0.000    0.000    0.004    0.004 socket.py:45(<module>)
       28    0.000    0.000    0.000    0.000 __init__.py:784(__getitem__)
      236    0.000    0.000    0.000    0.000 {built-in method release_lock}
       37    0.000    0.000    0.000    0.000 sre_parse.py:74(opengroup)
        5    0.000    0.000    0.089    0.018 __init__.py:69(search_function)
        5    0.000    0.000    0.000    0.000 {built-in method listdir}
       41    0.000    0.000    0.001    0.000 <frozen importlib._bootstrap>:1041(path_stats)
        1    0.000    0.000    0.035    0.035 shutil.py:5(<module>)
      164    0.000    0.000    0.000    0.000 <frozen importlib._bootstrap>:1026(get_filename)
        1    0.000    0.000    0.004    0.004 tarfile.py:29(<module>)
     63/9    0.000    0.000    0.300    0.033 <frozen importlib._bootstrap>:305(_call_with_frames_removed)
       16    0.000    0.000    0.098    0.006 <frozen importlib._bootstrap>:496(set_package_wrapper)
       20    0.000    0.000    0.032    0.002 sre_compile.py:474(_code)
        1    0.000    0.000    0.001    0.001 threading.py:1(<module>)
      155    0.000    0.000    0.000    0.000 <frozen importlib._bootstrap>:38(_relax_case)
       57    0.000    0.000    0.000    0.000 <frozen importlib._bootstrap>:643(find_module)
     41/9    0.000    0.000    0.384    0.043 <frozen importlib._bootstrap>:997(load_module)
        7    0.000    0.000    0.000    0.000 __init__.py:42(normalize_encoding)
        1    0.000    0.000    0.000    0.000 {method 'connect' of '_socket.socket' objects}
       25    0.000    0.000    0.000    0.000 _weakrefset.py:26(__exit__)
        2    0.000    0.000    0.001    0.001 gettext.py:353(find)
        1    0.000    0.000    0.158    0.158 connection.py:25(<module>)
      169    0.000    0.000    0.000    0.000 {built-in method acquire_lock}
        1    0.000    0.000    0.057    0.057 zipf.py:5(<module>)
       56    0.000    0.000    0.000    0.000 <frozen importlib._bootstrap>:700(find_module)
       28    0.000    0.000    0.000    0.000 configparser.py:402(_interpolate_some)
       34    0.000    0.000    0.000    0.000 abc.py:478(__iter__)
      102    0.000    0.000    0.000    0.000 {built-in method setattr}
        1    0.000    0.000    0.000    0.000 errorcode.py:27(<module>)
       31    0.000    0.000    0.000    0.000 _weakrefset.py:79(add)
       41    0.000    0.000    0.000    0.000 <frozen importlib._bootstrap>:1013(__init__)
       15    0.000    0.000    0.001    0.000 <frozen importlib._bootstrap>:1144(is_package)
       40    0.000    0.000    0.000    0.000 {method 'group' of '_sre.SRE_Match' objects}
    38/12    0.000    0.000    0.003    0.000 {built-in method issubclass}
       42    0.000    0.000    0.000    0.000 _weakrefset.py:68(__contains__)
       20    0.000    0.000    0.000    0.000 sre_parse.py:180(__init__)
      151    0.000    0.000    0.000    0.000 {method 'add' of 'set' objects}
      135    0.000    0.000    0.000    0.000 {built-in method get_ident}
      117    0.000    0.000    0.000    0.000 {built-in method allocate_lock}
        6    0.000    0.000    0.012    0.002 sopdsdb.py:224(findcat)
        6    0.000    0.000    0.001    0.000 optparse.py:562(__init__)
       78    0.000    0.000    0.000    0.000 {method 'endswith' of 'str' objects}
       38    0.000    0.000    0.000    0.000 decimal.py:3913(<genexpr>)
        6    0.000    0.000    0.001    0.000 optparse.py:999(add_option)
       28    0.000    0.000    0.000    0.000 __init__.py:774(__init__)
       78    0.000    0.000    0.000    0.000 configparser.py:1013(<dictcomp>)
       20    0.000    0.000    0.000    0.000 {built-in method compile}
       27    0.000    0.000    0.000    0.000 decimal.py:3949(__setattr__)
        4    0.000    0.000    0.000    0.000 gettext.py:111(_expand_lang)
        6    0.000    0.000    0.000    0.000 optparse.py:611(_set_attrs)
      2/1    0.000    0.000    0.125    0.125 sopds-scan.py:158(processzip)
       25    0.000    0.000    0.000    0.000 _weakrefset.py:20(__enter__)
        5    0.000    0.000    0.002    0.000 __init__.py:41(__init__)
       60    0.000    0.000    0.000    0.000 <frozen importlib._bootstrap>:1147(<genexpr>)
        2    0.000    0.000    0.162    0.081 __init__.py:26(<module>)
       20    0.000    0.000    0.000    0.000 sre_parse.py:69(__init__)
       56    0.000    0.000    0.000    0.000 {built-in method is_frozen}
       56    0.000    0.000    0.000    0.000 configparser.py:868(optionxform)
       10    0.000    0.000    0.000    0.000 <frozen importlib._bootstrap>:285(_lock_unlock_module)
        6    0.000    0.000    0.000    0.000 decimal.py:556(__new__)
       30    0.000    0.000    0.000    0.000 {method 'search' of '_sre.SRE_Pattern' objects}
       82    0.000    0.000    0.000    0.000 {method 'partition' of 'str' objects}
       28    0.000    0.000    0.000    0.000 configparser.py:389(before_get)
        1    0.000    0.000    0.011    0.011 lzma.py:9(<module>)
        1    0.000    0.000    0.029    0.029 configparser.py:119(<module>)
       38    0.000    0.000    0.000    0.000 {built-in method is_builtin}
       54    0.000    0.000    0.000    0.000 sre_parse.py:136(__setitem__)
       15    0.000    0.000    0.000    0.000 {built-in method any}
       57    0.000    0.000    0.000    0.000 <frozen importlib._bootstrap>:280(cb)
      127    0.000    0.000    0.000    0.000 {built-in method ord}
       15    0.000    0.000    0.000    0.000 decimal.py:3924(_set_integer_check)
       16    0.000    0.000    0.097    0.006 <frozen importlib._bootstrap>:509(set_loader_wrapper)
       37    0.000    0.000    0.000    0.000 sre_parse.py:85(closegroup)
       40    0.000    0.000    0.000    0.000 sre_compile.py:471(isstring)
        1    0.000    0.000    0.005    0.005 errors.py:25(<module>)
        1    0.000    0.000    0.002    0.002 base64.py:3(<module>)
        1    0.000    0.000    0.001    0.001 cp866.py:3(<module>)
        1    0.000    0.000    0.000    0.000 os.py:44(<listcomp>)
        6    0.000    0.000    0.000    0.000 optparse.py:590(_set_opt_strings)
       41    0.000    0.000    0.000    0.000 {built-in method _fix_co_filename}
      6/5    0.000    0.000    0.174    0.035 sopdsdb.py:238(addcattree)
        4    0.000    0.000    0.000    0.000 locale.py:339(normalize)
       30    0.000    0.000    0.000    0.000 decimal.py:3920(<genexpr>)
        9    0.000    0.000    0.000    0.000 os.py:671(__getitem__)
        1    0.000    0.000    0.059    0.059 network.py:25(<module>)
        6    0.000    0.000    0.000    0.000 decimal.py:3938(_set_signal_dict)
        1    0.000    0.000    0.000    0.000 connection.py:74(MySQLConnection)
       20    0.000    0.000    0.000    0.000 sre_parse.py:726(fix_flags)
        8    0.000    0.000    0.000    0.000 posixpath.py:102(split)
        4    0.000    0.000    0.000    0.000 <frozen importlib._bootstrap>:1332(__init__)
        4    0.000    0.000    0.001    0.000 <frozen importlib._bootstrap>:1244(_path_hooks)
        9    0.000    0.000    0.000    0.000 {built-in method round}
        1    0.000    0.000    0.075    0.075 conversion.py:25(<module>)
       41    0.000    0.000    0.000    0.000 {built-in method getlower}
        1    0.000    0.000    0.003    0.003 hashlib.py:63(<module>)
        4    0.000    0.000    0.000    0.000 <frozen importlib._bootstrap>:1396(_fill_cache)
        1    0.000    0.000    0.000    0.000 connection.py:181(config)
        1    0.000    0.000    0.023    0.023 idna.py:3(<module>)
        1    0.000    0.000    0.010    0.010 cursor.py:25(<module>)
       25    0.000    0.000    0.000    0.000 _weakrefset.py:16(__init__)
        1    0.000    0.000    0.024    0.024 configparser.py:554(RawConfigParser)
        5    0.000    0.000    0.001    0.000 abc.py:175(__instancecheck__)
        2    0.000    0.000    0.000    0.000 os.py:337(walk)
        6    0.000    0.000    0.000    0.000 hashlib.py:104(__get_openssl_constructor)
        1    0.000    0.000    0.000    0.000 idna.py:218(IncrementalEncoder)
        1    0.000    0.000    0.000    0.000 socket.py:193(_real_close)
        1    0.000    0.000    0.008    0.008 constants.py:25(<module>)
        5    0.000    0.000    0.001    0.000 abc.py:557(update)
        1    0.000    0.000    0.033    0.033 sopdscfg.py:3(<module>)
        1    0.000    0.000    0.004    0.004 protocol.py:25(<module>)
        5    0.000    0.000    0.002    0.000 abc.py:148(register)
        1    0.000    0.000    0.020    0.020 bz2.py:5(<module>)
        8    0.000    0.000    0.000    0.000 genericpath.py:15(exists)
        1    0.000    0.000    0.002    0.002 configparser.py:595(__init__)
        8    0.000    0.000    0.000    0.000 abc.py:397(get)
        3    0.000    0.000    0.000    0.000 {built-in method charmap_build}
       20    0.000    0.000    0.086    0.004 re.py:212(compile)
       84    0.000    0.000    0.000    0.000 {built-in method abs}
        1    0.000    0.000    0.166    0.166 sopdsdb.py:4(<module>)
       45    0.000    0.000    0.000    0.000 {built-in method divmod}
       15    0.000    0.000    0.000    0.000 <frozen importlib._bootstrap>:1122(__init__)
        1    0.000    0.000    0.026    0.026 network.py:340(open_connection)
       18    0.000    0.000    0.000    0.000 {method 'replace' of 'str' objects}
        1    0.000    0.000    0.004    0.004 connection.py:121(_do_handshake)
       12    0.000    0.000    0.000    0.000 __init__.py:357(<genexpr>)
       34    0.000    0.000    0.000    0.000 __init__.py:83(__iter__)
       37    0.000    0.000    0.000    0.000 {method 'remove' of 'list' objects}
        1    0.000    0.000    0.000    0.000 decimal.py:3869(Context)
       25    0.000    0.000    0.000    0.000 _weakrefset.py:52(_commit_removals)
       58    0.000    0.000    0.000    0.000 {method 'rstrip' of 'str' objects}
       12    0.000    0.000    0.000    0.000 __init__.py:359(<genexpr>)
       59    0.000    0.000    0.000    0.000 sre_compile.py:25(_identityfunction)
        1    0.000    0.000    0.016    0.016 expat.py:1(<module>)
        5    0.000    0.000    0.000    0.000 codecs.py:77(__new__)
       42    0.000    0.000    0.000    0.000 abc.py:8(abstractmethod)
        1    0.000    0.000    0.000    0.000 codecs.py:1045(<dictcomp>)
        1    0.000    0.000    0.002    0.002 numbers.py:6(<module>)
        1    0.000    0.000    0.032    0.032 connection.py:76(__init__)
        6    0.000    0.000    0.000    0.000 configparser.py:792(_get)
        5    0.000    0.000    0.000    0.000 datetime.py:645(__new__)
        1    0.000    0.000    0.000    0.000 optparse.py:1310(get_default_values)
        1    0.000    0.000    0.000    0.000 protocol.py:114(parse_handshake)
        9    0.000    0.000    0.000    0.000 <frozen importlib._bootstrap>:114(_path_isdir)
        1    0.000    0.000    0.000    0.000 numbers.py:32(Complex)
        1    0.000    0.000    0.281    0.281 zipf.py:888(__init__)
        9    0.000    0.000    0.000    0.000 os.py:745(encode)
        1    0.000    0.000    0.000    0.000 {built-in method init_builtin}
        1    0.000    0.000    0.000    0.000 tarfile.py:737(TarInfo)
        1    0.000    0.000    0.000    0.000 zipf.py:230(_EndRecData)
        1    0.000    0.000    0.000    0.000 cp1251.py:3(<module>)
        1    0.000    0.000    0.000    0.000 datetime.py:1289(datetime)
        1    0.000    0.000    0.000    0.000 <string>:1(<module>)
        2    0.000    0.000    0.000    0.000 threading.py:127(__init__)
        4    0.000    0.000    0.000    0.000 <frozen importlib._bootstrap>:1437(path_hook_for_FileFinder)
        2    0.000    0.000    0.000    0.000 idna.py:147(encode)
       32    0.000    0.000    0.000    0.000 <frozen importlib._bootstrap>:1338(<genexpr>)
        5    0.000    0.000    0.000    0.000 genericpath.py:38(isdir)
        2    0.000    0.000    0.000    0.000 datetime.py:1001(__new__)
        1    0.000    0.000    0.000    0.000 koi8_r.py:3(<module>)
       25    0.000    0.000    0.000    0.000 {method '__subclasses__' of 'type' objects}
        6    0.000    0.000    0.001    0.000 configparser.py:815(getboolean)
        1    0.000    0.000    0.031    0.031 connection.py:317(_open_connection)
       36    0.000    0.000    0.000    0.000 {method 'isidentifier' of 'str' objects}
       60    0.000    0.000    0.000    0.000 {built-in method globals}
        1    0.000    0.000    0.000    0.000 protocol.py:39(_scramble_password)
        1    0.000    0.000    0.000    0.000 sopdsparse.py:92(__init__)
        1    0.000    0.000    0.000    0.000 tarfile.py:1394(TarFile)
        1    0.000    0.000    0.000    0.000 cp1252.py:3(<module>)
       49    0.000    0.000    0.000    0.000 {method 'isalnum' of 'str' objects}
        1    0.000    0.000    0.020    0.020 sopdsparse.py:4(<module>)
        4    0.000    0.000    0.000    0.000 genericpath.py:47(getsize)
        1    0.000    0.000    0.000    0.000 functools.py:35(update_wrapper)
        1    0.000    0.000    0.000    0.000 numbers.py:299(Integral)
        1    0.000    0.000    0.000    0.000 threading.py:520(Thread)
        1    0.000    0.000    0.000    0.000 {built-in method pow}
        3    0.000    0.000    0.000    0.000 datetime.py:1299(__new__)
        1    0.000    0.000    0.000    0.000 lzma.py:38(LZMAFile)
        1    0.000    0.000    0.000    0.000 threading.py:532(__init__)
        1    0.000    0.000    0.000    0.000 numbers.py:152(Real)
        1    0.000    0.000    0.000    0.000 datetime.py:282(timedelta)
        1    0.000    0.000    0.002    0.002 optparse.py:1182(__init__)
        1    0.000    0.000    0.000    0.000 configparser.py:293(ParsingError)
        1    0.000    0.000    0.000    0.000 datetime.py:977(time)
        1    0.000    0.000    0.000    0.000 connection.py:299(_get_connection)
        1    0.000    0.000    0.000    0.000 zipf.py:869(ZipFile)
        1    0.000    0.000    0.000    0.000 fnmatch.py:11(<module>)
        5    0.000    0.000    0.000    0.000 sopdsparse.py:7(__init__)
        1    0.000    0.000    0.000    0.000 <string>:5(usage)
        5    0.000    0.000    0.000    0.000 {built-in method calcsize}
        1    0.000    0.000    0.000    0.000 cursor.py:155(MySQLCursor)
        1    0.000    0.000    0.032    0.032 sopdsdb.py:43(openDB)
        6    0.000    0.000    0.000    0.000 configparser.py:1146(_convert_to_boolean)
        1    0.000    0.000    0.000    0.000 datetime.py:1807(timezone)
        1    0.000    0.000    0.000    0.000 posixpath.py:148(dirname)
        1    0.000    0.000    0.000    0.000 sopdsdb.py:31(opdsDatabase)
        1    0.000    0.000    0.000    0.000 {built-in method warn}
       30    0.000    0.000    0.000    0.000 {method 'start' of '_sre.SRE_Match' objects}
        1    0.000    0.000    0.001    0.001 connection.py:147(_do_auth)
        6    0.000    0.000    0.000    0.000 optparse.py:581(_check_opt_strings)
       25    0.000    0.000    0.000    0.000 {method 'remove' of 'set' objects}
        1    0.000    0.000    0.000    0.000 <string>:5(DecimalTuple)
        1    0.000    0.000    0.000    0.000 traceback.py:1(<module>)
        5    0.000    0.000    0.000    0.000 datetime.py:251(_check_date_fields)
        1    0.000    0.000    0.000    0.000 optparse.py:205(__init__)
        1    0.000    0.000    0.000    0.000 conversion.py:65(MySQLConverter)
        1    0.000    0.000    0.000    0.000 datetime.py:615(date)
        8    0.000    0.000    0.000    0.000 sre_compile.py:52(fixup)
        1    0.000    0.000    0.000    0.000 codecs.py:849(open)
        2    0.000    0.000    0.000    0.000 {method 'update' of 'dict' objects}
        1    0.000    0.000    0.000    0.000 utils.py:25(<module>)
        1    0.000    0.000    0.000    0.000 constants.py:85(FieldType)
        1    0.000    0.000    0.032    0.032 connection.py:349(connect)
        1    0.000    0.000    0.000    0.000 bz2.py:32(BZ2File)
        1    0.000    0.000    0.000    0.000 protocol.py:53(_prepare_auth)
        6    0.000    0.000    0.000    0.000 optparse.py:972(_check_conflict)
        1    0.000    0.000    0.000    0.000 _weakrefset.py:38(_remove)
       28    0.000    0.000    0.000    0.000 configparser.py:365(before_read)
        2    0.000    0.000    0.001    0.001 gettext.py:459(dgettext)
        1    0.000    0.000    0.001    0.001 connection.py:335(_post_connection)
        1    0.000    0.000    0.000    0.000 socket.py:93(__init__)
        3    0.000    0.000    0.000    0.000 datetime.py:39(_days_before_year)
        1    0.000    0.000    0.000    0.000 numbers.py:272(Rational)
        1    0.000    0.000    0.001    0.001 connection.py:895(set_charset_collation)
        1    0.000    0.000    0.000    0.000 os.py:40(_get_exports_list)
        1    0.000    0.000    0.000    0.000 ssl.py:231(SSLSocket)
        6    0.000    0.000    0.000    0.000 optparse.py:630(_check_action)
        4    0.000    0.000    0.000    0.000 abc.py:416(items)
        1    0.000    0.000    0.000    0.000 connection.py:830(set_converter_class)
        1    0.000    0.000    0.000    0.000 protocol.py:73(make_auth)
        1    0.000    0.000    0.011    0.011 configparser.py:695(read_file)
       12    0.000    0.000    0.000    0.000 abc.py:129(__subclasshook__)
        1    0.000    0.000    0.000    0.000 threading.py:308(set)
        1    0.000    0.000    0.000    0.000 threading.py:831(__init__)
        5    0.000    0.000    0.000    0.000 stat.py:46(S_ISDIR)
        4    0.000    0.000    0.000    0.000 {built-in method openssl_sha1}
        5    0.000    0.000    0.000    0.000 datetime.py:262(_check_time_fields)
        1    0.000    0.000    0.001    0.001 optparse.py:1244(_add_version_option)
        1    0.000    0.000    0.000    0.000 {built-in method sorted}
        1    0.000    0.000    0.000    0.000 optparse.py:1359(parse_args)
        1    0.000    0.000    0.000    0.000 configparser.py:1207(SectionProxy)
        1    0.000    0.000    0.000    0.000 conversion.py:50(set_unicode)
        1    0.000    0.000    0.000    0.000 codecs.py:659(__init__)
        1    0.000    0.000    0.000    0.000 constants.py:237(ServerCmd)
        2    0.000    0.000    0.000    0.000 {method 'tolist' of 'array.array' objects}
        1    0.000    0.000    0.003    0.003 zipf.py:625(ZipExtFile)
        2    0.000    0.000    0.001    0.001 gettext.py:393(translation)
        1    0.000    0.000    0.000    0.000 cursor.py:58(CursorBase)
        3    0.000    0.000    0.000    0.000 koi8_r.py:14(decode)
        1    0.000    0.000    0.000    0.000 idna.py:300(getregentry)
        1    0.000    0.000    0.000    0.000 constants.py:303(ClientFlag)
        1    0.000    0.000    0.000    0.000 cp1251.py:33(getregentry)
        4    0.000    0.000    0.000    0.000 {method 'setter' of 'property' objects}
        1    0.000    0.000    0.000    0.000 cp1252.py:33(getregentry)
        1    0.000    0.000    0.000    0.000 koi8_r.py:33(getregentry)
        1    0.000    0.000    0.000    0.000 network.py:55(BaseMySQLSocket)
        1    0.000    0.000    0.000    0.000 threading.py:295(__init__)
        1    0.000    0.000    0.000    0.000 cp866.py:33(getregentry)
        1    0.000    0.000    0.011    0.011 configparser.py:746(readfp)
        1    0.000    0.000    0.000    0.000 utils.py:221(read_string)
        1    0.000    0.000    0.000    0.000 threading.py:345(Barrier)
        1    0.000    0.000    0.000    0.000 socket.py:254(SocketIO)
        1    0.000    0.000    0.000    0.000 connection.py:649(cmd_quit)
        1    0.000    0.000    0.000    0.000 constants.py:178(FieldFlag)
        1    0.000    0.000    0.000    0.000 base64.py:153(<listcomp>)
        1    0.000    0.000    0.000    0.000 base64.py:154(<listcomp>)
        1    0.000    0.000    0.000    0.000 constants.py:450(CharacterSet)
        1    0.000    0.000    0.000    0.000 constants.py:788(SQLMode)
        1    0.000    0.000    0.000    0.000 network.py:63(__init__)
        2    0.000    0.000    0.000    0.000 constants.py:362(get_default)
        2    0.000    0.000    0.000    0.000 connection.py:368(disconnect)
        2    0.000    0.000    0.000    0.000 zipf.py:1445(close)
        1    0.000    0.000    0.000    0.000 socket.py:87(socket)
       13    0.000    0.000    0.000    0.000 {method '__subclasshook__' of 'object' objects}
        3    0.000    0.000    0.000    0.000 datetime.py:1831(_create)
        1    0.000    0.000    0.000    0.000 codecs.py:401(__init__)
        1    0.000    0.000    0.000    0.000 protocol.py:38(MySQLProtocol)
        6    0.000    0.000    0.000    0.000 optparse.py:636(_check_type)
        1    0.000    0.000    0.000    0.000 network.py:85(close_connection)
        1    0.000    0.000    0.000    0.000 network.py:330(__init__)
        2    0.000    0.000    0.000    0.000 cp1252.py:14(decode)
        6    0.000    0.000    0.000    0.000 optparse.py:585(<listcomp>)
        3    0.000    0.000    0.000    0.000 {method 'digest' of '_hashlib.HASH' objects}
        2    0.000    0.000    0.000    0.000 {built-in method time}
        6    0.000    0.000    0.000    0.000 optparse.py:679(_check_dest)
        1    0.000    0.000    0.000    0.000 protocol.py:46(<listcomp>)
        5    0.000    0.000    0.000    0.000 dbapi.py:36(__init__)
        1    0.000    0.000    0.000    0.000 optparse.py:924(__init__)
        1    0.000    0.000    0.032    0.032 __init__.py:42(Connect)
        1    0.000    0.000    0.000    0.000 socket.py:197(close)
        1    0.000    0.000    0.000    0.000 sopdsparse.py:49(fb2cover)
        1    0.000    0.000    0.000    0.000 conversion.py:37(__init__)
        1    0.000    0.000    0.000    0.000 zipf.py:187(_EndRecData64)
        4    0.000    0.000    0.000    0.000 abc.py:437(__init__)
        1    0.000    0.000    0.001    0.001 configparser.py:516(LegacyInterpolation)
        2    0.000    0.000    0.000    0.000 os.py:749(decode)
        3    0.000    0.000    0.000    0.000 configparser.py:1210(__init__)
        2    0.000    0.000    0.000    0.000 {method 'split' of 'bytes' objects}
        1    0.000    0.000    0.000    0.000 constants.py:40(_constants)
        5    0.000    0.000    0.000    0.000 datetime.py:274(_check_tzinfo_arg)
        1    0.000    0.000    0.000    0.000 connection.py:138(<listcomp>)
        6    0.000    0.000    0.000    0.000 optparse.py:709(_check_callback)
        1    0.000    0.000    0.000    0.000 threading.py:236(Semaphore)
        1    0.000    0.000    0.002    0.002 optparse.py:1249(_populate_option_list)
        1    0.000    0.000    0.002    0.002 zipf.py:447(_ZipDecrypter)
        1    0.000    0.000    0.000    0.000 configparser.py:144(Error)
        1    0.000    0.000    0.000    0.000 sopdsdb.py:32(__init__)
        6    0.000    0.000    0.000    0.000 optparse.py:666(_check_choice)
       12    0.000    0.000    0.000    0.000 {method '__contains__' of 'frozenset' objects}
        1    0.000    0.000    0.001    0.001 configparser.py:443(ExtendedInterpolation)
        1    0.000    0.000    0.000    0.000 tarfile.py:345(_Stream)
        1    0.000    0.000    0.000    0.000 tarfile.py:625(_FileInFile)
        1    0.000    0.000    0.000    0.000 {built-in method getcwd}
        1    0.000    0.000    0.000    0.000 threading.py:125(Condition)
        1    0.000    0.000    0.001    0.001 configparser.py:372(BasicInterpolation)
        1    0.000    0.000    0.000    0.000 optparse.py:829(__init__)
        1    0.000    0.000    0.000    0.000 {method 'union' of 'set' objects}
        1    0.000    0.000    0.001    0.001 zipf.py:1038(namelist)
        1    0.000    0.000    0.001    0.001 optparse.py:1239(_add_help_option)
        5    0.000    0.000    0.000    0.000 datetime.py:44(_days_in_month)
        3    0.000    0.000    0.000    0.000 {built-in method _getframe}
        1    0.000    0.000    0.000    0.000 cursor.py:40(_ParamSubstitutor)
        1    0.000    0.000    0.000    0.000 cursor.py:742(MySQLCursorBuffered)
        1    0.000    0.000    0.000    0.000 threading.py:63(_RLock)
        1    0.000    0.000    0.000    0.000 optparse.py:1268(set_usage)
        1    0.000    0.000    0.000    0.000 datetime.py:484(__neg__)
        6    0.000    0.000    0.000    0.000 optparse.py:694(_check_const)
        1    0.000    0.000    0.000    0.000 conversion.py:35(ConverterBase)
        1    0.000    0.000    0.000    0.000 constants.py:369(ServerFlag)
        6    0.000    0.000    0.000    0.000 optparse.py:700(_check_nargs)
        1    0.000    0.000    0.000    0.000 optparse.py:1234(_create_option_list)
        2    0.000    0.000    0.000    0.000 utils.py:81(int4store)
        1    0.000    0.000    0.000    0.000 cp866.py:21(IncrementalDecoder)
        1    0.000    0.000    0.000    0.000 sopdsparse.py:6(fb2tag)
        1    0.000    0.000    0.000    0.000 constants.py:419(ShutdownType)
        2    0.000    0.000    0.000    0.000 sre_parse.py:255(_class_escape)
        1    0.000    0.000    0.000    0.000 constants.py:396(RefreshOption)
        1    0.000    0.000    0.000    0.000 configparser.py:1175(ConfigParser)
        1    0.000    0.000    0.000    0.000 connection.py:1075(set_autocommit)
        1    0.000    0.000    0.000    0.000 datetime.py:908(tzinfo)
        1    0.000    0.000    0.000    0.000 <frozen importlib._bootstrap>:593(_requires_builtin_wrapper)
        1    0.000    0.000    0.000    0.000 {built-in method openssl_md5}
        1    0.000    0.000    0.000    0.000 sopdsparse.py:91(fb2parser)
        1    0.000    0.000    0.000    0.000 cursor.py:819(MySQLCursorBufferedRaw)
        1    0.000    0.000    0.000    0.000 zipf.py:1554(PyZipFile)
        1    0.000    0.000    0.000    0.000 sopdsdb.py:64(closeDB)
        1    0.000    0.000    0.000    0.000 constants.py:161(get_number_types)
        1    0.000    0.000    0.000    0.000 constants.py:72(_constantflags)
        1    0.000    0.000    0.000    0.000 ssl.py:194(SSLContext)
        5    0.000    0.000    0.000    0.000 {method 'isdigit' of 'str' objects}
        1    0.000    0.000    0.000    0.000 <frozen importlib._bootstrap>:654(load_module)
        1    0.000    0.000    0.000    0.000 zipf.py:291(ZipInfo)
        5    0.000    0.000    0.000    0.000 stat.py:27(S_IFMT)
        1    0.000    0.000    0.000    0.000 codecs.py:1037(make_identity_dict)
        1    0.000    0.000    0.000    0.000 {method 'groups' of '_sre.SRE_Match' objects}
        1    0.000    0.000    0.000    0.000 connection.py:870(set_login)
        1    0.000    0.000    0.000    0.000 threading.py:291(Event)
        2    0.000    0.000    0.001    0.001 gettext.py:497(gettext)
        1    0.000    0.000    0.000    0.000 threading.py:230(notify_all)
        2    0.000    0.000    0.000    0.000 {built-in method maketrans}
        1    0.000    0.000    0.000    0.000 network.py:296(MySQLUnixSocket)
        1    0.000    0.000    0.000    0.000 network.py:325(MySQLTCPSocket)
        1    0.000    0.000    0.000    0.000 {built-in method lookup}
        1    0.000    0.000    0.000    0.000 sopds-scan.py:198(<setcomp>)
        1    0.000    0.000    0.000    0.000 cp866.py:9(Codec)
        1    0.000    0.000    0.000    0.000 configparser.py:356(Interpolation)
        1    0.000    0.000    0.000    0.000 threading.py:800(Timer)
        1    0.000    0.000    0.000    0.000 decimal.py:3854(_ContextManager)
        1    0.000    0.000    0.000    0.000 tarfile.py:2377(TarIter)
        1    0.000    0.000    0.000    0.000 tarfile.py:321(_LowLevelFile)
        1    0.000    0.000    0.000    0.000 numbers.py:12(Number)
        1    0.000    0.000    0.000    0.000 optparse.py:370(__init__)
        1    0.000    0.000    0.000    0.000 decimal.py:5594(_WorkRep)
        1    0.000    0.000    0.000    0.000 conversion.py:79(__init__)
        1    0.000    0.000    0.000    0.000 tarfile.py:595(_StreamProxy)
        1    0.000    0.000    0.000    0.000 constants.py:146(get_string_types)
        1    0.000    0.000    0.000    0.000 optparse.py:765(check_value)
        3    0.000    0.000    0.000    0.000 sre_parse.py:223(tell)
        2    0.000    0.000    0.000    0.000 {method 'tobytes' of 'array.array' objects}
        1    0.000    0.000    0.000    0.000 tarfile.py:284(TarError)
        1    0.000    0.000    0.000    0.000 {method 'tell' of '_io.BufferedReader' objects}
        1    0.000    0.000    0.000    0.000 koi8_r.py:9(Codec)
        1    0.000    0.000    0.000    0.000 {method 'index' of 'bytes' objects}
        1    0.000    0.000    0.000    0.000 zipf.py:506(LZMACompressor)
        1    0.000    0.000    0.000    0.000 cp1252.py:9(Codec)
        1    0.000    0.000    0.000    0.000 threading.py:861(_DummyThread)
        2    0.000    0.000    0.000    0.000 utils.py:128(read_bytes)
        1    0.000    0.000    0.000    0.000 errors.py:154(Error)
        1    0.000    0.000    0.000    0.000 functools.py:192(lru_cache)
        2    0.000    0.000    0.000    0.000 conversion.py:43(set_charset)
        1    0.000    0.000    0.000    0.000 threading.py:216(notify)
        1    0.000    0.000    0.000    0.000 idna.py:146(Codec)
        1    0.000    0.000    0.000    0.000 codecs.py:716(__getattr__)
        1    0.000    0.000    0.000    0.000 threading.py:166(_is_owned)
        1    0.000    0.000    0.000    0.000 optparse.py:935(_create_option_mappings)
        1    0.000    0.000    0.000    0.000 cp1251.py:9(Codec)
        1    0.000    0.000    0.000    0.000 network.py:70(next_packet_number)
        1    0.000    0.000    0.000    0.000 zipf.py:1441(__del__)
        1    0.000    0.000    0.000    0.000 koi8_r.py:17(IncrementalEncoder)
        1    0.000    0.000    0.000    0.000 koi8_r.py:21(IncrementalDecoder)
        1    0.000    0.000    0.000    0.000 cp1252.py:17(IncrementalEncoder)
        1    0.000    0.000    0.000    0.000 configparser.py:209(DuplicateOptionError)
        1    0.000    0.000    0.000    0.000 connection.py:1144(close)
        1    0.000    0.000    0.000    0.000 threading.py:829(_MainThread)
        1    0.000    0.000    0.000    0.000 {built-in method openssl_sha256}
        1    0.000    0.000    0.000    0.000 {method 'settimeout' of '_socket.socket' objects}
        1    0.000    0.000    0.000    0.000 optparse.py:1304(_get_all_options)
        2    0.000    0.000    0.000    0.000 {method 'acquire' of '_thread.lock' objects}
        1    0.000    0.000    0.000    0.000 configparser.py:183(DuplicateSectionError)
        1    0.000    0.000    0.000    0.000 configparser.py:174(NoSectionError)
        1    0.000    0.000    0.000    0.000 decimal.py:270(DivisionImpossible)
        1    0.000    0.000    0.000    0.000 threading.py:279(BoundedSemaphore)
        1    0.000    0.000    0.000    0.000 dbapi.py:34(_DBAPITypeObject)
        4    0.000    0.000    0.000    0.000 {method 'reverse' of 'list' objects}
        1    0.000    0.000    0.000    0.000 decimal.py:281(DivisionUndefined)
        1    0.000    0.000    0.000    0.000 decimal.py:5832(_Log10Memoize)
        1    0.000    0.000    0.000    0.000 configparser.py:336(MissingSectionHeaderError)
        1    0.000    0.000    0.000    0.000 configparser.py:1194(SafeConfigParser)
        1    0.000    0.000    0.000    0.000 sopdscfg.py:22(cfgreader)
        1    0.000    0.000    0.000    0.000 cp1251.py:17(IncrementalEncoder)
        1    0.000    0.000    0.000    0.000 idna.py:253(IncrementalDecoder)
        1    0.000    0.000    0.000    0.000 optparse.py:951(set_conflict_handler)
        1    0.000    0.000    0.000    0.000 decimal.py:292(Inexact)
        1    0.000    0.000    0.000    0.000 decimal.py:244(ConversionSyntax)
        1    0.000    0.000    0.000    0.000 constants.py:154(get_binary_types)
        1    0.000    0.000    0.000    0.000 {built-in method openssl_sha512}
        1    0.000    0.000    0.000    0.000 cp866.py:17(IncrementalEncoder)
        1    0.000    0.000    0.000    0.000 {built-in method openssl_sha224}
        1    0.000    0.000    0.000    0.000 cursor.py:798(MySQLCursorRaw)
        1    0.000    0.000    0.000    0.000 {built-in method openssl_sha384}
        1    0.000    0.000    0.000    0.000 decimal.py:304(InvalidContext)
        2    0.000    0.000    0.000    0.000 {method 'copy' of 'dict' objects}
        1    0.000    0.000    0.000    0.000 decimal.py:254(DivisionByZero)
        1    0.000    0.000    0.000    0.000 configparser.py:236(NoOptionError)
        1    0.000    0.000    0.000    0.000 __init__.py:17(<module>)
        1    0.000    0.000    0.000    0.000 decimal.py:318(Rounded)
        1    0.000    0.000    0.000    0.000 idna.py:295(StreamReader)
        1    0.000    0.000    0.000    0.000 tarfile.py:314(SubsequentHeaderError)
        1    0.000    0.000    0.000    0.000 cp1252.py:25(StreamWriter)
        1    0.000    0.000    0.000    0.000 tarfile.py:296(StreamError)
        1    0.000    0.000    0.000    0.000 tarfile.py:311(InvalidHeaderError)
        1    0.000    0.000    0.000    0.000 connection.py:1005(unix_socket)
        1    0.000    0.000    0.000    0.000 shutil.py:52(ReadError)
        1    0.000    0.000    0.000    0.000 errors.py:211(DataError)
        1    0.000    0.000    0.000    0.000 koi8_r.py:25(StreamWriter)
        1    0.000    0.000    0.000    0.000 zipf.py:529(LZMADecompressor)
        1    0.000    0.000    0.000    0.000 configparser.py:257(InterpolationMissingOptionError)
        1    0.000    0.000    0.000    0.000 shutil.py:49(ExecError)
        1    0.000    0.000    0.000    0.000 tarfile.py:287(ExtractError)
        1    0.000    0.000    0.000    0.000 decimal.py:180(DecimalException)
        1    0.000    0.000    0.000    0.000 errors.py:183(Warning)
        1    0.000    0.000    0.000    0.000 configparser.py:247(InterpolationError)
        1    0.000    0.000    0.000    0.000 zipf.py:39(BadZipFile)
        1    0.000    0.000    0.000    0.000 codecs.py:326(__init__)
        1    0.000    0.000    0.000    0.000 tarfile.py:726(ExFileObject)
        1    0.000    0.000    0.000    0.000 cp866.py:28(StreamReader)
        1    0.000    0.000    0.000    0.000 zipf.py:43(LargeZipFile)
        1    0.000    0.000    0.000    0.000 koi8_r.py:28(StreamReader)
        1    0.000    0.000    0.000    0.000 cp866.py:25(StreamWriter)
        1    0.000    0.000    0.000    0.000 {method 'lstrip' of 'str' objects}
        1    0.000    0.000    0.000    0.000 errors.py:207(IntegrityError)
        1    0.000    0.000    0.000    0.000 errors.py:199(OperationalError)
        1    0.000    0.000    0.000    0.000 errors.py:187(InterfaceError)
        1    0.000    0.000    0.000    0.000 constants.py:172(get_timestamp_types)
        1    0.000    0.000    0.000    0.000 configparser.py:280(InterpolationDepthError)
        1    0.000    0.000    0.000    0.000 configparser.py:272(InterpolationSyntaxError)
        1    0.000    0.000    0.000    0.000 decimal.py:5836(__init__)
        1    0.000    0.000    0.000    0.000 cp1252.py:21(IncrementalDecoder)
        1    0.000    0.000    0.000    0.000 shutil.py:55(RegistryError)
        1    0.000    0.000    0.000    0.000 decimal.py:341(Overflow)
        1    0.000    0.000    0.000    0.000 decimal.py:215(InvalidOperation)
        1    0.000    0.000    0.000    0.000 cp1251.py:25(StreamWriter)
        1    0.000    0.000    0.000    0.000 optparse.py:756(get_opt_string)
        1    0.000    0.000    0.000    0.000 ssl.py:128(CertificateError)
        1    0.000    0.000    0.000    0.000 decimal.py:394(FloatOperation)
        1    0.000    0.000    0.000    0.000 optparse.py:1259(_init_parsing_state)
        1    0.000    0.000    0.000    0.000 errors.py:191(DatabaseError)
        1    0.000    0.000    0.000    0.000 cp1251.py:21(IncrementalDecoder)
        1    0.000    0.000    0.000    0.000 decimal.py:330(Subnormal)
        1    0.000    0.000    0.000    0.000 tarfile.py:293(CompressionError)
        1    0.000    0.000    0.000    0.000 cp1251.py:28(StreamReader)
        1    0.000    0.000    0.000    0.000 idna.py:292(StreamWriter)
        1    0.000    0.000    0.000    0.000 tarfile.py:290(ReadError)
        1    0.000    0.000    0.000    0.000 shutil.py:45(SpecialFileError)
        1    0.000    0.000    0.000    0.000 zipf.py:577(_check_compression)
        1    0.000    0.000    0.000    0.000 errors.py:195(InternalError)
        1    0.000    0.000    0.000    0.000 decimal.py:203(Clamped)
        1    0.000    0.000    0.000    0.000 optparse.py:229(set_parser)
        1    0.000    0.000    0.000    0.000 decimal.py:379(Underflow)
        1    0.000    0.000    0.000    0.000 tarfile.py:299(HeaderError)
        1    0.000    0.000    0.000    0.000 optparse.py:1353(_get_args)
        1    0.000    0.000    0.000    0.000 {built-in method getfilesystemencoding}
        1    0.000    0.000    0.000    0.000 tarfile.py:308(EOFHeaderError)
        1    0.000    0.000    0.000    0.000 threading.py:620(_set_ident)
        1    0.000    0.000    0.000    0.000 errors.py:215(NotSupportedError)
        1    0.000    0.000    0.000    0.000 optparse.py:956(set_description)
        1    0.000    0.000    0.000    0.000 cp1252.py:28(StreamReader)
        1    0.000    0.000    0.000    0.000 tarfile.py:302(EmptyHeaderError)
        1    0.000    0.000    0.000    0.000 optparse.py:1411(_process_args)
        1    0.000    0.000    0.000    0.000 errors.py:203(ProgrammingError)
        1    0.000    0.000    0.000    0.000 tarfile.py:305(TruncatedHeaderError)
        1    0.000    0.000    0.000    0.000 __init__.py:8(<module>)
        1    0.000    0.000    0.000    0.000 {method 'discard' of 'set' objects}
        1    0.000    0.000    0.000    0.000 codecs.py:694(__iter__)
        1    0.000    0.000    0.000    0.000 threading.py:500(BrokenBarrierError)
        1    0.000    0.000    0.000    0.000 network.py:268(set_connection_timeout)
        1    0.000    0.000    0.000    0.000 {method 'disable' of '_lsprof.Profiler' objects}
        1    0.000    0.000    0.000    0.000 shutil.py:42(Error)
        1    0.000    0.000    0.000    0.000 optparse.py:1398(check_values)
        1    0.000    0.000    0.000    0.000 connection.py:995(server_host)
        1    0.000    0.000    0.000    0.000 connection.py:1000(server_port)
        1    0.000    0.000    0.000    0.000 __init__.py:1(<module>)
        1    0.000    0.000    0.000    0.000 {method 'release' of '_thread.lock' objects}


