Error processing zip archive: /mnt/SATA1TB-2/КНИГИ/BOOKS/Художественная литература/LIB.RUS.EC/fb2-204904-209028.zip  file:  205690.fb2
Error processing zip archive: /mnt/SATA1TB-2/КНИГИ/BOOKS/Художественная литература/LIB.RUS.EC/fb2-182285-187147.zip  file:  184312.fb2
Error processing zip archive: /mnt/SATA1TB-2/КНИГИ/BOOKS/Художественная литература/LIB.RUS.EC/fb2-119691-132107.zip  file:  121901.fb2
Error processing zip archive: /mnt/SATA1TB-2/КНИГИ/BOOKS/Художественная литература/LIB.RUS.EC/fb2-119691-132107.zip  file:  130628.fb2
Error processing zip archive: /mnt/SATA1TB-2/КНИГИ/BOOKS/Художественная литература/LIB.RUS.EC/fb2-327000-334999.zip  file:  329623.fb2
Error processing zip archive: /mnt/SATA1TB-2/КНИГИ/BOOKS/Художественная литература/LIB.RUS.EC/fb2-327000-334999.zip  file:  329625.fb2
Error processing zip archive: /mnt/SATA1TB-2/КНИГИ/BOOKS/Художественная литература/LIB.RUS.EC/fb2-327000-334999.zip  file:  329627.fb2
Error processing zip archive: /mnt/SATA1TB-2/КНИГИ/BOOKS/Художественная литература/LIB.RUS.EC/fb2-327000-334999.zip  file:  329629.fb2
Error processing zip archive: /mnt/SATA1TB-2/КНИГИ/BOOKS/Художественная литература/LIB.RUS.EC/fb2-327000-334999.zip  file:  329631.fb2
Error processing zip archive: /mnt/SATA1TB-2/КНИГИ/BOOKS/Художественная литература/LIB.RUS.EC/fb2-327000-334999.zip  file:  329633.fb2
Error processing zip archive: /mnt/SATA1TB-2/КНИГИ/BOOKS/Художественная литература/LIB.RUS.EC/fb2-327000-334999.zip  file:  329647.fb2
Error processing zip archive: /mnt/SATA1TB-2/КНИГИ/BOOKS/Художественная литература/LIB.RUS.EC/fb2-327000-334999.zip  file:  329649.fb2
Error processing zip archive: /mnt/SATA1TB-2/КНИГИ/BOOKS/Художественная литература/LIB.RUS.EC/fb2-327000-334999.zip  file:  329651.fb2
Error processing zip archive: /mnt/SATA1TB-2/КНИГИ/BOOKS/Художественная литература/LIB.RUS.EC/fb2-327000-334999.zip  file:  329653.fb2
Error processing zip archive: /mnt/SATA1TB-2/КНИГИ/BOOKS/Художественная литература/LIB.RUS.EC/fb2-327000-334999.zip  file:  329661.fb2
Error processing zip archive: /mnt/SATA1TB-2/КНИГИ/BOOKS/Художественная литература/LIB.RUS.EC/fb2-327000-334999.zip  file:  329665.fb2
Error processing zip archive: /mnt/SATA1TB-2/КНИГИ/BOOKS/Художественная литература/LIB.RUS.EC/fb2-327000-334999.zip  file:  329669.fb2
Error processing zip archive: /mnt/SATA1TB-2/КНИГИ/BOOKS/Художественная литература/LIB.RUS.EC/fb2-327000-334999.zip  file:  329671.fb2
Error processing zip archive: /mnt/SATA1TB-2/КНИГИ/BOOKS/Художественная литература/LIB.RUS.EC/fb2-327000-334999.zip  file:  329673.fb2
Error processing zip archive: /mnt/SATA1TB-2/КНИГИ/BOOKS/Художественная литература/LIB.RUS.EC/fb2-327000-334999.zip  file:  329675.fb2
Error processing zip archive: /mnt/SATA1TB-2/КНИГИ/BOOKS/Художественная литература/LIB.RUS.EC/fb2-327000-334999.zip  file:  329677.fb2
Error processing zip archive: /mnt/SATA1TB-2/КНИГИ/BOOKS/Художественная литература/LIB.RUS.EC/fb2-327000-334999.zip  file:  329679.fb2
Error processing zip archive: /mnt/SATA1TB-2/КНИГИ/BOOKS/Художественная литература/LIB.RUS.EC/fb2-327000-334999.zip  file:  329813.fb2
Error processing zip archive: /mnt/SATA1TB-2/КНИГИ/BOOKS/Художественная литература/LIB.RUS.EC/fb2-327000-334999.zip  file:  329831.fb2
Error processing zip archive: /mnt/SATA1TB-2/КНИГИ/BOOKS/Художественная литература/LIB.RUS.EC/fb2-327000-334999.zip  file:  329835.fb2
Error processing zip archive: /mnt/SATA1TB-2/КНИГИ/BOOKS/Художественная литература/LIB.RUS.EC/fb2-327000-334999.zip  file:  329879.fb2
Error processing zip archive: /mnt/SATA1TB-2/КНИГИ/BOOKS/Художественная литература/LIB.RUS.EC/fb2-327000-334999.zip  file:  329965.fb2
Error processing zip archive: /mnt/SATA1TB-2/КНИГИ/BOOKS/Художественная литература/LIB.RUS.EC/fb2-327000-334999.zip  file:  329969.fb2
Error processing zip archive: /mnt/SATA1TB-2/КНИГИ/BOOKS/Художественная литература/LIB.RUS.EC/fb2-327000-334999.zip  file:  329973.fb2
Error processing zip archive: /mnt/SATA1TB-2/КНИГИ/BOOKS/Художественная литература/LIB.RUS.EC/fb2-327000-334999.zip  file:  329989.fb2
Error processing zip archive: /mnt/SATA1TB-2/КНИГИ/BOOKS/Художественная литература/LIB.RUS.EC/fb2-327000-334999.zip  file:  330001.fb2
Error processing zip archive: /mnt/SATA1TB-2/КНИГИ/BOOKS/Художественная литература/LIB.RUS.EC/fb2-327000-334999.zip  file:  330033.fb2
Error processing zip archive: /mnt/SATA1TB-2/КНИГИ/BOOKS/Художественная литература/LIB.RUS.EC/fb2-327000-334999.zip  file:  330037.fb2
Error processing zip archive: /mnt/SATA1TB-2/КНИГИ/BOOKS/Художественная литература/LIB.RUS.EC/fb2-327000-334999.zip  file:  330061.fb2
Error processing zip archive: /mnt/SATA1TB-2/КНИГИ/BOOKS/Художественная литература/LIB.RUS.EC/fb2-327000-334999.zip  file:  330063.fb2
Error processing zip archive: /mnt/SATA1TB-2/КНИГИ/BOOKS/Художественная литература/LIB.RUS.EC/fb2-327000-334999.zip  file:  330071.fb2
Error processing zip archive: /mnt/SATA1TB-2/КНИГИ/BOOKS/Художественная литература/LIB.RUS.EC/fb2-327000-334999.zip  file:  330089.fb2
Error processing zip archive: /mnt/SATA1TB-2/КНИГИ/BOOKS/Художественная литература/LIB.RUS.EC/fb2-327000-334999.zip  file:  330095.fb2
Error processing zip archive: /mnt/SATA1TB-2/КНИГИ/BOOKS/Художественная литература/LIB.RUS.EC/fb2-327000-334999.zip  file:  330099.fb2
Error processing zip archive: /mnt/SATA1TB-2/КНИГИ/BOOKS/Художественная литература/LIB.RUS.EC/fb2-327000-334999.zip  file:  330109.fb2
Error processing zip archive: /mnt/SATA1TB-2/КНИГИ/BOOKS/Художественная литература/LIB.RUS.EC/fb2-327000-334999.zip  file:  330115.fb2
Error processing zip archive: /mnt/SATA1TB-2/КНИГИ/BOOKS/Художественная литература/LIB.RUS.EC/fb2-327000-334999.zip  file:  330133.fb2
Error processing zip archive: /mnt/SATA1TB-2/КНИГИ/BOOKS/Художественная литература/LIB.RUS.EC/fb2-327000-334999.zip  file:  330185.fb2
Error processing zip archive: /mnt/SATA1TB-2/КНИГИ/BOOKS/Художественная литература/LIB.RUS.EC/fb2-327000-334999.zip  file:  330199.fb2
Error processing zip archive: /mnt/SATA1TB-2/КНИГИ/BOOKS/Художественная литература/LIB.RUS.EC/fb2-327000-334999.zip  file:  330209.fb2
Error processing zip archive: /mnt/SATA1TB-2/КНИГИ/BOOKS/Художественная литература/LIB.RUS.EC/fb2-327000-334999.zip  file:  330215.fb2
Error processing zip archive: /mnt/SATA1TB-2/КНИГИ/BOOKS/Художественная литература/LIB.RUS.EC/fb2-327000-334999.zip  file:  330253.fb2
Error processing zip archive: /mnt/SATA1TB-2/КНИГИ/BOOKS/Художественная литература/LIB.RUS.EC/fb2-327000-334999.zip  file:  330271.fb2
Error processing zip archive: /mnt/SATA1TB-2/КНИГИ/BOOKS/Художественная литература/LIB.RUS.EC/fb2-327000-334999.zip  file:  330323.fb2
Error processing zip archive: /mnt/SATA1TB-2/КНИГИ/BOOKS/Художественная литература/LIB.RUS.EC/fb2-327000-334999.zip  file:  330373.fb2
Error processing zip archive: /mnt/SATA1TB-2/КНИГИ/BOOKS/Художественная литература/LIB.RUS.EC/fb2-327000-334999.zip  file:  330389.fb2
Error processing zip archive: /mnt/SATA1TB-2/КНИГИ/BOOKS/Художественная литература/LIB.RUS.EC/fb2-327000-334999.zip  file:  330391.fb2
Error processing zip archive: /mnt/SATA1TB-2/КНИГИ/BOOKS/Художественная литература/LIB.RUS.EC/fb2-327000-334999.zip  file:  330431.fb2
Error processing zip archive: /mnt/SATA1TB-2/КНИГИ/BOOKS/Художественная литература/LIB.RUS.EC/fb2-327000-334999.zip  file:  330457.fb2
Error processing zip archive: /mnt/SATA1TB-2/КНИГИ/BOOKS/Художественная литература/LIB.RUS.EC/fb2-327000-334999.zip  file:  330467.fb2
Error processing zip archive: /mnt/SATA1TB-2/КНИГИ/BOOKS/Художественная литература/LIB.RUS.EC/fb2-327000-334999.zip  file:  330469.fb2
Error processing zip archive: /mnt/SATA1TB-2/КНИГИ/BOOKS/Художественная литература/LIB.RUS.EC/fb2-327000-334999.zip  file:  330473.fb2
Error processing zip archive: /mnt/SATA1TB-2/КНИГИ/BOOKS/Художественная литература/LIB.RUS.EC/fb2-327000-334999.zip  file:  330483.fb2
Error processing zip archive: /mnt/SATA1TB-2/КНИГИ/BOOKS/Художественная литература/LIB.RUS.EC/fb2-327000-334999.zip  file:  330485.fb2
Error processing zip archive: /mnt/SATA1TB-2/КНИГИ/BOOKS/Художественная литература/LIB.RUS.EC/fb2-327000-334999.zip  file:  330495.fb2
Error processing zip archive: /mnt/SATA1TB-2/КНИГИ/BOOKS/Художественная литература/LIB.RUS.EC/fb2-327000-334999.zip  file:  330497.fb2
Error processing zip archive: /mnt/SATA1TB-2/КНИГИ/BOOKS/Художественная литература/LIB.RUS.EC/fb2-327000-334999.zip  file:  330505.fb2
Error processing zip archive: /mnt/SATA1TB-2/КНИГИ/BOOKS/Художественная литература/LIB.RUS.EC/fb2-327000-334999.zip  file:  330511.fb2
Error processing zip archive: /mnt/SATA1TB-2/КНИГИ/BOOKS/Художественная литература/LIB.RUS.EC/fb2-327000-334999.zip  file:  330517.fb2
Error processing zip archive: /mnt/SATA1TB-2/КНИГИ/BOOKS/Художественная литература/LIB.RUS.EC/fb2-327000-334999.zip  file:  330519.fb2
Error processing zip archive: /mnt/SATA1TB-2/КНИГИ/BOOKS/Художественная литература/LIB.RUS.EC/fb2-327000-334999.zip  file:  330527.fb2
Error processing zip archive: /mnt/SATA1TB-2/КНИГИ/BOOKS/Художественная литература/LIB.RUS.EC/fb2-327000-334999.zip  file:  330545.fb2
Error processing zip archive: /mnt/SATA1TB-2/КНИГИ/BOOKS/Художественная литература/LIB.RUS.EC/fb2-327000-334999.zip  file:  330571.fb2
Error processing zip archive: /mnt/SATA1TB-2/КНИГИ/BOOKS/Художественная литература/LIB.RUS.EC/fb2-327000-334999.zip  file:  330583.fb2
Error processing zip archive: /mnt/SATA1TB-2/КНИГИ/BOOKS/Художественная литература/LIB.RUS.EC/fb2-327000-334999.zip  file:  330585.fb2
Error processing zip archive: /mnt/SATA1TB-2/КНИГИ/BOOKS/Художественная литература/LIB.RUS.EC/fb2-327000-334999.zip  file:  330587.fb2
Error processing zip archive: /mnt/SATA1TB-2/КНИГИ/BOOKS/Художественная литература/LIB.RUS.EC/fb2-327000-334999.zip  file:  330593.fb2
Error processing zip archive: /mnt/SATA1TB-2/КНИГИ/BOOKS/Художественная литература/LIB.RUS.EC/fb2-327000-334999.zip  file:  330603.fb2
Error processing zip archive: /mnt/SATA1TB-2/КНИГИ/BOOKS/Художественная литература/LIB.RUS.EC/fb2-327000-334999.zip  file:  330613.fb2
Error processing zip archive: /mnt/SATA1TB-2/КНИГИ/BOOKS/Художественная литература/LIB.RUS.EC/fb2-327000-334999.zip  file:  330623.fb2
Error processing zip archive: /mnt/SATA1TB-2/КНИГИ/BOOKS/Художественная литература/LIB.RUS.EC/fb2-327000-334999.zip  file:  330637.fb2
Error processing zip archive: /mnt/SATA1TB-2/КНИГИ/BOOKS/Художественная литература/LIB.RUS.EC/fb2-327000-334999.zip  file:  330639.fb2
Error processing zip archive: /mnt/SATA1TB-2/КНИГИ/BOOKS/Художественная литература/LIB.RUS.EC/fb2-327000-334999.zip  file:  331108.fb2

Books added      :  218783
Books skipped    :  0
Books in archives:  213219
Archives scanned :  137
Archives skipped :  0
Time estimated: 6  hours,  32  minutes,  51  seconds.
