INFO     [2014-04-14 21:25:34,904] Books added      : 0
INFO     [2014-04-14 21:25:34,935] Books skipped    : 5569
INFO     [2014-04-14 21:25:34,936] Books DB entries deleted : 0
INFO     [2014-04-14 21:25:34,936] Books in archives: 0
INFO     [2014-04-14 21:25:34,936] Archives scanned : 35
INFO     [2014-04-14 21:25:34,936] Archives skipped : 127
INFO     [2014-04-14 21:25:34,936] Bad archives     : 0
INFO     [2014-04-14 21:25:34,937] Time estimated:0 hours, 3 minutes, 43 seconds.
2014-04-14 21:48:44,661 INFO     Books added      : 0
2014-04-14 21:48:44,701 INFO     Books skipped    : 5569
2014-04-14 21:48:44,701 INFO     Books DB entries deleted : 0
2014-04-14 21:48:44,702 INFO     Books in archives: 0
2014-04-14 21:48:44,702 INFO     Archives scanned : 35
2014-04-14 21:48:44,703 INFO     Archives skipped : 127
2014-04-14 21:48:44,703 INFO     Bad archives     : 0
2014-04-14 21:48:44,704 INFO     Time estimated:0 hours, 3 minutes, 43 seconds.
2014-04-14 22:22:24,055 INFO     Starting sopds-scan...
2014-04-14 22:25:31,667 INFO     Books added      : 0
2014-04-14 22:25:31,668 INFO     Books skipped    : 5569
2014-04-14 22:25:31,668 INFO     Books DB entries deleted : 0
2014-04-14 22:25:31,668 INFO     Books in archives: 0
2014-04-14 22:25:31,669 INFO     Archives scanned : 35
2014-04-14 22:25:31,669 INFO     Archives skipped : 127
2014-04-14 22:25:31,669 INFO     Bad archives     : 0
2014-04-14 22:25:31,670 INFO     Time estimated:0 hours, 3 minutes, 7 seconds.
2014-04-14 22:26:55,890 INFO      ***** Starting sopds-scan...
2014-04-14 22:29:43,030 INFO     Books added      : 0
2014-04-14 22:29:43,031 INFO     Books skipped    : 5569
2014-04-14 22:29:43,031 INFO     Books DB entries deleted : 0
2014-04-14 22:29:43,031 INFO     Books in archives: 0
2014-04-14 22:29:43,031 INFO     Archives scanned : 35
2014-04-14 22:29:43,032 INFO     Archives skipped : 127
2014-04-14 22:29:43,032 INFO     Bad archives     : 0
2014-04-14 22:29:43,032 INFO     Time estimated:0 hours, 2 minutes, 47 seconds.
2014-04-15 01:00:03,585 INFO      ***** Starting sopds-scan...
2014-04-15 01:03:13,938 INFO     Books added      : 0
2014-04-15 01:03:13,955 INFO     Books skipped    : 5569
2014-04-15 01:03:13,955 INFO     Books DB entries deleted : 0
2014-04-15 01:03:13,955 INFO     Books in archives: 0
2014-04-15 01:03:13,956 INFO     Archives scanned : 35
2014-04-15 01:03:13,956 INFO     Archives skipped : 127
2014-04-15 01:03:13,956 INFO     Bad archives     : 0
2014-04-15 01:03:13,956 INFO     Time estimated:0 hours, 3 minutes, 10 seconds.
2014-04-16 01:00:03,093 INFO      ***** Starting sopds-scan...
2014-04-16 01:03:09,771 INFO     Books added      : 0
2014-04-16 01:03:09,791 INFO     Books skipped    : 5569
2014-04-16 01:03:09,791 INFO     Books DB entries deleted : 0
2014-04-16 01:03:09,792 INFO     Books in archives: 0
2014-04-16 01:03:09,792 INFO     Archives scanned : 35
2014-04-16 01:03:09,792 INFO     Archives skipped : 127
2014-04-16 01:03:09,792 INFO     Bad archives     : 0
2014-04-16 01:03:09,792 INFO     Time estimated:0 hours, 3 minutes, 6 seconds.
2014-04-16 20:46:00,223 INFO      ***** Starting sopds-scan...
2014-04-16 20:49:32,500 INFO     Books added      : 0
2014-04-16 20:49:32,520 INFO     Books skipped    : 5569
2014-04-16 20:49:32,520 INFO     Books DB entries deleted : 0
2014-04-16 20:49:32,521 INFO     Books in archives: 0
2014-04-16 20:49:32,521 INFO     Archives scanned : 35
2014-04-16 20:49:32,521 INFO     Archives skipped : 127
2014-04-16 20:49:32,522 INFO     Bad archives     : 0
2014-04-16 20:49:32,522 INFO     Time estimated:0 hours, 3 minutes, 32 seconds.
2014-04-16 21:10:36,116 INFO      ***** Starting sopds-scan...
2014-04-16 21:13:31,660 INFO     Books added      : 0
2014-04-16 21:13:31,660 INFO     Books skipped    : 5569
2014-04-16 21:13:31,661 INFO     Books DB entries deleted : 0
2014-04-16 21:13:31,661 INFO     Books in archives: 0
2014-04-16 21:13:31,662 INFO     Archives scanned : 35
2014-04-16 21:13:31,662 INFO     Archives skipped : 127
2014-04-16 21:13:31,662 INFO     Bad archives     : 0
2014-04-16 21:13:31,663 INFO     Time estimated:0 hours, 2 minutes, 55 seconds.
2014-04-17 01:00:03,900 INFO      ***** Starting sopds-scan...
2014-04-17 01:03:08,967 INFO     Books added      : 0
2014-04-17 01:03:08,982 INFO     Books skipped    : 5569
2014-04-17 01:03:08,982 INFO     Books DB entries deleted : 0
2014-04-17 01:03:08,982 INFO     Books in archives: 0
2014-04-17 01:03:08,982 INFO     Archives scanned : 35
2014-04-17 01:03:08,983 INFO     Archives skipped : 127
2014-04-17 01:03:08,983 INFO     Bad archives     : 0
2014-04-17 01:03:08,983 INFO     Time estimated:0 hours, 3 minutes, 5 seconds.
2014-04-18 01:00:05,077 INFO      ***** Starting sopds-scan...
2014-04-18 01:03:07,394 INFO     Books added      : 0
2014-04-18 01:03:07,419 INFO     Books skipped    : 5569
2014-04-18 01:03:07,419 INFO     Books DB entries deleted : 0
2014-04-18 01:03:07,419 INFO     Books in archives: 0
2014-04-18 01:03:07,420 INFO     Archives scanned : 35
2014-04-18 01:03:07,420 INFO     Archives skipped : 127
2014-04-18 01:03:07,420 INFO     Bad archives     : 0
2014-04-18 01:03:07,420 INFO     Time estimated:0 hours, 3 minutes, 2 seconds.
2014-04-18 20:51:20,884 INFO      ***** Starting sopds-scan...
2014-04-18 20:54:39,417 INFO     Books added      : 0
2014-04-18 20:54:39,456 INFO     Books skipped    : 3321
2014-04-18 20:59:05,436 INFO      ***** Starting sopds-scan...
2014-04-18 21:02:06,398 INFO     Books added      : 0
2014-04-18 21:02:06,398 INFO     Books skipped    : 3321
2014-04-18 21:02:06,399 INFO     Books DB entries deleted : 0
2014-04-18 21:02:06,399 INFO     Books in archives: 0
2014-04-18 21:02:06,400 INFO     Archives scanned : 35
2014-04-18 21:02:06,400 INFO     Archives skipped : 127
2014-04-18 21:02:06,401 INFO     Bad archives     : 0
2014-04-18 21:02:06,401 INFO     Time estimated:0 hours, 3 minutes, 1 seconds.
2014-04-18 21:42:46,144 INFO      ***** Starting sopds-scan...
